Copyright 1986-2022 Xilinx, Inc. All Rights Reserved. Copyright 2022-2025 Advanced Micro Devices, Inc. All Rights Reserved.
---------------------------------------------------------------------------------------------------------------------------------------------------------
| Tool Version : Vivado v.2025.2 (lin64) Build 6299465 Fri Nov 14 12:34:56 MST 2025
| Date         : Thu Jul  2 18:58:28 2026
| Host         : hp-HP-Pavilion-Laptop-14-ec0xxx running 64-bit Ubuntu 22.04.5 LTS
| Command      : report_drc -file audio_pipe_hw_wrapper_drc_routed.rpt -pb audio_pipe_hw_wrapper_drc_routed.pb -rpx audio_pipe_hw_wrapper_drc_routed.rpx
| Design       : audio_pipe_hw_wrapper
| Device       : xc7z010clg400-1
| Speed File   : -1
| Design State : Fully Routed
---------------------------------------------------------------------------------------------------------------------------------------------------------

Report DRC

Table of Contents
-----------------
1. REPORT SUMMARY
2. REPORT DETAILS

1. REPORT SUMMARY
-----------------
            Netlist: netlist
          Floorplan: design_1
      Design limits: <entire design considered>
           Ruledeck: default
             Max checks: <unlimited>
             Checks found: 1
+-----------+----------+-------------------+--------+
| Rule      | Severity | Description       | Checks |
+-----------+----------+-------------------+--------+
| RTSTAT-10 | Warning  | No routable loads | 1      |
+-----------+----------+-------------------+--------+

2. REPORT DETAILS
-----------------
RTSTAT-10#1 Warning
No routable loads  
69 net(s) have no routable loads. The problem bus(es) and/or net(s) are audio_pipe_hw_i/i2s_receiver_0/inst/I2S_RX_V1_0_SYS_INST/AXIS_FIFO_INST/xpm_fifo_async_inst/gnuram_async_fifo.xpm_fifo_base_inst/gen_sdpram.xpm_memory_base_inst/doutb[31],
audio_pipe_hw_i/i2s_receiver_0/inst/I2S_RX_V1_0_SYS_INST/AXIS_FIFO_INST/xpm_fifo_async_inst/gnuram_async_fifo.xpm_fifo_base_inst/gen_sdpram.xpm_memory_base_inst/doutb[32],
audio_pipe_hw_i/i2s_receiver_0/inst/I2S_RX_V1_0_SYS_INST/AXIS_FIFO_INST/xpm_fifo_async_inst/gnuram_async_fifo.xpm_fifo_base_inst/gen_sdpram.xpm_memory_base_inst/doutb[33],
audio_pipe_hw_i/i2s_receiver_0/inst/I2S_RX_V1_0_SYS_INST/AXIS_FIFO_INST/xpm_fifo_async_inst/gnuram_async_fifo.xpm_fifo_base_inst/gen_sdpram.xpm_memory_base_inst/doutb[34],
audio_pipe_hw_i/i2s_receiver_0/inst/I2S_RX_V1_0_SYS_INST/AXIS_FIFO_INST/xpm_fifo_async_inst/gnuram_async_fifo.xpm_fifo_base_inst/gen_sdpram.xpm_memory_base_inst/doutb[3],
audio_pipe_hw_i/i2s_receiver_0/inst/I2S_RX_V1_0_SYS_INST/AXIS_FIFO_INST/xpm_fifo_async_inst/gnuram_async_fifo.xpm_fifo_base_inst/gen_sdpram.xpm_memory_base_inst/doutb[4],
audio_pipe_hw_i/i2s_receiver_0/inst/I2S_RX_V1_0_SYS_INST/AXIS_FIFO_INST/xpm_fifo_async_inst/gnuram_async_fifo.xpm_fifo_base_inst/gen_sdpram.xpm_memory_base_inst/doutb[5],
audio_pipe_hw_i/i2s_receiver_0/inst/I2S_RX_V1_0_SYS_INST/AXIS_FIFO_INST/xpm_fifo_async_inst/gnuram_async_fifo.xpm_fifo_base_inst/gen_sdpram.xpm_memory_base_inst/doutb[6],
audio_pipe_hw_i/i2s_transmitter_0/inst/I2S_TX_V1_0_SYS_INST/AXIS_FIFO_INST/xpm_fifo_async_inst/gnuram_async_fifo.xpm_fifo_base_inst/gen_sdpram.xpm_memory_base_inst/doutb[31],
audio_pipe_hw_i/i2s_transmitter_0/inst/I2S_TX_V1_0_SYS_INST/AXIS_FIFO_INST/xpm_fifo_async_inst/gnuram_async_fifo.xpm_fifo_base_inst/gen_sdpram.xpm_memory_base_inst/doutb[32],
audio_pipe_hw_i/i2s_transmitter_0/inst/I2S_TX_V1_0_SYS_INST/AXIS_FIFO_INST/xpm_fifo_async_inst/gnuram_async_fifo.xpm_fifo_base_inst/gen_sdpram.xpm_memory_base_inst/doutb[33],
audio_pipe_hw_i/i2s_transmitter_0/inst/I2S_TX_V1_0_SYS_INST/AXIS_FIFO_INST/xpm_fifo_async_inst/gnuram_async_fifo.xpm_fifo_base_inst/gen_sdpram.xpm_memory_base_inst/doutb[3],
audio_pipe_hw_i/i2s_transmitter_0/inst/I2S_TX_V1_0_SYS_INST/AXIS_FIFO_INST/xpm_fifo_async_inst/gnuram_async_fifo.xpm_fifo_base_inst/gen_sdpram.xpm_memory_base_inst/doutb[4],
audio_pipe_hw_i/i2s_transmitter_0/inst/I2S_TX_V1_0_SYS_INST/AXIS_FIFO_INST/xpm_fifo_async_inst/gnuram_async_fifo.xpm_fifo_base_inst/gen_sdpram.xpm_memory_base_inst/doutb[5],
audio_pipe_hw_i/i2s_transmitter_0/inst/I2S_TX_V1_0_SYS_INST/AXIS_FIFO_INST/xpm_fifo_async_inst/gnuram_async_fifo.xpm_fifo_base_inst/gen_sdpram.xpm_memory_base_inst/doutb[6]
 (the first 15 of 48 listed nets/buses).
Related violations: <none>


