Copyright 1986-2022 Xilinx, Inc. All Rights Reserved. Copyright 2022-2025 Advanced Micro Devices, Inc. All Rights Reserved.
---------------------------------------------------------------------------------------------------------------------------------------------
| Tool Version : Vivado v.2025.2 (lin64) Build 6299465 Fri Nov 14 12:34:56 MST 2025
| Date         : Thu Jul  2 18:57:44 2026
| Host         : hp-HP-Pavilion-Laptop-14-ec0xxx running 64-bit Ubuntu 22.04.5 LTS
| Command      : report_control_sets -verbose -file audio_pipe_hw_wrapper_control_sets_placed.rpt
| Design       : audio_pipe_hw_wrapper
| Device       : xc7z010
---------------------------------------------------------------------------------------------------------------------------------------------

Control Set Information

Table of Contents
-----------------
1. Summary
2. Histogram
3. Flip-Flop Distribution
4. Detailed Control Set Information

1. Summary
----------

+----------------------------------------------------------+-------+
|                          Status                          | Count |
+----------------------------------------------------------+-------+
| Total control sets                                       |   143 |
|    Minimum number of control sets                        |   143 |
|    Addition due to synthesis replication                 |     0 |
|    Addition due to physical synthesis replication        |     0 |
| Unused register locations in slices containing registers |   489 |
+----------------------------------------------------------+-------+
* Control sets can be merged at opt_design using control_set_merge or merge_equivalent_drivers
** Run report_qor_suggestions for automated merging and remapping suggestions


2. Histogram
------------

+--------------------+-------+
|       Fanout       | Count |
+--------------------+-------+
| Total control sets |   143 |
| >= 0 to < 4        |    46 |
| >= 4 to < 6        |    14 |
| >= 6 to < 8        |     4 |
| >= 8 to < 10       |    20 |
| >= 10 to < 12      |     3 |
| >= 12 to < 14      |     7 |
| >= 14 to < 16      |     2 |
| >= 16              |    47 |
+--------------------+-------+
* Control sets can be remapped at either synth_design or opt_design


3. Flip-Flop Distribution
-------------------------

+--------------+-----------------------+------------------------+-----------------+--------------+
| Clock Enable | Synchronous Set/Reset | Asynchronous Set/Reset | Total Registers | Total Slices |
+--------------+-----------------------+------------------------+-----------------+--------------+
| No           | No                    | No                     |            1729 |          360 |
| No           | No                    | Yes                    |              77 |           26 |
| No           | Yes                   | No                     |             358 |          146 |
| Yes          | No                    | No                     |             650 |          129 |
| Yes          | No                    | Yes                    |               0 |            0 |
| Yes          | Yes                   | No                     |            1529 |          377 |
+--------------+-----------------------+------------------------+-----------------+--------------+


4. Detailed Control Set Information
-----------------------------------

+------------------------------------------------------+------------------------------------------------------------------------------------------------------------------------------------------------------------------------------------+--------------------------------------------------------------------------------------------------------------------------------------------------------------------------------------------------------+------------------+----------------+--------------+
|                     Clock Signal                     |                                                                                    Enable Signal                                                                                   |                                                                                            Set/Reset Signal                                                                                            | Slice Load Count | Bel Load Count | Bels / Slice |
+------------------------------------------------------+------------------------------------------------------------------------------------------------------------------------------------------------------------------------------------+--------------------------------------------------------------------------------------------------------------------------------------------------------------------------------------------------------+------------------+----------------+--------------+
|  audio_pipe_hw_i/processing_system7_0/inst/FCLK_CLK0 |                                                                                                                                                                                    | audio_pipe_hw_i/axi_smc/inst/s00_nodes/s00_ar_node/inst/s_sc_areset_pipe                                                                                                                               |                1 |              1 |         1.00 |
|  audio_pipe_hw_i/processing_system7_0/inst/FCLK_CLK0 |                                                                                                                                                                                    | audio_pipe_hw_i/axi_smc/inst/m01_nodes/m01_ar_node/inst/s_sc_areset_pipe                                                                                                                               |                1 |              1 |         1.00 |
|  audio_pipe_hw_i/processing_system7_0/inst/FCLK_CLK0 |                                                                                                                                                                                    | audio_pipe_hw_i/axi_smc/inst/m01_nodes/m01_b_node/inst/s_sc_areset_pipe                                                                                                                                |                1 |              1 |         1.00 |
|  audio_pipe_hw_i/processing_system7_0/inst/FCLK_CLK0 |                                                                                                                                                                                    | audio_pipe_hw_i/axi_smc/inst/m01_nodes/m01_aw_node/inst/s_sc_areset_pipe                                                                                                                               |                1 |              1 |         1.00 |
|  audio_pipe_hw_i/processing_system7_0/inst/FCLK_CLK0 |                                                                                                                                                                                    | audio_pipe_hw_i/axi_smc/inst/m00_nodes/m00_b_node/inst/s_sc_areset_pipe                                                                                                                                |                1 |              1 |         1.00 |
|  audio_pipe_hw_i/processing_system7_0/inst/FCLK_CLK0 |                                                                                                                                                                                    | audio_pipe_hw_i/axi_smc/inst/m00_nodes/m00_aw_node/inst/s_sc_areset_pipe                                                                                                                               |                1 |              1 |         1.00 |
|  audio_pipe_hw_i/processing_system7_0/inst/FCLK_CLK0 |                                                                                                                                                                                    | audio_pipe_hw_i/axi_smc/inst/m01_nodes/m01_r_node/inst/s_sc_areset_pipe                                                                                                                                |                1 |              1 |         1.00 |
|  audio_pipe_hw_i/processing_system7_0/inst/FCLK_CLK0 |                                                                                                                                                                                    | audio_pipe_hw_i/axi_smc/inst/m01_nodes/m01_w_node/inst/s_sc_areset_pipe                                                                                                                                |                1 |              1 |         1.00 |
|  audio_pipe_hw_i/processing_system7_0/inst/FCLK_CLK0 |                                                                                                                                                                                    | audio_pipe_hw_i/axi_smc/inst/s00_nodes/s00_r_node/inst/s_sc_areset_pipe                                                                                                                                |                1 |              1 |         1.00 |
|  audio_pipe_hw_i/processing_system7_0/inst/FCLK_CLK0 |                                                                                                                                                                                    | audio_pipe_hw_i/axi_smc/inst/m00_nodes/m00_r_node/inst/s_sc_areset_pipe                                                                                                                                |                1 |              1 |         1.00 |
|  audio_pipe_hw_i/processing_system7_0/inst/FCLK_CLK0 |                                                                                                                                                                                    | audio_pipe_hw_i/axi_smc/inst/s00_nodes/s00_w_node/inst/s_sc_areset_pipe                                                                                                                                |                1 |              1 |         1.00 |
|  audio_pipe_hw_i/processing_system7_0/inst/FCLK_CLK0 |                                                                                                                                                                                    | audio_pipe_hw_i/axi_smc/inst/switchboards/i_nodes/i_ar_node/inst/s_sc_areset_pipe                                                                                                                      |                1 |              1 |         1.00 |
|  audio_pipe_hw_i/processing_system7_0/inst/FCLK_CLK0 |                                                                                                                                                                                    | audio_pipe_hw_i/axi_smc/inst/switchboards/i_nodes/i_r_node/inst/s_sc_areset_pipe                                                                                                                       |                1 |              1 |         1.00 |
|  audio_pipe_hw_i/processing_system7_0/inst/FCLK_CLK0 |                                                                                                                                                                                    | audio_pipe_hw_i/axi_smc/inst/m00_nodes/m00_ar_node/inst/s_sc_areset_pipe                                                                                                                               |                1 |              1 |         1.00 |
|  audio_pipe_hw_i/processing_system7_0/inst/FCLK_CLK0 |                                                                                                                                                                                    | audio_pipe_hw_i/axi_smc/inst/switchboards/i_nodes/i_aw_node/inst/s_sc_areset_pipe                                                                                                                      |                1 |              1 |         1.00 |
|  audio_pipe_hw_i/processing_system7_0/inst/FCLK_CLK0 |                                                                                                                                                                                    | audio_pipe_hw_i/axi_smc/inst/switchboards/i_nodes/i_b_node/inst/s_sc_areset_pipe                                                                                                                       |                1 |              1 |         1.00 |
|  audio_pipe_hw_i/processing_system7_0/inst/FCLK_CLK0 |                                                                                                                                                                                    | audio_pipe_hw_i/axi_smc/inst/m00_nodes/m00_w_node/inst/s_sc_areset_pipe                                                                                                                                |                1 |              1 |         1.00 |
|  audio_pipe_hw_i/processing_system7_0/inst/FCLK_CLK0 |                                                                                                                                                                                    | audio_pipe_hw_i/axi_smc/inst/switchboards/i_nodes/i_w_node/inst/s_sc_areset_pipe                                                                                                                       |                1 |              1 |         1.00 |
|  audio_pipe_hw_i/processing_system7_0/inst/FCLK_CLK0 |                                                                                                                                                                                    | audio_pipe_hw_i/axi_smc/inst/s00_nodes/s00_aw_node/inst/s_sc_areset_pipe                                                                                                                               |                1 |              1 |         1.00 |
|  audio_pipe_hw_i/processing_system7_0/inst/FCLK_CLK0 |                                                                                                                                                                                    | audio_pipe_hw_i/axi_smc/inst/s00_nodes/s00_b_node/inst/s_sc_areset_pipe                                                                                                                                |                1 |              1 |         1.00 |
|  audio_pipe_hw_i/processing_system7_0/inst/FCLK_CLK0 |                                                                                                                                                                                    | audio_pipe_hw_i/proc_sys_reset_0/U0/peripheral_reset[0]                                                                                                                                                |                1 |              2 |         2.00 |
|  audio_pipe_hw_i/processing_system7_0/inst/FCLK_CLK0 |                                                                                                                                                                                    | audio_pipe_hw_i/axi_smc/inst/m00_nodes/m00_aw_node/inst/s_sc_xpm_cdc_async_rst_inst/reset_pol                                                                                                          |                1 |              3 |         3.00 |
|  audio_pipe_hw_i/processing_system7_0/inst/FCLK_CLK0 |                                                                                                                                                                                    | audio_pipe_hw_i/axi_smc/inst/m01_nodes/m01_ar_node/inst/s_sc_xpm_cdc_async_rst_inst/reset_pol                                                                                                          |                1 |              3 |         3.00 |
|  audio_pipe_hw_i/processing_system7_0/inst/FCLK_CLK0 |                                                                                                                                                                                    | audio_pipe_hw_i/axi_smc/inst/m01_nodes/m01_w_node/inst/s_sc_xpm_cdc_async_rst_inst/reset_pol                                                                                                           |                1 |              3 |         3.00 |
|  audio_pipe_hw_i/processing_system7_0/inst/FCLK_CLK0 |                                                                                                                                                                                    | audio_pipe_hw_i/axi_smc/inst/m00_nodes/m00_b_node/inst/s_sc_xpm_cdc_async_rst_inst/reset_pol                                                                                                           |                1 |              3 |         3.00 |
|  audio_pipe_hw_i/processing_system7_0/inst/FCLK_CLK0 |                                                                                                                                                                                    | audio_pipe_hw_i/axi_smc/inst/s00_nodes/s00_aw_node/inst/s_sc_xpm_cdc_async_rst_inst/reset_pol                                                                                                          |                1 |              3 |         3.00 |
|  audio_pipe_hw_i/processing_system7_0/inst/FCLK_CLK0 |                                                                                                                                                                                    | audio_pipe_hw_i/axi_smc/inst/s00_nodes/s00_ar_node/inst/s_sc_xpm_cdc_async_rst_inst/reset_pol                                                                                                          |                1 |              3 |         3.00 |
|  audio_pipe_hw_i/processing_system7_0/inst/FCLK_CLK0 |                                                                                                                                                                                    | audio_pipe_hw_i/axi_smc/inst/s00_nodes/s00_b_node/inst/s_sc_xpm_cdc_async_rst_inst/reset_pol                                                                                                           |                1 |              3 |         3.00 |
|  audio_pipe_hw_i/processing_system7_0/inst/FCLK_CLK0 |                                                                                                                                                                                    | audio_pipe_hw_i/axi_smc/inst/s00_entry_pipeline/s00_transaction_regulator/inst/xpm_cdc_async_rst_inst/reset_pol                                                                                        |                1 |              3 |         3.00 |
|  audio_pipe_hw_i/processing_system7_0/inst/FCLK_CLK0 |                                                                                                                                                                                    | audio_pipe_hw_i/axi_smc/inst/s00_entry_pipeline/s00_si_converter/inst/xpm_cdc_async_rst_inst/reset_pol                                                                                                 |                1 |              3 |         3.00 |
|  audio_pipe_hw_i/processing_system7_0/inst/FCLK_CLK0 |                                                                                                                                                                                    | audio_pipe_hw_i/axi_smc/inst/s00_entry_pipeline/s00_mmu/inst/xpm_cdc_async_rst_inst/reset_pol                                                                                                          |                1 |              3 |         3.00 |
|  audio_pipe_hw_i/processing_system7_0/inst/FCLK_CLK0 |                                                                                                                                                                                    | audio_pipe_hw_i/axi_smc/inst/m00_nodes/m00_r_node/inst/s_sc_xpm_cdc_async_rst_inst/reset_pol                                                                                                           |                1 |              3 |         3.00 |
|  audio_pipe_hw_i/processing_system7_0/inst/FCLK_CLK0 |                                                                                                                                                                                    | audio_pipe_hw_i/axi_smc/inst/m00_nodes/m00_w_node/inst/s_sc_xpm_cdc_async_rst_inst/reset_pol                                                                                                           |                1 |              3 |         3.00 |
|  audio_pipe_hw_i/processing_system7_0/inst/FCLK_CLK0 |                                                                                                                                                                                    | audio_pipe_hw_i/axi_smc/inst/m00_nodes/m00_ar_node/inst/s_sc_xpm_cdc_async_rst_inst/reset_pol                                                                                                          |                1 |              3 |         3.00 |
|  audio_pipe_hw_i/processing_system7_0/inst/FCLK_CLK0 |                                                                                                                                                                                    | audio_pipe_hw_i/axi_smc/inst/m00_exit_pipeline/m00_exit/inst/xpm_cdc_async_rst_inst/reset_pol                                                                                                          |                1 |              3 |         3.00 |
|  audio_pipe_hw_i/processing_system7_0/inst/FCLK_CLK0 |                                                                                                                                                                                    | audio_pipe_hw_i/axi_smc/inst/m01_nodes/m01_b_node/inst/s_sc_xpm_cdc_async_rst_inst/reset_pol                                                                                                           |                1 |              3 |         3.00 |
|  audio_pipe_hw_i/processing_system7_0/inst/FCLK_CLK0 |                                                                                                                                                                                    | audio_pipe_hw_i/axi_smc/inst/switchboards/i_nodes/i_w_node/inst/s_sc_xpm_cdc_async_rst_inst/reset_pol                                                                                                  |                1 |              3 |         3.00 |
|  audio_pipe_hw_i/processing_system7_0/inst/FCLK_CLK0 |                                                                                                                                                                                    | audio_pipe_hw_i/axi_smc/inst/switchboards/i_nodes/i_r_node/inst/s_sc_xpm_cdc_async_rst_inst/reset_pol                                                                                                  |                1 |              3 |         3.00 |
|  audio_pipe_hw_i/processing_system7_0/inst/FCLK_CLK0 |                                                                                                                                                                                    | audio_pipe_hw_i/axi_smc/inst/switchboards/i_nodes/i_b_node/inst/s_sc_xpm_cdc_async_rst_inst/reset_pol                                                                                                  |                1 |              3 |         3.00 |
|  audio_pipe_hw_i/processing_system7_0/inst/FCLK_CLK0 |                                                                                                                                                                                    | audio_pipe_hw_i/axi_smc/inst/switchboards/i_nodes/i_aw_node/inst/s_sc_xpm_cdc_async_rst_inst/reset_pol                                                                                                 |                1 |              3 |         3.00 |
|  audio_pipe_hw_i/processing_system7_0/inst/FCLK_CLK0 |                                                                                                                                                                                    | audio_pipe_hw_i/axi_smc/inst/switchboards/i_nodes/i_ar_node/inst/s_sc_xpm_cdc_async_rst_inst/reset_pol                                                                                                 |                1 |              3 |         3.00 |
|  audio_pipe_hw_i/processing_system7_0/inst/FCLK_CLK0 |                                                                                                                                                                                    | audio_pipe_hw_i/axi_smc/inst/s00_nodes/s00_w_node/inst/s_sc_xpm_cdc_async_rst_inst/reset_pol                                                                                                           |                1 |              3 |         3.00 |
|  audio_pipe_hw_i/processing_system7_0/inst/FCLK_CLK0 |                                                                                                                                                                                    | audio_pipe_hw_i/axi_smc/inst/s00_nodes/s00_r_node/inst/s_sc_xpm_cdc_async_rst_inst/reset_pol                                                                                                           |                1 |              3 |         3.00 |
|  audio_pipe_hw_i/processing_system7_0/inst/FCLK_CLK0 |                                                                                                                                                                                    | audio_pipe_hw_i/axi_smc/inst/m01_exit_pipeline/m01_exit/inst/xpm_cdc_async_rst_inst/reset_pol                                                                                                          |                1 |              3 |         3.00 |
|  audio_pipe_hw_i/processing_system7_0/inst/FCLK_CLK0 |                                                                                                                                                                                    | audio_pipe_hw_i/axi_smc/inst/m01_nodes/m01_r_node/inst/s_sc_xpm_cdc_async_rst_inst/reset_pol                                                                                                           |                1 |              3 |         3.00 |
|  audio_pipe_hw_i/processing_system7_0/inst/FCLK_CLK0 |                                                                                                                                                                                    | audio_pipe_hw_i/axi_smc/inst/m01_nodes/m01_aw_node/inst/s_sc_xpm_cdc_async_rst_inst/reset_pol                                                                                                          |                1 |              3 |         3.00 |
|  audio_pipe_hw_i/clk_wiz_0/inst/clk_out1             |                                                                                                                                                                                    | audio_pipe_hw_i/proc_sys_reset_0/U0/EXT_LPF/lpf_int                                                                                                                                                    |                2 |              4 |         2.00 |
|  audio_pipe_hw_i/processing_system7_0/inst/FCLK_CLK0 |                                                                                                                                                                                    | audio_pipe_hw_i/rst_ps7_0_50M/U0/EXT_LPF/lpf_int                                                                                                                                                       |                3 |              4 |         1.33 |
|  audio_pipe_hw_i/processing_system7_0/inst/FCLK_CLK0 |                                                                                                                                                                                    | audio_pipe_hw_i/i2s_receiver_0/inst/I2S_RX_V1_0_SYS_INST/iRst13_in                                                                                                                                     |                1 |              4 |         4.00 |
|  audio_pipe_hw_i/processing_system7_0/inst/FCLK_CLK0 |                                                                                                                                                                                    | audio_pipe_hw_i/i2s_transmitter_0/inst/I2S_TX_V1_0_SYS_INST/AXIS_FIFO_INST/xpm_fifo_async_inst/gnuram_async_fifo.xpm_fifo_base_inst/xpm_fifo_rst_inst/FSM_onehot_gen_rst_ic.curr_wrst_state[4]_i_1_n_0 |                2 |              4 |         2.00 |
|  audio_pipe_hw_i/processing_system7_0/inst/FCLK_CLK0 | audio_pipe_hw_i/axi_smc/inst/s00_entry_pipeline/s00_si_converter/inst/gen_axilite_conv.axilite_conv_inst/aw_incr[0]                                                                | audio_pipe_hw_i/axi_smc/inst/s00_entry_pipeline/s00_si_converter/inst/areset                                                                                                                           |                1 |              4 |         4.00 |
|  audio_pipe_hw_i/processing_system7_0/inst/FCLK_CLK0 | audio_pipe_hw_i/axi_smc/inst/s00_entry_pipeline/s00_si_converter/inst/gen_axilite_conv.axilite_conv_inst/r_state[0]                                                                | audio_pipe_hw_i/axi_smc/inst/s00_entry_pipeline/s00_si_converter/inst/areset                                                                                                                           |                1 |              4 |         4.00 |
|  audio_pipe_hw_i/processing_system7_0/inst/FCLK_CLK0 | audio_pipe_hw_i/rst_ps7_0_50M/U0/peripheral_aresetn[0]                                                                                                                             | audio_pipe_hw_i/i2s_transmitter_0/inst/I2S_TX_V1_0_SYS_INST/I2S_TX_V1_0_AXI_INST/rClearIrqs[0]                                                                                                         |                1 |              4 |         4.00 |
|  audio_pipe_hw_i/processing_system7_0/inst/FCLK_CLK0 | audio_pipe_hw_i/i2s_receiver_0/inst/I2S_RX_V1_0_SYS_INST/I2S_RX_V1_0_AXI_INST/FSM_onehot_stmRead[3]_i_1_n_0                                                                        | audio_pipe_hw_i/i2s_receiver_0/inst/I2S_RX_V1_0_SYS_INST/I2S_RX_V1_0_AXI_INST/dest_rst                                                                                                                 |                1 |              4 |         4.00 |
|  audio_pipe_hw_i/processing_system7_0/inst/FCLK_CLK0 | audio_pipe_hw_i/i2s_receiver_0/inst/I2S_RX_V1_0_SYS_INST/I2S_RX_V1_0_AXI_INST/rEnable_i_1_n_0                                                                                      | audio_pipe_hw_i/i2s_receiver_0/inst/I2S_RX_V1_0_SYS_INST/I2S_RX_V1_0_AXI_INST/dest_rst                                                                                                                 |                1 |              4 |         4.00 |
|  audio_pipe_hw_i/processing_system7_0/inst/FCLK_CLK0 | audio_pipe_hw_i/i2s_transmitter_0/inst/I2S_TX_V1_0_SYS_INST/I2S_TX_V1_0_AXI_INST/FSM_onehot_stmRead[3]_i_1_n_0                                                                     | audio_pipe_hw_i/i2s_transmitter_0/inst/I2S_TX_V1_0_SYS_INST/I2S_TX_V1_0_AXI_INST/SR[0]                                                                                                                 |                1 |              4 |         4.00 |
|  audio_pipe_hw_i/processing_system7_0/inst/FCLK_CLK0 |                                                                                                                                                                                    | audio_pipe_hw_i/axi_smc/inst/clk_map/psr_aclk/U0/EXT_LPF/lpf_int                                                                                                                                       |                1 |              4 |         4.00 |
|  audio_pipe_hw_i/clk_wiz_0/inst/clk_out1             |                                                                                                                                                                                    | audio_pipe_hw_i/i2s_receiver_0/inst/I2S_RX_V1_0_SYS_INST/AXIS_FIFO_INST/xpm_fifo_async_inst/gnuram_async_fifo.xpm_fifo_base_inst/xpm_fifo_rst_inst/FSM_onehot_gen_rst_ic.curr_wrst_state[4]_i_1_n_0    |                2 |              4 |         2.00 |
|  audio_pipe_hw_i/processing_system7_0/inst/FCLK_CLK0 | audio_pipe_hw_i/i2s_transmitter_0/inst/I2S_TX_V1_0_SYS_INST/I2S_TX_V1_0_AXI_INST/rIrqEnables[31]_i_1_n_0                                                                           | audio_pipe_hw_i/i2s_transmitter_0/inst/I2S_TX_V1_0_SYS_INST/I2S_TX_V1_0_AXI_INST/SR[0]                                                                                                                 |                1 |              5 |         5.00 |
|  audio_pipe_hw_i/processing_system7_0/inst/FCLK_CLK0 |                                                                                                                                                                                    | audio_pipe_hw_i/i2s_transmitter_0/inst/I2S_TX_V1_0_SYS_INST/I2S_TX_V1_0_AES_DECODE_INST/iRst0                                                                                                          |                3 |              5 |         1.67 |
|  audio_pipe_hw_i/processing_system7_0/inst/FCLK_CLK0 | audio_pipe_hw_i/axi_smc/inst/clk_map/psr_aclk/U0/SEQ/seq_cnt_en                                                                                                                    | audio_pipe_hw_i/axi_smc/inst/clk_map/psr_aclk/U0/SEQ/SEQ_COUNTER/clear                                                                                                                                 |                1 |              6 |         6.00 |
|  audio_pipe_hw_i/processing_system7_0/inst/FCLK_CLK0 | audio_pipe_hw_i/i2s_transmitter_0/inst/I2S_TX_V1_0_SYS_INST/AXIS_FIFO_INST/s_axis_aud_tvalid_0[0]                                                                                  | audio_pipe_hw_i/i2s_transmitter_0/inst/I2S_TX_V1_0_SYS_INST/I2S_TX_V1_0_AES_DECODE_INST/iRst0                                                                                                          |                2 |              6 |         3.00 |
|  audio_pipe_hw_i/processing_system7_0/inst/FCLK_CLK0 | audio_pipe_hw_i/rst_ps7_0_50M/U0/SEQ/seq_cnt_en                                                                                                                                    | audio_pipe_hw_i/rst_ps7_0_50M/U0/SEQ/SEQ_COUNTER/clear                                                                                                                                                 |                1 |              6 |         6.00 |
|  audio_pipe_hw_i/clk_wiz_0/inst/clk_out1             | audio_pipe_hw_i/proc_sys_reset_0/U0/SEQ/seq_cnt_en                                                                                                                                 | audio_pipe_hw_i/proc_sys_reset_0/U0/SEQ/SEQ_COUNTER/clear                                                                                                                                              |                1 |              6 |         6.00 |
|  audio_pipe_hw_i/processing_system7_0/inst/FCLK_CLK0 | audio_pipe_hw_i/i2s_receiver_0/inst/I2S_RX_V1_0_SYS_INST/I2S_RX_V1_0_AXI_INST/rSclkDiv[7]_i_1_n_0                                                                                  | audio_pipe_hw_i/i2s_receiver_0/inst/I2S_RX_V1_0_SYS_INST/I2S_RX_V1_0_AXI_INST/dest_rst                                                                                                                 |                1 |              8 |         8.00 |
|  audio_pipe_hw_i/processing_system7_0/inst/FCLK_CLK0 | audio_pipe_hw_i/i2s_transmitter_0/inst/I2S_TX_V1_0_SYS_INST/I2S_TX_V1_0_AES_DECODE_INST/rAudioFrameCount[0]                                                                        | audio_pipe_hw_i/i2s_transmitter_0/inst/I2S_TX_V1_0_SYS_INST/I2S_TX_V1_0_AES_DECODE_INST/iRst0                                                                                                          |                3 |              8 |         2.67 |
|  audio_pipe_hw_i/processing_system7_0/inst/FCLK_CLK0 | audio_pipe_hw_i/axi_smc/inst/s00_entry_pipeline/s00_si_converter/inst/gen_axilite_conv.axilite_conv_inst/ar_cnt[7]_i_1_n_0                                                         | audio_pipe_hw_i/axi_smc/inst/s00_entry_pipeline/s00_si_converter/inst/areset                                                                                                                           |                3 |              8 |         2.67 |
|  audio_pipe_hw_i/processing_system7_0/inst/FCLK_CLK0 | audio_pipe_hw_i/axi_smc/inst/s00_entry_pipeline/s00_si_converter/inst/gen_axilite_conv.axilite_conv_inst/r_beats[7]_i_1_n_0                                                        | audio_pipe_hw_i/axi_smc/inst/s00_entry_pipeline/s00_si_converter/inst/areset                                                                                                                           |                3 |              8 |         2.67 |
|  audio_pipe_hw_i/processing_system7_0/inst/FCLK_CLK0 |                                                                                                                                                                                    | audio_pipe_hw_i/i2s_transmitter_0/inst/I2S_TX_V1_0_SYS_INST/iRst1                                                                                                                                      |                2 |              8 |         4.00 |
|  audio_pipe_hw_i/processing_system7_0/inst/FCLK_CLK0 | audio_pipe_hw_i/i2s_transmitter_0/inst/I2S_TX_V1_0_SYS_INST/I2S_TX_V1_0_AXI_INST/rReadAddr[7]_i_1_n_0                                                                              | audio_pipe_hw_i/i2s_transmitter_0/inst/I2S_TX_V1_0_SYS_INST/I2S_TX_V1_0_AXI_INST/SR[0]                                                                                                                 |                1 |              8 |         8.00 |
|  audio_pipe_hw_i/clk_wiz_0/inst/clk_out1             |                                                                                                                                                                                    | audio_pipe_hw_i/i2s_transmitter_0/inst/I2S_TX_V1_0_SYS_INST/AXIS_FIFO_INST/xpm_fifo_async_inst/gnuram_async_fifo.xpm_fifo_base_inst/xpm_fifo_rst_inst/SR[0]                                            |                2 |              8 |         4.00 |
|  audio_pipe_hw_i/processing_system7_0/inst/FCLK_CLK0 | audio_pipe_hw_i/i2s_transmitter_0/inst/I2S_TX_V1_0_SYS_INST/I2S_TX_V1_0_AXI_INST/rSclkDiv[7]_i_1_n_0                                                                               | audio_pipe_hw_i/i2s_transmitter_0/inst/I2S_TX_V1_0_SYS_INST/I2S_TX_V1_0_AXI_INST/SR[0]                                                                                                                 |                4 |              8 |         2.00 |
|  audio_pipe_hw_i/processing_system7_0/inst/FCLK_CLK0 |                                                                                                                                                                                    | audio_pipe_hw_i/i2s_receiver_0/inst/I2S_RX_V1_0_SYS_INST/I2S_RX_V1_0_AES_ENCODER_INST/SR[0]                                                                                                            |                4 |              8 |         2.00 |
|  audio_pipe_hw_i/clk_wiz_0/inst/clk_out1             |                                                                                                                                                                                    | audio_pipe_hw_i/i2s_receiver_0/inst/I2S_RX_V1_0_SYS_INST/I2S_RX_V1_0_TIMGEN_INST/rDivCounter[7]_i_1_n_0                                                                                                |                2 |              8 |         4.00 |
|  audio_pipe_hw_i/processing_system7_0/inst/FCLK_CLK0 |                                                                                                                                                                                    | audio_pipe_hw_i/i2s_receiver_0/inst/I2S_RX_V1_0_SYS_INST/AXIS_FIFO_INST/xpm_fifo_async_inst/gnuram_async_fifo.xpm_fifo_base_inst/xpm_fifo_rst_inst/SR[0]                                               |                2 |              8 |         4.00 |
|  audio_pipe_hw_i/processing_system7_0/inst/FCLK_CLK0 |                                                                                                                                                                                    | audio_pipe_hw_i/axi_smc/inst/switchboards/i_nodes/i_r_node/inst/inst_si_handler/areset_r                                                                                                               |                3 |              8 |         2.67 |
|  audio_pipe_hw_i/processing_system7_0/inst/FCLK_CLK0 | audio_pipe_hw_i/i2s_receiver_0/inst/I2S_RX_V1_0_SYS_INST/I2S_RX_V1_0_AES_ENCODER_INST/rAudioFrameCount[0]                                                                          | audio_pipe_hw_i/i2s_receiver_0/inst/I2S_RX_V1_0_SYS_INST/I2S_RX_V1_0_AES_ENCODER_INST/rAudioFrameCount[7]_i_1_n_0                                                                                      |                2 |              8 |         4.00 |
|  audio_pipe_hw_i/processing_system7_0/inst/FCLK_CLK0 |                                                                                                                                                                                    | audio_pipe_hw_i/axi_smc/inst/switchboards/i_nodes/i_b_node/inst/inst_si_handler/areset_r                                                                                                               |                3 |              8 |         2.67 |
|  audio_pipe_hw_i/processing_system7_0/inst/FCLK_CLK0 | audio_pipe_hw_i/i2s_transmitter_0/inst/I2S_TX_V1_0_SYS_INST/I2S_TX_V1_0_AXI_INST/rWriteAddr[0]                                                                                     | audio_pipe_hw_i/i2s_transmitter_0/inst/I2S_TX_V1_0_SYS_INST/I2S_TX_V1_0_AXI_INST/SR[0]                                                                                                                 |                2 |              8 |         4.00 |
|  audio_pipe_hw_i/processing_system7_0/inst/FCLK_CLK0 | audio_pipe_hw_i/i2s_receiver_0/inst/I2S_RX_V1_0_SYS_INST/I2S_RX_V1_0_AXI_INST/rReadAddr[7]_i_1_n_0                                                                                 | audio_pipe_hw_i/i2s_receiver_0/inst/I2S_RX_V1_0_SYS_INST/I2S_RX_V1_0_AXI_INST/dest_rst                                                                                                                 |                1 |              8 |         8.00 |
|  audio_pipe_hw_i/processing_system7_0/inst/FCLK_CLK0 | audio_pipe_hw_i/axi_smc/inst/s00_entry_pipeline/s00_mmu/inst/gen_endpoint.decerr_slave_inst/gen_axi.gen_read.read_cnt[7]_i_1_n_0                                                   | audio_pipe_hw_i/axi_smc/inst/s00_entry_pipeline/s00_mmu/inst/areset                                                                                                                                    |                2 |              8 |         4.00 |
|  audio_pipe_hw_i/processing_system7_0/inst/FCLK_CLK0 | audio_pipe_hw_i/i2s_receiver_0/inst/I2S_RX_V1_0_SYS_INST/I2S_RX_V1_0_AXI_INST/rWriteAddr[0]                                                                                        | audio_pipe_hw_i/i2s_receiver_0/inst/I2S_RX_V1_0_SYS_INST/I2S_RX_V1_0_AXI_INST/dest_rst                                                                                                                 |                1 |              8 |         8.00 |
|  audio_pipe_hw_i/processing_system7_0/inst/FCLK_CLK0 | audio_pipe_hw_i/axi_smc/inst/s00_entry_pipeline/s00_si_converter/inst/gen_axilite_conv.axilite_conv_inst/s_buser[0]                                                                | audio_pipe_hw_i/axi_smc/inst/s00_entry_pipeline/s00_si_converter/inst/gen_axilite_conv.axilite_conv_inst/b_cnt[8]_i_1_n_0                                                                              |                3 |              9 |         3.00 |
|  audio_pipe_hw_i/processing_system7_0/inst/FCLK_CLK0 | audio_pipe_hw_i/axi_smc/inst/s00_entry_pipeline/s00_si_converter/inst/gen_axilite_conv.axilite_conv_inst/w_cnt[8]_i_1_n_0                                                          | audio_pipe_hw_i/axi_smc/inst/s00_entry_pipeline/s00_si_converter/inst/areset                                                                                                                           |                3 |              9 |         3.00 |
|  audio_pipe_hw_i/processing_system7_0/inst/FCLK_CLK0 | audio_pipe_hw_i/axi_smc/inst/switchboards/i_nodes/i_ar_node/inst/inst_mi_handler/gen_normal_area.inst_fifo_node_payld/gen_reg_fifo.inst_reg_fifo/gen_single_rank.data[132]_i_1_n_0 |                                                                                                                                                                                                        |                2 |             10 |         5.00 |
|  audio_pipe_hw_i/clk_wiz_0/inst/clk_out1             |                                                                                                                                                                                    | audio_pipe_hw_i/i2s_transmitter_0/inst/I2S_TX_V1_0_SYS_INST/genblk4[0].I2S_TX_V1_0_SER_INST/iMRst0                                                                                                     |                5 |             10 |         2.00 |
|  audio_pipe_hw_i/processing_system7_0/inst/FCLK_CLK0 | audio_pipe_hw_i/axi_smc/inst/switchboards/i_nodes/i_aw_node/inst/inst_mi_handler/gen_normal_area.inst_fifo_node_payld/gen_reg_fifo.inst_reg_fifo/gen_single_rank.data[132]_i_1_n_0 |                                                                                                                                                                                                        |                2 |             10 |         5.00 |
|  audio_pipe_hw_i/processing_system7_0/inst/FCLK_CLK0 | audio_pipe_hw_i/axi_smc/inst/s00_entry_pipeline/s00_transaction_regulator/inst/gen_endpoint.gen_w_singleorder.w_singleorder/gen_id_reg.s_rid_i0                                    |                                                                                                                                                                                                        |                3 |             12 |         4.00 |
|  audio_pipe_hw_i/processing_system7_0/inst/FCLK_CLK0 | audio_pipe_hw_i/axi_smc/inst/s00_entry_pipeline/s00_transaction_regulator/inst/gen_endpoint.gen_r_singleorder.r_singleorder/gen_id_reg.s_rid_i0                                    |                                                                                                                                                                                                        |                3 |             12 |         4.00 |
|  audio_pipe_hw_i/processing_system7_0/inst/FCLK_CLK0 | audio_pipe_hw_i/axi_smc/inst/s00_entry_pipeline/s00_si_converter/inst/gen_axilite_conv.axilite_conv_inst/aw_addr[7]_i_1_n_0                                                        | audio_pipe_hw_i/axi_smc/inst/s00_entry_pipeline/s00_si_converter/inst/areset                                                                                                                           |                4 |             12 |         3.00 |
|  audio_pipe_hw_i/processing_system7_0/inst/FCLK_CLK0 | audio_pipe_hw_i/axi_smc/inst/s00_entry_pipeline/s00_mmu/inst/gen_endpoint.decerr_slave_inst/gen_axi.gen_read.s_axi_rid_i[11]_i_1_n_0                                               | audio_pipe_hw_i/axi_smc/inst/s00_entry_pipeline/s00_mmu/inst/areset                                                                                                                                    |                2 |             12 |         6.00 |
|  audio_pipe_hw_i/processing_system7_0/inst/FCLK_CLK0 | audio_pipe_hw_i/axi_smc/inst/s00_entry_pipeline/s00_si_converter/inst/gen_axilite_conv.axilite_conv_inst/ar_addr_d[7]_i_1_n_0                                                      | audio_pipe_hw_i/axi_smc/inst/s00_entry_pipeline/s00_si_converter/inst/areset                                                                                                                           |                7 |             12 |         1.71 |
|  audio_pipe_hw_i/processing_system7_0/inst/FCLK_CLK0 | audio_pipe_hw_i/axi_smc/inst/s00_entry_pipeline/s00_mmu/inst/gen_endpoint.decerr_slave_inst/gen_axi.gen_write.s_axi_bid_i[11]_i_1_n_0                                              | audio_pipe_hw_i/axi_smc/inst/s00_entry_pipeline/s00_mmu/inst/areset                                                                                                                                    |                4 |             12 |         3.00 |
|  audio_pipe_hw_i/clk_wiz_0/inst/clk_out1             |                                                                                                                                                                                    | audio_pipe_hw_i/i2s_receiver_0/inst/I2S_RX_V1_0_SYS_INST/I2S_RX_V1_0_TIMGEN_INST/iMRst0                                                                                                                |                5 |             13 |         2.60 |
|  audio_pipe_hw_i/processing_system7_0/inst/FCLK_CLK0 | audio_pipe_hw_i/i2s_receiver_0/inst/I2S_RX_V1_0_SYS_INST/AXIS_FIFO_INST/xpm_fifo_async_inst/gnuram_async_fifo.xpm_fifo_base_inst/rdp_inst/E[0]                                     | audio_pipe_hw_i/i2s_receiver_0/inst/I2S_RX_V1_0_SYS_INST/AXIS_FIFO_INST/xpm_fifo_async_inst/gnuram_async_fifo.xpm_fifo_base_inst/xpm_fifo_rst_inst/gen_rst_ic.fifo_rd_rst_ic_reg_0                     |                7 |             15 |         2.14 |
|  audio_pipe_hw_i/clk_wiz_0/inst/clk_out1             | audio_pipe_hw_i/i2s_transmitter_0/inst/I2S_TX_V1_0_SYS_INST/AXIS_FIFO_INST/xpm_fifo_async_inst/gnuram_async_fifo.xpm_fifo_base_inst/rdp_inst/E[0]                                  | audio_pipe_hw_i/i2s_transmitter_0/inst/I2S_TX_V1_0_SYS_INST/AXIS_FIFO_INST/xpm_fifo_async_inst/gnuram_async_fifo.xpm_fifo_base_inst/xpm_fifo_rst_inst/gen_rst_ic.fifo_rd_rst_ic_reg_0                  |                6 |             15 |         2.50 |
|  audio_pipe_hw_i/clk_wiz_0/inst/clk_out1             | audio_pipe_hw_i/i2s_receiver_0/inst/I2S_RX_V1_0_SYS_INST/I2S_RX_V1_0_TIMGEN_INST/rLRClkCounter[0]                                                                                  | audio_pipe_hw_i/i2s_receiver_0/inst/I2S_RX_V1_0_SYS_INST/I2S_RX_V1_0_TIMGEN_INST/rLRClkCounter[0]_i_1_n_0                                                                                              |                4 |             16 |         4.00 |
|  audio_pipe_hw_i/processing_system7_0/inst/FCLK_CLK0 |                                                                                                                                                                                    | audio_pipe_hw_i/axi_smc/inst/s00_entry_pipeline/s00_si_converter/inst/areset                                                                                                                           |               10 |             17 |         1.70 |
|  audio_pipe_hw_i/processing_system7_0/inst/FCLK_CLK0 |                                                                                                                                                                                    | audio_pipe_hw_i/axi_smc/inst/s00_entry_pipeline/s00_mmu/inst/areset                                                                                                                                    |               11 |             23 |         2.09 |
|  audio_pipe_hw_i/clk_wiz_0/inst/clk_out1             | audio_pipe_hw_i/i2s_receiver_0/inst/I2S_RX_V1_0_SYS_INST/genblk3[0].I2S_RX_V1_0_SER_INST/rAudData[23]                                                                              |                                                                                                                                                                                                        |                4 |             24 |         6.00 |
|  audio_pipe_hw_i/clk_wiz_0/inst/clk_out1             | audio_pipe_hw_i/i2s_receiver_0/inst/I2S_RX_V1_0_SYS_INST/genblk3[0].I2S_RX_V1_0_SER_INST/rAudData[47]                                                                              |                                                                                                                                                                                                        |                5 |             24 |         4.80 |
|  audio_pipe_hw_i/clk_wiz_0/inst/clk_out1             | audio_pipe_hw_i/i2s_transmitter_0/inst/I2S_TX_V1_0_SYS_INST/genblk4[0].I2S_TX_V1_0_SER_INST/mclk_nAudCapt_0                                                                        | audio_pipe_hw_i/i2s_transmitter_0/inst/I2S_TX_V1_0_SYS_INST/genblk4[0].I2S_TX_V1_0_SER_INST/iMRst0                                                                                                     |                6 |             24 |         4.00 |
|  audio_pipe_hw_i/clk_wiz_0/inst/clk_out1             | audio_pipe_hw_i/i2s_receiver_0/inst/I2S_RX_V1_0_SYS_INST/genblk3[0].I2S_RX_V1_0_SER_INST/syncstages_ff_reg[1][1]                                                                   | audio_pipe_hw_i/i2s_receiver_0/inst/I2S_RX_V1_0_SYS_INST/genblk3[0].I2S_RX_V1_0_SER_INST/syncstages_ff_reg[1][2]                                                                                       |                5 |             24 |         4.80 |
|  audio_pipe_hw_i/clk_wiz_0/inst/clk_out1             | audio_pipe_hw_i/i2s_receiver_0/inst/I2S_RX_V1_0_SYS_INST/genblk3[0].I2S_RX_V1_0_SER_INST/syncstages_ff_reg[1][1]                                                                   |                                                                                                                                                                                                        |                3 |             24 |         8.00 |
|  audio_pipe_hw_i/clk_wiz_0/inst/clk_out1             | audio_pipe_hw_i/i2s_transmitter_0/inst/I2S_TX_V1_0_SYS_INST/AXIS_FIFO_INST/mclk_rReadFIFOInitDone_reg[0]                                                                           |                                                                                                                                                                                                        |                6 |             24 |         4.00 |
|  audio_pipe_hw_i/clk_wiz_0/inst/clk_out1             | audio_pipe_hw_i/i2s_receiver_0/inst/I2S_RX_V1_0_SYS_INST/genblk3[0].I2S_RX_V1_0_SER_INST/oAudValid                                                                                 | audio_pipe_hw_i/i2s_receiver_0/inst/I2S_RX_V1_0_SYS_INST/I2S_RX_V1_0_TIMGEN_INST/iMRst0                                                                                                                |                6 |             24 |         4.00 |
|  audio_pipe_hw_i/clk_wiz_0/inst/clk_out1             | audio_pipe_hw_i/i2s_receiver_0/inst/I2S_RX_V1_0_SYS_INST/AXIS_FIFO_INST/mclk_rChannelCount_reg[1]_3[0]                                                                             | audio_pipe_hw_i/i2s_receiver_0/inst/I2S_RX_V1_0_SYS_INST/I2S_RX_V1_0_TIMGEN_INST/iMRst0                                                                                                                |                8 |             24 |         3.00 |
|  audio_pipe_hw_i/clk_wiz_0/inst/clk_out1             | audio_pipe_hw_i/i2s_transmitter_0/inst/I2S_TX_V1_0_SYS_INST/AXIS_FIFO_INST/E[0]                                                                                                    |                                                                                                                                                                                                        |                6 |             24 |         4.00 |
|  audio_pipe_hw_i/processing_system7_0/inst/FCLK_CLK0 | audio_pipe_hw_i/i2s_receiver_0/inst/I2S_RX_V1_0_SYS_INST/AXIS_FIFO_INST/E[0]                                                                                                       |                                                                                                                                                                                                        |                4 |             27 |         6.75 |
|  audio_pipe_hw_i/processing_system7_0/inst/FCLK_CLK0 |                                                                                                                                                                                    | audio_pipe_hw_i/i2s_receiver_0/inst/I2S_RX_V1_0_SYS_INST/AXIS_FIFO_INST/xpm_fifo_async_inst/gnuram_async_fifo.xpm_fifo_base_inst/xpm_fifo_rst_inst/gen_rst_ic.fifo_rd_rst_ic_reg_0                     |                8 |             29 |         3.62 |
|  audio_pipe_hw_i/clk_wiz_0/inst/clk_out1             | audio_pipe_hw_i/i2s_receiver_0/inst/I2S_RX_V1_0_SYS_INST/AXIS_FIFO_INST/xpm_fifo_async_inst/gnuram_async_fifo.xpm_fifo_base_inst/xpm_fifo_rst_inst/wr_pntr_plus1_pf_carry          | audio_pipe_hw_i/i2s_receiver_0/inst/I2S_RX_V1_0_SYS_INST/AXIS_FIFO_INST/xpm_fifo_async_inst/gnuram_async_fifo.xpm_fifo_base_inst/xpm_fifo_rst_inst/wrst_busy                                           |               10 |             29 |         2.90 |
|  audio_pipe_hw_i/processing_system7_0/inst/FCLK_CLK0 | audio_pipe_hw_i/i2s_transmitter_0/inst/I2S_TX_V1_0_SYS_INST/AXIS_FIFO_INST/xpm_fifo_async_inst/gnuram_async_fifo.xpm_fifo_base_inst/xpm_fifo_rst_inst/wr_pntr_plus1_pf_carry       | audio_pipe_hw_i/i2s_transmitter_0/inst/I2S_TX_V1_0_SYS_INST/AXIS_FIFO_INST/xpm_fifo_async_inst/gnuram_async_fifo.xpm_fifo_base_inst/xpm_fifo_rst_inst/wrst_busy                                        |                8 |             29 |         3.62 |
|  audio_pipe_hw_i/clk_wiz_0/inst/clk_out1             |                                                                                                                                                                                    | audio_pipe_hw_i/i2s_transmitter_0/inst/I2S_TX_V1_0_SYS_INST/AXIS_FIFO_INST/xpm_fifo_async_inst/gnuram_async_fifo.xpm_fifo_base_inst/xpm_fifo_rst_inst/gen_rst_ic.fifo_rd_rst_ic_reg_0                  |                9 |             29 |         3.22 |
|  audio_pipe_hw_i/clk_wiz_0/inst/clk_out1             |                                                                                                                                                                                    | audio_pipe_hw_i/i2s_receiver_0/inst/I2S_RX_V1_0_SYS_INST/AXIS_FIFO_INST/xpm_fifo_async_inst/gnuram_async_fifo.xpm_fifo_base_inst/xpm_fifo_rst_inst/wrst_busy                                           |               12 |             30 |         2.50 |
|  audio_pipe_hw_i/processing_system7_0/inst/FCLK_CLK0 |                                                                                                                                                                                    | audio_pipe_hw_i/i2s_transmitter_0/inst/I2S_TX_V1_0_SYS_INST/AXIS_FIFO_INST/xpm_fifo_async_inst/gnuram_async_fifo.xpm_fifo_base_inst/xpm_fifo_rst_inst/wrst_busy                                        |               12 |             30 |         2.50 |
|  audio_pipe_hw_i/processing_system7_0/inst/FCLK_CLK0 | audio_pipe_hw_i/i2s_receiver_0/inst/I2S_RX_V1_0_SYS_INST/I2S_RX_V1_0_AXI_INST/rAesChannelStatus[191]_i_1_n_0                                                                       | audio_pipe_hw_i/i2s_receiver_0/inst/I2S_RX_V1_0_SYS_INST/I2S_RX_V1_0_AXI_INST/dest_rst                                                                                                                 |                7 |             32 |         4.57 |
|  audio_pipe_hw_i/processing_system7_0/inst/FCLK_CLK0 | audio_pipe_hw_i/i2s_receiver_0/inst/I2S_RX_V1_0_SYS_INST/I2S_RX_V1_0_AXI_INST/rAesChannelStatus[95]_i_1_n_0                                                                        | audio_pipe_hw_i/i2s_receiver_0/inst/I2S_RX_V1_0_SYS_INST/I2S_RX_V1_0_AXI_INST/dest_rst                                                                                                                 |                6 |             32 |         5.33 |
|  audio_pipe_hw_i/processing_system7_0/inst/FCLK_CLK0 | audio_pipe_hw_i/i2s_receiver_0/inst/I2S_RX_V1_0_SYS_INST/I2S_RX_V1_0_AXI_INST/rAesChannelStatus[63]_i_1_n_0                                                                        | audio_pipe_hw_i/i2s_receiver_0/inst/I2S_RX_V1_0_SYS_INST/I2S_RX_V1_0_AXI_INST/dest_rst                                                                                                                 |                7 |             32 |         4.57 |
|  audio_pipe_hw_i/processing_system7_0/inst/FCLK_CLK0 | audio_pipe_hw_i/i2s_receiver_0/inst/I2S_RX_V1_0_SYS_INST/I2S_RX_V1_0_AXI_INST/rAesChannelStatus[31]_i_1_n_0                                                                        | audio_pipe_hw_i/i2s_receiver_0/inst/I2S_RX_V1_0_SYS_INST/I2S_RX_V1_0_AXI_INST/dest_rst                                                                                                                 |                6 |             32 |         5.33 |
|  audio_pipe_hw_i/processing_system7_0/inst/FCLK_CLK0 | audio_pipe_hw_i/i2s_receiver_0/inst/I2S_RX_V1_0_SYS_INST/I2S_RX_V1_0_AXI_INST/rAesChannelStatus[159]_i_1_n_0                                                                       | audio_pipe_hw_i/i2s_receiver_0/inst/I2S_RX_V1_0_SYS_INST/I2S_RX_V1_0_AXI_INST/dest_rst                                                                                                                 |                8 |             32 |         4.00 |
|  audio_pipe_hw_i/processing_system7_0/inst/FCLK_CLK0 | audio_pipe_hw_i/i2s_receiver_0/inst/I2S_RX_V1_0_SYS_INST/I2S_RX_V1_0_AXI_INST/rAesChannelStatus[127]_i_1_n_0                                                                       | audio_pipe_hw_i/i2s_receiver_0/inst/I2S_RX_V1_0_SYS_INST/I2S_RX_V1_0_AXI_INST/dest_rst                                                                                                                 |                9 |             32 |         3.56 |
|  audio_pipe_hw_i/processing_system7_0/inst/FCLK_CLK0 | audio_pipe_hw_i/axi_smc/inst/s00_entry_pipeline/s00_si_converter/inst/gen_axilite_conv.axilite_conv_inst/m_aruser[0]                                                               | audio_pipe_hw_i/axi_smc/inst/s00_entry_pipeline/s00_si_converter/inst/areset                                                                                                                           |                9 |             32 |         3.56 |
|  audio_pipe_hw_i/clk_wiz_0/inst/clk_out1             | audio_pipe_hw_i/i2s_transmitter_0/inst/I2S_TX_V1_0_SYS_INST/genblk4[0].I2S_TX_V1_0_SER_INST/rSDataOut[31]_i_2_n_0                                                                  | audio_pipe_hw_i/i2s_transmitter_0/inst/I2S_TX_V1_0_SYS_INST/genblk4[0].I2S_TX_V1_0_SER_INST/rSDataOut[31]_i_1_n_0                                                                                      |               13 |             32 |         2.46 |
|  audio_pipe_hw_i/clk_wiz_0/inst/clk_out1             | audio_pipe_hw_i/i2s_receiver_0/inst/I2S_RX_V1_0_SYS_INST/genblk3[0].I2S_RX_V1_0_SER_INST/rSDataIn[0]                                                                               |                                                                                                                                                                                                        |                8 |             32 |         4.00 |
|  audio_pipe_hw_i/processing_system7_0/inst/FCLK_CLK0 | audio_pipe_hw_i/i2s_receiver_0/inst/I2S_RX_V1_0_SYS_INST/I2S_RX_V1_0_AES_ENCODER_INST/rAudValid_Out04_out                                                                          |                                                                                                                                                                                                        |               10 |             32 |         3.20 |
|  audio_pipe_hw_i/processing_system7_0/inst/FCLK_CLK0 | audio_pipe_hw_i/axi_smc/inst/s00_entry_pipeline/s00_si_converter/inst/gen_axilite_conv.axilite_conv_inst/s_axi_rdata_i[31]_i_1_n_0                                                 | audio_pipe_hw_i/axi_smc/inst/s00_entry_pipeline/s00_si_converter/inst/areset                                                                                                                           |                7 |             32 |         4.57 |
|  audio_pipe_hw_i/processing_system7_0/inst/FCLK_CLK0 |                                                                                                                                                                                    | audio_pipe_hw_i/i2s_receiver_0/inst/I2S_RX_V1_0_SYS_INST/I2S_RX_V1_0_AXI_INST/dest_rst                                                                                                                 |               11 |             33 |         3.00 |
|  audio_pipe_hw_i/processing_system7_0/inst/FCLK_CLK0 | audio_pipe_hw_i/axi_smc/inst/switchboards/i_nodes/i_r_node/inst/inst_si_handler/gen_si_handler.gen_arbiter_rr_minimal_area.inst_arbiter/s_sc_valid                                 |                                                                                                                                                                                                        |                5 |             33 |         6.60 |
|  audio_pipe_hw_i/processing_system7_0/inst/FCLK_CLK0 | audio_pipe_hw_i/i2s_receiver_0/inst/I2S_RX_V1_0_SYS_INST/I2S_RX_V1_0_AXI_INST/oAxi_RData[31]_i_1_n_0                                                                               | audio_pipe_hw_i/i2s_receiver_0/inst/I2S_RX_V1_0_SYS_INST/I2S_RX_V1_0_AXI_INST/dest_rst                                                                                                                 |               13 |             33 |         2.54 |
|  audio_pipe_hw_i/processing_system7_0/inst/FCLK_CLK0 | audio_pipe_hw_i/i2s_transmitter_0/inst/I2S_TX_V1_0_SYS_INST/I2S_TX_V1_0_AXI_INST/oAxi_RData[31]_i_1_n_0                                                                            | audio_pipe_hw_i/i2s_transmitter_0/inst/I2S_TX_V1_0_SYS_INST/I2S_TX_V1_0_AXI_INST/SR[0]                                                                                                                 |               11 |             33 |         3.00 |
|  audio_pipe_hw_i/processing_system7_0/inst/FCLK_CLK0 | audio_pipe_hw_i/axi_smc/inst/s00_entry_pipeline/s00_mmu/inst/ar_reg_stall/m_vector_i[0]                                                                                            |                                                                                                                                                                                                        |                6 |             34 |         5.67 |
|  audio_pipe_hw_i/processing_system7_0/inst/FCLK_CLK0 | audio_pipe_hw_i/axi_smc/inst/s00_entry_pipeline/s00_mmu/inst/aw_reg_stall/m_vector_i[0]                                                                                            |                                                                                                                                                                                                        |                9 |             34 |         3.78 |
|  audio_pipe_hw_i/processing_system7_0/inst/FCLK_CLK0 | audio_pipe_hw_i/axi_smc/inst/s00_entry_pipeline/s00_mmu/inst/aw_reg_stall/skid_buffer[1136]_i_1__0_n_0                                                                             |                                                                                                                                                                                                        |               10 |             34 |         3.40 |
|  audio_pipe_hw_i/processing_system7_0/inst/FCLK_CLK0 | audio_pipe_hw_i/axi_smc/inst/switchboards/i_nodes/i_w_node/inst/inst_mi_handler/gen_normal_area.inst_fifo_node_payld/gen_reg_fifo.inst_reg_fifo/gen_single_rank.data[54]_i_1_n_0   |                                                                                                                                                                                                        |                7 |             34 |         4.86 |
|  audio_pipe_hw_i/processing_system7_0/inst/FCLK_CLK0 | audio_pipe_hw_i/axi_smc/inst/s00_entry_pipeline/s00_mmu/inst/ar_reg_stall/skid_buffer[1136]_i_1_n_0                                                                                |                                                                                                                                                                                                        |                7 |             34 |         4.86 |
|  audio_pipe_hw_i/processing_system7_0/inst/FCLK_CLK0 |                                                                                                                                                                                    | audio_pipe_hw_i/i2s_transmitter_0/inst/I2S_TX_V1_0_SYS_INST/I2S_TX_V1_0_AXI_INST/SR[0]                                                                                                                 |               11 |             39 |         3.55 |
|  audio_pipe_hw_i/processing_system7_0/inst/FCLK_CLK0 | audio_pipe_hw_i/i2s_transmitter_0/inst/I2S_TX_V1_0_SYS_INST/I2S_TX_V1_0_AES_DECODE_INST/rAesLastFrame                                                                              | audio_pipe_hw_i/i2s_transmitter_0/inst/I2S_TX_V1_0_SYS_INST/I2S_TX_V1_0_AES_DECODE_INST/rChannelStatusCapt0                                                                                            |               29 |            192 |         6.62 |
|  audio_pipe_hw_i/processing_system7_0/inst/FCLK_CLK0 | audio_pipe_hw_i/i2s_receiver_0/inst/I2S_RX_V1_0_SYS_INST/CDC_AESCAPTCHSTS_INST/dest_pulse                                                                                          | audio_pipe_hw_i/i2s_receiver_0/inst/I2S_RX_V1_0_SYS_INST/I2S_RX_V1_0_AES_ENCODER_INST/SR[0]                                                                                                            |               41 |            192 |         4.68 |
|  audio_pipe_hw_i/processing_system7_0/inst/FCLK_CLK0 | audio_pipe_hw_i/i2s_receiver_0/inst/I2S_RX_V1_0_SYS_INST/I2S_RX_V1_0_AES_ENCODER_INST/rChannelStatusCapt[0]                                                                        | audio_pipe_hw_i/i2s_receiver_0/inst/I2S_RX_V1_0_SYS_INST/I2S_RX_V1_0_AES_ENCODER_INST/SR[0]                                                                                                            |               50 |            192 |         3.84 |
|  audio_pipe_hw_i/processing_system7_0/inst/FCLK_CLK0 | audio_pipe_hw_i/i2s_transmitter_0/inst/I2S_TX_V1_0_SYS_INST/AXIS_FIFO_INST/s_axis_aud_tid[0]_1[0]                                                                                  |                                                                                                                                                                                                        |               29 |            192 |         6.62 |
|  audio_pipe_hw_i/processing_system7_0/inst/FCLK_CLK0 | audio_pipe_hw_i/i2s_transmitter_0/inst/I2S_TX_V1_0_SYS_INST/CDC_AESCHSTSUPD_INST/dest_pulse                                                                                        | audio_pipe_hw_i/i2s_transmitter_0/inst/I2S_TX_V1_0_SYS_INST/I2S_TX_V1_0_AXI_INST/SR[0]                                                                                                                 |               43 |            192 |         4.47 |
|  audio_pipe_hw_i/clk_wiz_0/inst/clk_out1             |                                                                                                                                                                                    |                                                                                                                                                                                                        |               51 |            210 |         4.12 |
|  audio_pipe_hw_i/processing_system7_0/inst/FCLK_CLK0 |                                                                                                                                                                                    |                                                                                                                                                                                                        |              312 |           1522 |         4.88 |
+------------------------------------------------------+------------------------------------------------------------------------------------------------------------------------------------------------------------------------------------+--------------------------------------------------------------------------------------------------------------------------------------------------------------------------------------------------------+------------------+----------------+--------------+


