
*** Running vivado
    with args -log audio_pipe_hw_wrapper.vdi -applog -m64 -product Vivado -messageDb vivado.pb -mode batch -source audio_pipe_hw_wrapper.tcl -notrace


****** Vivado v2025.2 (64-bit)
  **** SW Build 6299465 on Fri Nov 14 12:34:56 MST 2025
  **** IP Build 6300035 on Fri Nov 14 10:48:45 MST 2025
  **** SharedData Build 6298862 on Thu Nov 13 04:50:51 MST 2025
  **** Start of session at: Wed Jul  8 23:13:43 2026
    ** Copyright 1986-2022 Xilinx, Inc. All Rights Reserved.
    ** Copyright 2022-2025 Advanced Micro Devices, Inc. All Rights Reserved.

source audio_pipe_hw_wrapper.tcl -notrace
create_project: Time (s): cpu = 00:00:34 ; elapsed = 00:00:06 . Memory (MB): peak = 1582.043 ; gain = 102.055 ; free physical = 1289 ; free virtual = 3371
INFO: [IP_Flow 19-234] Refreshing IP repositories
INFO: [IP_Flow 19-1704] No user IP repositories specified
INFO: [IP_Flow 19-2313] Loaded Vivado IP repository '/home/alen/AMD-Xilinx/2025.2/data/ip'.
add_files: Time (s): cpu = 00:00:07 ; elapsed = 00:00:08 . Memory (MB): peak = 1629.785 ; gain = 47.742 ; free physical = 1181 ; free virtual = 3290
Command: link_design -top audio_pipe_hw_wrapper -part xc7z010clg400-1
Design is defaulting to srcset: sources_1
Design is defaulting to constrset: constrs_1
INFO: [Device 21-403] Loading part xc7z010clg400-1
INFO: [Project 1-5699] Read binary netlist with skipMacroContent - 1
INFO: [Project 1-454] Reading design checkpoint '/home/alen/git/AMD-FPGA-Practice/zybo-z7-audio/hw/audio-pipe-hw-v0/audio_pipe_hw.gen/sources_1/bd/audio_pipe_hw/ip/audio_pipe_hw_axi_smc_0/audio_pipe_hw_axi_smc_0.dcp' for cell 'audio_pipe_hw_i/axi_smc'
INFO: [Project 1-454] Reading design checkpoint '/home/alen/git/AMD-FPGA-Practice/zybo-z7-audio/hw/audio-pipe-hw-v0/audio_pipe_hw.gen/sources_1/bd/audio_pipe_hw/ip/audio_pipe_hw_clk_wiz_0_0/audio_pipe_hw_clk_wiz_0_0.dcp' for cell 'audio_pipe_hw_i/clk_wiz_0'
INFO: [Project 1-454] Reading design checkpoint '/home/alen/git/AMD-FPGA-Practice/zybo-z7-audio/hw/audio-pipe-hw-v0/audio_pipe_hw.gen/sources_1/bd/audio_pipe_hw/ip/audio_pipe_hw_i2s_receiver_0_0/audio_pipe_hw_i2s_receiver_0_0.dcp' for cell 'audio_pipe_hw_i/i2s_receiver_0'
INFO: [Project 1-454] Reading design checkpoint '/home/alen/git/AMD-FPGA-Practice/zybo-z7-audio/hw/audio-pipe-hw-v0/audio_pipe_hw.gen/sources_1/bd/audio_pipe_hw/ip/audio_pipe_hw_i2s_transmitter_0_0/audio_pipe_hw_i2s_transmitter_0_0.dcp' for cell 'audio_pipe_hw_i/i2s_transmitter_0'
INFO: [Project 1-454] Reading design checkpoint '/home/alen/git/AMD-FPGA-Practice/zybo-z7-audio/hw/audio-pipe-hw-v0/audio_pipe_hw.gen/sources_1/bd/audio_pipe_hw/ip/audio_pipe_hw_ila_0_0/audio_pipe_hw_ila_0_0.dcp' for cell 'audio_pipe_hw_i/ila_0'
INFO: [Project 1-454] Reading design checkpoint '/home/alen/git/AMD-FPGA-Practice/zybo-z7-audio/hw/audio-pipe-hw-v0/audio_pipe_hw.gen/sources_1/bd/audio_pipe_hw/ip/audio_pipe_hw_processing_system7_0_1/audio_pipe_hw_processing_system7_0_1.dcp' for cell 'audio_pipe_hw_i/processing_system7_0'
INFO: [Project 1-454] Reading design checkpoint '/home/alen/git/AMD-FPGA-Practice/zybo-z7-audio/hw/audio-pipe-hw-v0/audio_pipe_hw.gen/sources_1/bd/audio_pipe_hw/ip/audio_pipe_hw_rst_clk_wiz_0_12M_0/audio_pipe_hw_rst_clk_wiz_0_12M_0.dcp' for cell 'audio_pipe_hw_i/rst_clk_wiz_0_12M'
INFO: [Project 1-454] Reading design checkpoint '/home/alen/git/AMD-FPGA-Practice/zybo-z7-audio/hw/audio-pipe-hw-v0/audio_pipe_hw.gen/sources_1/bd/audio_pipe_hw/ip/audio_pipe_hw_rst_ps7_0_50M_0/audio_pipe_hw_rst_ps7_0_50M_0.dcp' for cell 'audio_pipe_hw_i/rst_ps7_0_50M'
Netlist sorting complete. Time (s): cpu = 00:00:00.34 ; elapsed = 00:00:00.34 . Memory (MB): peak = 1854.965 ; gain = 0.000 ; free physical = 959 ; free virtual = 3068
INFO: [Netlist 29-17] Analyzing 183 Unisim elements for replacement
INFO: [Netlist 29-28] Unisim Transformation completed in 0 CPU seconds
INFO: [Project 1-479] Netlist was created with Vivado 2025.2
INFO: [Project 1-570] Preparing netlist for logic optimization
INFO: [Chipscope 16-324] Core: audio_pipe_hw_i/ila_0 UUID: 3adec945-7c11-550f-b829-fa8c06e9da47 
Parsing XDC File [/home/alen/git/AMD-FPGA-Practice/zybo-z7-audio/hw/audio-pipe-hw-v0/audio_pipe_hw.gen/sources_1/bd/audio_pipe_hw/ip/audio_pipe_hw_processing_system7_0_1/audio_pipe_hw_processing_system7_0_1.xdc] for cell 'audio_pipe_hw_i/processing_system7_0/inst'
Finished Parsing XDC File [/home/alen/git/AMD-FPGA-Practice/zybo-z7-audio/hw/audio-pipe-hw-v0/audio_pipe_hw.gen/sources_1/bd/audio_pipe_hw/ip/audio_pipe_hw_processing_system7_0_1/audio_pipe_hw_processing_system7_0_1.xdc] for cell 'audio_pipe_hw_i/processing_system7_0/inst'
Parsing XDC File [/home/alen/git/AMD-FPGA-Practice/zybo-z7-audio/hw/audio-pipe-hw-v0/audio_pipe_hw.gen/sources_1/bd/audio_pipe_hw/ip/audio_pipe_hw_i2s_receiver_0_0/audio_pipe_hw_i2s_receiver_0_0_board.xdc] for cell 'audio_pipe_hw_i/i2s_receiver_0/inst'
Finished Parsing XDC File [/home/alen/git/AMD-FPGA-Practice/zybo-z7-audio/hw/audio-pipe-hw-v0/audio_pipe_hw.gen/sources_1/bd/audio_pipe_hw/ip/audio_pipe_hw_i2s_receiver_0_0/audio_pipe_hw_i2s_receiver_0_0_board.xdc] for cell 'audio_pipe_hw_i/i2s_receiver_0/inst'
Parsing XDC File [/home/alen/git/AMD-FPGA-Practice/zybo-z7-audio/hw/audio-pipe-hw-v0/audio_pipe_hw.gen/sources_1/bd/audio_pipe_hw/ip/audio_pipe_hw_i2s_transmitter_0_0/audio_pipe_hw_i2s_transmitter_0_0_board.xdc] for cell 'audio_pipe_hw_i/i2s_transmitter_0/inst'
Finished Parsing XDC File [/home/alen/git/AMD-FPGA-Practice/zybo-z7-audio/hw/audio-pipe-hw-v0/audio_pipe_hw.gen/sources_1/bd/audio_pipe_hw/ip/audio_pipe_hw_i2s_transmitter_0_0/audio_pipe_hw_i2s_transmitter_0_0_board.xdc] for cell 'audio_pipe_hw_i/i2s_transmitter_0/inst'
Parsing XDC File [/home/alen/git/AMD-FPGA-Practice/zybo-z7-audio/hw/audio-pipe-hw-v0/audio_pipe_hw.gen/sources_1/bd/audio_pipe_hw/ip/audio_pipe_hw_rst_ps7_0_50M_0/audio_pipe_hw_rst_ps7_0_50M_0_board.xdc] for cell 'audio_pipe_hw_i/rst_ps7_0_50M/U0'
Finished Parsing XDC File [/home/alen/git/AMD-FPGA-Practice/zybo-z7-audio/hw/audio-pipe-hw-v0/audio_pipe_hw.gen/sources_1/bd/audio_pipe_hw/ip/audio_pipe_hw_rst_ps7_0_50M_0/audio_pipe_hw_rst_ps7_0_50M_0_board.xdc] for cell 'audio_pipe_hw_i/rst_ps7_0_50M/U0'
Parsing XDC File [/home/alen/git/AMD-FPGA-Practice/zybo-z7-audio/hw/audio-pipe-hw-v0/audio_pipe_hw.gen/sources_1/bd/audio_pipe_hw/ip/audio_pipe_hw_axi_smc_0/bd_0/ip/ip_1/bd_a77d_psr_aclk_0_board.xdc] for cell 'audio_pipe_hw_i/axi_smc/inst/clk_map/psr_aclk/U0'
Finished Parsing XDC File [/home/alen/git/AMD-FPGA-Practice/zybo-z7-audio/hw/audio-pipe-hw-v0/audio_pipe_hw.gen/sources_1/bd/audio_pipe_hw/ip/audio_pipe_hw_axi_smc_0/bd_0/ip/ip_1/bd_a77d_psr_aclk_0_board.xdc] for cell 'audio_pipe_hw_i/axi_smc/inst/clk_map/psr_aclk/U0'
Parsing XDC File [/home/alen/git/AMD-FPGA-Practice/zybo-z7-audio/hw/audio-pipe-hw-v0/audio_pipe_hw.gen/sources_1/bd/audio_pipe_hw/ip/audio_pipe_hw_axi_smc_0/smartconnect.xdc] for cell 'audio_pipe_hw_i/axi_smc/inst'
Finished Parsing XDC File [/home/alen/git/AMD-FPGA-Practice/zybo-z7-audio/hw/audio-pipe-hw-v0/audio_pipe_hw.gen/sources_1/bd/audio_pipe_hw/ip/audio_pipe_hw_axi_smc_0/smartconnect.xdc] for cell 'audio_pipe_hw_i/axi_smc/inst'
Parsing XDC File [/home/alen/git/AMD-FPGA-Practice/zybo-z7-audio/hw/audio-pipe-hw-v0/audio_pipe_hw.gen/sources_1/bd/audio_pipe_hw/ip/audio_pipe_hw_clk_wiz_0_0/audio_pipe_hw_clk_wiz_0_0_board.xdc] for cell 'audio_pipe_hw_i/clk_wiz_0/inst'
Finished Parsing XDC File [/home/alen/git/AMD-FPGA-Practice/zybo-z7-audio/hw/audio-pipe-hw-v0/audio_pipe_hw.gen/sources_1/bd/audio_pipe_hw/ip/audio_pipe_hw_clk_wiz_0_0/audio_pipe_hw_clk_wiz_0_0_board.xdc] for cell 'audio_pipe_hw_i/clk_wiz_0/inst'
Parsing XDC File [/home/alen/git/AMD-FPGA-Practice/zybo-z7-audio/hw/audio-pipe-hw-v0/audio_pipe_hw.gen/sources_1/bd/audio_pipe_hw/ip/audio_pipe_hw_clk_wiz_0_0/audio_pipe_hw_clk_wiz_0_0.xdc] for cell 'audio_pipe_hw_i/clk_wiz_0/inst'
INFO: [Timing 38-35] Done setting XDC timing constraints. [/home/alen/git/AMD-FPGA-Practice/zybo-z7-audio/hw/audio-pipe-hw-v0/audio_pipe_hw.gen/sources_1/bd/audio_pipe_hw/ip/audio_pipe_hw_clk_wiz_0_0/audio_pipe_hw_clk_wiz_0_0.xdc:54]
INFO: [Timing 38-2] Deriving generated clocks [/home/alen/git/AMD-FPGA-Practice/zybo-z7-audio/hw/audio-pipe-hw-v0/audio_pipe_hw.gen/sources_1/bd/audio_pipe_hw/ip/audio_pipe_hw_clk_wiz_0_0/audio_pipe_hw_clk_wiz_0_0.xdc:54]
get_clocks: Time (s): cpu = 00:00:14 ; elapsed = 00:00:14 . Memory (MB): peak = 2599.023 ; gain = 516.734 ; free physical = 384 ; free virtual = 2511
Finished Parsing XDC File [/home/alen/git/AMD-FPGA-Practice/zybo-z7-audio/hw/audio-pipe-hw-v0/audio_pipe_hw.gen/sources_1/bd/audio_pipe_hw/ip/audio_pipe_hw_clk_wiz_0_0/audio_pipe_hw_clk_wiz_0_0.xdc] for cell 'audio_pipe_hw_i/clk_wiz_0/inst'
Parsing XDC File [/home/alen/git/AMD-FPGA-Practice/zybo-z7-audio/hw/audio-pipe-hw-v0/audio_pipe_hw.gen/sources_1/bd/audio_pipe_hw/ip/audio_pipe_hw_rst_clk_wiz_0_12M_0/audio_pipe_hw_rst_clk_wiz_0_12M_0_board.xdc] for cell 'audio_pipe_hw_i/rst_clk_wiz_0_12M/U0'
Finished Parsing XDC File [/home/alen/git/AMD-FPGA-Practice/zybo-z7-audio/hw/audio-pipe-hw-v0/audio_pipe_hw.gen/sources_1/bd/audio_pipe_hw/ip/audio_pipe_hw_rst_clk_wiz_0_12M_0/audio_pipe_hw_rst_clk_wiz_0_12M_0_board.xdc] for cell 'audio_pipe_hw_i/rst_clk_wiz_0_12M/U0'
Parsing XDC File [/home/alen/git/AMD-FPGA-Practice/zybo-z7-audio/hw/audio-pipe-hw-v0/audio_pipe_hw.gen/sources_1/bd/audio_pipe_hw/ip/audio_pipe_hw_ila_0_0/ila_v6_2/constraints/ila_impl.xdc] for cell 'audio_pipe_hw_i/ila_0/U0'
WARNING: [Vivado_Tcl 4-921] Waiver ID 'CDC-10' -to list should not be empty. [/home/alen/git/AMD-FPGA-Practice/zybo-z7-audio/hw/audio-pipe-hw-v0/audio_pipe_hw.gen/sources_1/bd/audio_pipe_hw/ip/audio_pipe_hw_ila_0_0/ila_v6_2/constraints/ila_impl.xdc:31]
Finished Parsing XDC File [/home/alen/git/AMD-FPGA-Practice/zybo-z7-audio/hw/audio-pipe-hw-v0/audio_pipe_hw.gen/sources_1/bd/audio_pipe_hw/ip/audio_pipe_hw_ila_0_0/ila_v6_2/constraints/ila_impl.xdc] for cell 'audio_pipe_hw_i/ila_0/U0'
Parsing XDC File [/home/alen/git/AMD-FPGA-Practice/zybo-z7-audio/hw/audio-pipe-hw-v0/audio_pipe_hw.gen/sources_1/bd/audio_pipe_hw/ip/audio_pipe_hw_ila_0_0/ila_v6_2/constraints/ila.xdc] for cell 'audio_pipe_hw_i/ila_0/U0'
WARNING: [Vivado_Tcl 4-921] Waiver ID 'CDC-10' -to list should not be empty. [/home/alen/git/AMD-FPGA-Practice/zybo-z7-audio/hw/audio-pipe-hw-v0/audio_pipe_hw.gen/sources_1/bd/audio_pipe_hw/ip/audio_pipe_hw_ila_0_0/ila_v6_2/constraints/ila.xdc:108]
Finished Parsing XDC File [/home/alen/git/AMD-FPGA-Practice/zybo-z7-audio/hw/audio-pipe-hw-v0/audio_pipe_hw.gen/sources_1/bd/audio_pipe_hw/ip/audio_pipe_hw_ila_0_0/ila_v6_2/constraints/ila.xdc] for cell 'audio_pipe_hw_i/ila_0/U0'
Parsing XDC File [/home/alen/git/AMD-FPGA-Practice/zybo-z7-audio/XDC/pinmap.xdc]
Finished Parsing XDC File [/home/alen/git/AMD-FPGA-Practice/zybo-z7-audio/XDC/pinmap.xdc]
WARNING: [XPM_CDC_ARRAY_SINGLE: TCL-1000] The source and destination clocks are the same. 
     Instance: audio_pipe_hw_i/i2s_receiver_0/inst/I2S_RX_V1_0_SYS_INST/CDC_AESCHSTS_INST 
  This will add unnecessary latency to the design. Please check the design for the following: 
 1) Manually instantiated XPM_CDC modules: AMD recommends that you remove these modules. 
 2) AMD IP that contains XPM_CDC modules: Verify the connections to the IP to determine whether you can safely ignore this message.
 [/home/alen/AMD-Xilinx/2025.2/data/ip/xpm/xpm_cdc/tcl/xpm_cdc_array_single.tcl:5]
WARNING: [XPM_CDC_ARRAY_SINGLE: TCL-1000] The source and destination clocks are the same. 
     Instance: audio_pipe_hw_i/i2s_transmitter_0/inst/I2S_TX_V1_0_SYS_INST/CDC_AESCHSTS_INST 
  This will add unnecessary latency to the design. Please check the design for the following: 
 1) Manually instantiated XPM_CDC modules: AMD recommends that you remove these modules. 
 2) AMD IP that contains XPM_CDC modules: Verify the connections to the IP to determine whether you can safely ignore this message.
 [/home/alen/AMD-Xilinx/2025.2/data/ip/xpm/xpm_cdc/tcl/xpm_cdc_array_single.tcl:5]
WARNING: [XPM_CDC_SINGLE: TCL-1000] The source and destination clocks are the same. 
     Instance: audio_pipe_hw_i/i2s_receiver_0/inst/I2S_RX_V1_0_SYS_INST/CDC_HBR_MODE_AXIS_INST 
  This will add unnecessary latency to the design. Please check the design for the following: 
 1) Manually instantiated XPM_CDC modules: AMD recommends that you remove these modules. 
 2) AMD IP that contains XPM_CDC modules: Verify the connections to the IP to determine whether you can safely ignore this message.
 [/home/alen/AMD-Xilinx/2025.2/data/ip/xpm/xpm_cdc/tcl/xpm_cdc_single.tcl:5]
WARNING: [XPM_CDC_SINGLE: TCL-1000] The source and destination clocks are the same. 
     Instance: audio_pipe_hw_i/i2s_receiver_0/inst/I2S_RX_V1_0_SYS_INST/CDC_ENABLE_AXIS_INST 
  This will add unnecessary latency to the design. Please check the design for the following: 
 1) Manually instantiated XPM_CDC modules: AMD recommends that you remove these modules. 
 2) AMD IP that contains XPM_CDC modules: Verify the connections to the IP to determine whether you can safely ignore this message.
 [/home/alen/AMD-Xilinx/2025.2/data/ip/xpm/xpm_cdc/tcl/xpm_cdc_single.tcl:5]
WARNING: [XPM_CDC_SINGLE: TCL-1000] The source and destination clocks are the same. 
     Instance: audio_pipe_hw_i/i2s_receiver_0/inst/I2S_RX_V1_0_SYS_INST/CDC_VALIDITY_AXIS_INST 
  This will add unnecessary latency to the design. Please check the design for the following: 
 1) Manually instantiated XPM_CDC modules: AMD recommends that you remove these modules. 
 2) AMD IP that contains XPM_CDC modules: Verify the connections to the IP to determine whether you can safely ignore this message.
 [/home/alen/AMD-Xilinx/2025.2/data/ip/xpm/xpm_cdc/tcl/xpm_cdc_single.tcl:5]
WARNING: [XPM_CDC_SINGLE: TCL-1000] The source and destination clocks are the same. 
     Instance: audio_pipe_hw_i/i2s_transmitter_0/inst/I2S_TX_V1_0_SYS_INST/CDC_VALIDITY_AXISCLK_INST 
  This will add unnecessary latency to the design. Please check the design for the following: 
 1) Manually instantiated XPM_CDC modules: AMD recommends that you remove these modules. 
 2) AMD IP that contains XPM_CDC modules: Verify the connections to the IP to determine whether you can safely ignore this message.
 [/home/alen/AMD-Xilinx/2025.2/data/ip/xpm/xpm_cdc/tcl/xpm_cdc_single.tcl:5]
WARNING: [XPM_CDC_SINGLE: TCL-1000] The source and destination clocks are the same. 
     Instance: audio_pipe_hw_i/i2s_transmitter_0/inst/I2S_TX_V1_0_SYS_INST/CDC_ENABLE_AXIS_INST 
  This will add unnecessary latency to the design. Please check the design for the following: 
 1) Manually instantiated XPM_CDC modules: AMD recommends that you remove these modules. 
 2) AMD IP that contains XPM_CDC modules: Verify the connections to the IP to determine whether you can safely ignore this message.
 [/home/alen/AMD-Xilinx/2025.2/data/ip/xpm/xpm_cdc/tcl/xpm_cdc_single.tcl:5]
INFO: [Project 1-1714] 93 XPM XDC files have been applied to the design.
INFO: [Opt 31-138] Pushed 0 inverter(s) to 0 load pin(s).
INFO: [Project 1-1687] 2 scoped IP constraints or related sub-commands were skipped due to synthesis logic optimizations usually triggered by constant connectivity or unconnected output pins. To review the skipped constraints and messages, run the command 'set_param netlist.IPMsgFiltering false' before opening the design.
Netlist sorting complete. Time (s): cpu = 00:00:00.01 ; elapsed = 00:00:00.01 . Memory (MB): peak = 2599.023 ; gain = 0.000 ; free physical = 380 ; free virtual = 2507
INFO: [Project 1-111] Unisim Transformation Summary:
  A total of 50 instances were transformed.
  CFGLUT5 => CFGLUT5 (SRL16E, SRLC32E): 48 instances
  IOBUF => IOBUF (IBUF, OBUFT): 2 instances

24 Infos, 9 Warnings, 0 Critical Warnings and 0 Errors encountered.
link_design completed successfully
link_design: Time (s): cpu = 00:00:37 ; elapsed = 00:00:37 . Memory (MB): peak = 2599.059 ; gain = 969.273 ; free physical = 379 ; free virtual = 2506
Command: opt_design
Attempting to get a license for feature 'Implementation' and/or device 'xc7z010'
INFO: [Common 17-349] Got license for feature 'Implementation' and/or device 'xc7z010'
Running DRC as a precondition to command opt_design

Starting DRC Task
INFO: [DRC 23-27] Running DRC with 8 threads
INFO: [Project 1-461] DRC finished with 0 Errors
INFO: [Project 1-462] Please refer to the DRC report (report_drc) for more information.

Time (s): cpu = 00:00:05 ; elapsed = 00:00:02 . Memory (MB): peak = 2599.059 ; gain = 0.000 ; free physical = 331 ; free virtual = 2465

Starting Cache Timing Information Task
INFO: [Timing 38-35] Done setting XDC timing constraints.
Ending Cache Timing Information Task | Checksum: 2235f9f42

Time (s): cpu = 00:00:01 ; elapsed = 00:00:00.59 . Memory (MB): peak = 2599.059 ; gain = 0.000 ; free physical = 328 ; free virtual = 2462

Starting Logic Optimization Task

Phase 1 Initialization

Phase 1.1 Core Generation And Design Setup

Phase 1.1.1 Generate And Synthesize Debug Cores
INFO: [Chipscope 16-329] Generating Script for core instance : dbg_hub 
INFO: [IP_Flow 19-3806] Processing IP xilinx.com:ip:xsdbm:3.0 for cell dbg_hub_CV.
INFO: [Chipscope 16-469] Using cached IP synthesis design for IP xilinx.com:ip:xsdbm:3.0, cache-ID = 9b5cfb2f2b076e55.
Done building netlist checker database: Time (s): cpu = 00:00:00.01 ; elapsed = 00:00:00.01 . Memory (MB): peak = 2977.648 ; gain = 0.000 ; free physical = 810 ; free virtual = 2081
Netlist sorting complete. Time (s): cpu = 00:00:00.05 ; elapsed = 00:00:00.04 . Memory (MB): peak = 2977.648 ; gain = 0.000 ; free physical = 807 ; free virtual = 2080
Phase 1.1.1 Generate And Synthesize Debug Cores | Checksum: 154613848

Time (s): cpu = 00:01:00 ; elapsed = 00:00:31 . Memory (MB): peak = 2977.648 ; gain = 23.812 ; free physical = 807 ; free virtual = 2079
Phase 1.1 Core Generation And Design Setup | Checksum: 154613848

Time (s): cpu = 00:01:00 ; elapsed = 00:00:31 . Memory (MB): peak = 2977.648 ; gain = 23.812 ; free physical = 807 ; free virtual = 2079

Phase 1.2 Setup Constraints And Sort Netlist
Phase 1.2 Setup Constraints And Sort Netlist | Checksum: 154613848

Time (s): cpu = 00:01:00 ; elapsed = 00:00:31 . Memory (MB): peak = 2977.648 ; gain = 23.812 ; free physical = 807 ; free virtual = 2079
Phase 1 Initialization | Checksum: 154613848

Time (s): cpu = 00:01:00 ; elapsed = 00:00:31 . Memory (MB): peak = 2977.648 ; gain = 23.812 ; free physical = 807 ; free virtual = 2079

Phase 2 Timer Update And Timing Data Collection

Phase 2.1 Detect if minReqCache needed
Phase 2.1 Detect if minReqCache needed | Checksum: 154613848

Time (s): cpu = 00:01:01 ; elapsed = 00:00:31 . Memory (MB): peak = 2977.648 ; gain = 23.812 ; free physical = 802 ; free virtual = 2075

Phase 2.2 Timer Update
Phase 2.2 Timer Update | Checksum: 154613848

Time (s): cpu = 00:01:02 ; elapsed = 00:00:32 . Memory (MB): peak = 2977.648 ; gain = 23.812 ; free physical = 802 ; free virtual = 2075

Phase 2.3 Timing Data Collection
Phase 2.3 Timing Data Collection | Checksum: 154613848

Time (s): cpu = 00:01:02 ; elapsed = 00:00:32 . Memory (MB): peak = 2977.648 ; gain = 23.812 ; free physical = 801 ; free virtual = 2074
Phase 2 Timer Update And Timing Data Collection | Checksum: 154613848

Time (s): cpu = 00:01:02 ; elapsed = 00:00:32 . Memory (MB): peak = 2977.648 ; gain = 23.812 ; free physical = 801 ; free virtual = 2074

Phase 3 Retarget
INFO: [Opt 31-1851] Number of loadless carry chains removed were: 0
INFO: [Opt 31-1834] Total Chains To Be Transformed Were: 0 AND Number of Transformed insts Created are: 0
INFO: [Opt 31-1566] Pulled 3 inverters resulting in an inversion of 10 pins
INFO: [Opt 31-138] Pushed 6 inverter(s) to 21 load pin(s).
INFO: [Opt 31-49] Retargeted 0 cell(s).
Phase 3 Retarget | Checksum: 27069b51c

Time (s): cpu = 00:01:02 ; elapsed = 00:00:32 . Memory (MB): peak = 2977.648 ; gain = 23.812 ; free physical = 705 ; free virtual = 1991
Retarget | Checksum: 27069b51c
INFO: [Opt 31-389] Phase Retarget created 25 cells and removed 68 cells
INFO: [Opt 31-1021] In phase Retarget, 147 netlist objects are constrained preventing optimization. Please run opt_design with -debug_log to get more detail. 

Phase 4 Constant propagation
INFO: [Opt 31-138] Pushed 0 inverter(s) to 0 load pin(s).
Phase 4 Constant propagation | Checksum: 231520361

Time (s): cpu = 00:01:02 ; elapsed = 00:00:32 . Memory (MB): peak = 2977.648 ; gain = 23.812 ; free physical = 704 ; free virtual = 1991
Constant propagation | Checksum: 231520361
INFO: [Opt 31-389] Phase Constant propagation created 44 cells and removed 99 cells
INFO: [Opt 31-1021] In phase Constant propagation, 127 netlist objects are constrained preventing optimization. Please run opt_design with -debug_log to get more detail. 

Phase 5 Sweep
INFO: [Constraints 18-11670] Building netlist checker database with flags, 0x8
Done building netlist checker database: Time (s): cpu = 00:00:00.01 ; elapsed = 00:00:00.01 . Memory (MB): peak = 2977.648 ; gain = 0.000 ; free physical = 702 ; free virtual = 1990
INFO: [Constraints 18-11670] Building netlist checker database with flags, 0x8
Done building netlist checker database: Time (s): cpu = 00:00:00.01 ; elapsed = 00:00:00.01 . Memory (MB): peak = 2977.648 ; gain = 0.000 ; free physical = 701 ; free virtual = 1990
Phase 5 Sweep | Checksum: 1de4481e2

Time (s): cpu = 00:01:04 ; elapsed = 00:00:34 . Memory (MB): peak = 2977.648 ; gain = 23.812 ; free physical = 701 ; free virtual = 1989
Sweep | Checksum: 1de4481e2
INFO: [Opt 31-389] Phase Sweep created 0 cells and removed 258 cells
INFO: [Opt 31-1021] In phase Sweep, 962 netlist objects are constrained preventing optimization. Please run opt_design with -debug_log to get more detail. 

Phase 6 BUFG optimization
Phase 6 BUFG optimization | Checksum: 1de4481e2

Time (s): cpu = 00:01:04 ; elapsed = 00:00:34 . Memory (MB): peak = 3009.664 ; gain = 55.828 ; free physical = 701 ; free virtual = 1990
BUFG optimization | Checksum: 1de4481e2
INFO: [Opt 31-662] Phase BUFG optimization created 0 cells of which 0 are BUFGs and removed 0 cells.

Phase 7 Shift Register Optimization
INFO: [Opt 31-1064] SRL Remap converted 0 SRLs to 0 registers and converted 0 registers of register chains to 0 SRLs
Phase 7 Shift Register Optimization | Checksum: 1de4481e2

Time (s): cpu = 00:01:04 ; elapsed = 00:00:34 . Memory (MB): peak = 3009.664 ; gain = 55.828 ; free physical = 701 ; free virtual = 1990
Shift Register Optimization | Checksum: 1de4481e2
INFO: [Opt 31-389] Phase Shift Register Optimization created 0 cells and removed 0 cells

Phase 8 Post Processing Netlist
Phase 8 Post Processing Netlist | Checksum: 1f3e37c8f

Time (s): cpu = 00:01:04 ; elapsed = 00:00:34 . Memory (MB): peak = 3009.664 ; gain = 55.828 ; free physical = 701 ; free virtual = 1989
Post Processing Netlist | Checksum: 1f3e37c8f
INFO: [Opt 31-389] Phase Post Processing Netlist created 0 cells and removed 0 cells
INFO: [Opt 31-1021] In phase Post Processing Netlist, 152 netlist objects are constrained preventing optimization. Please run opt_design with -debug_log to get more detail. 

Phase 9 Finalization

Phase 9.1 Finalizing Design Cores and Updating Shapes
Phase 9.1 Finalizing Design Cores and Updating Shapes | Checksum: 1888617f8

Time (s): cpu = 00:01:05 ; elapsed = 00:00:35 . Memory (MB): peak = 3009.664 ; gain = 55.828 ; free physical = 701 ; free virtual = 1989

Phase 9.2 Verifying Netlist Connectivity

Starting Connectivity Check Task

Time (s): cpu = 00:00:00.03 ; elapsed = 00:00:00.03 . Memory (MB): peak = 3009.664 ; gain = 0.000 ; free physical = 700 ; free virtual = 1989
Phase 9.2 Verifying Netlist Connectivity | Checksum: 1888617f8

Time (s): cpu = 00:01:05 ; elapsed = 00:00:35 . Memory (MB): peak = 3009.664 ; gain = 55.828 ; free physical = 701 ; free virtual = 1989
Phase 9 Finalization | Checksum: 1888617f8

Time (s): cpu = 00:01:05 ; elapsed = 00:00:35 . Memory (MB): peak = 3009.664 ; gain = 55.828 ; free physical = 700 ; free virtual = 1989
Opt_design Change Summary
=========================


-------------------------------------------------------------------------------------------------------------------------
|  Phase                        |  #Cells created  |  #Cells Removed  |  #Constrained objects preventing optimizations  |
-------------------------------------------------------------------------------------------------------------------------
|  Retarget                     |              25  |              68  |                                            147  |
|  Constant propagation         |              44  |              99  |                                            127  |
|  Sweep                        |               0  |             258  |                                            962  |
|  BUFG optimization            |               0  |               0  |                                              0  |
|  Shift Register Optimization  |               0  |               0  |                                              0  |
|  Post Processing Netlist      |               0  |               0  |                                            152  |
-------------------------------------------------------------------------------------------------------------------------


Ending Logic Optimization Task | Checksum: 1888617f8

Time (s): cpu = 00:01:05 ; elapsed = 00:00:35 . Memory (MB): peak = 3009.664 ; gain = 55.828 ; free physical = 700 ; free virtual = 1989

Starting Power Optimization Task
INFO: [Pwropt 34-132] Skipping clock gating for clocks with a period < 2.00 ns.
INFO: [Pwropt 34-9] Applying IDT optimizations ...
INFO: [Pwropt 34-10] Applying ODC optimizations ...
INFO: [Timing 38-35] Done setting XDC timing constraints.
Running Vector-less Activity Propagation...

Finished Running Vector-less Activity Propagation


Starting PowerOpt Patch Enables Task
INFO: [Pwropt 34-162] WRITE_MODE attribute of 0 BRAM(s) out of a total of 3 has been updated to save power. Run report_power_opt to get a complete listing of the BRAMs updated.
INFO: [Pwropt 34-201] Structural ODC has moved 0 WE to EN ports
Number of BRAM Ports augmented: 4 newly gated: 0 Total Ports: 6
Ending PowerOpt Patch Enables Task | Checksum: 1af69bdd8

Time (s): cpu = 00:00:00.13 ; elapsed = 00:00:00.12 . Memory (MB): peak = 3177.715 ; gain = 0.000 ; free physical = 652 ; free virtual = 1949
Ending Power Optimization Task | Checksum: 1af69bdd8

Time (s): cpu = 00:00:07 ; elapsed = 00:00:03 . Memory (MB): peak = 3177.715 ; gain = 168.051 ; free physical = 652 ; free virtual = 1949

Starting Final Cleanup Task
Ending Final Cleanup Task | Checksum: 1af69bdd8

Time (s): cpu = 00:00:00.01 ; elapsed = 00:00:00.01 . Memory (MB): peak = 3177.715 ; gain = 0.000 ; free physical = 652 ; free virtual = 1949
Netlist sorting complete. Time (s): cpu = 00:00:00.01 ; elapsed = 00:00:00.01 . Memory (MB): peak = 3177.715 ; gain = 0.000 ; free physical = 652 ; free virtual = 1949
INFO: [Common 17-83] Releasing license: Implementation
62 Infos, 9 Warnings, 0 Critical Warnings and 0 Errors encountered.
opt_design completed successfully
opt_design: Time (s): cpu = 00:01:24 ; elapsed = 00:00:47 . Memory (MB): peak = 3177.715 ; gain = 578.656 ; free physical = 652 ; free virtual = 1949
INFO: [Vivado 12-24828] Executing command : report_drc -file audio_pipe_hw_wrapper_drc_opted.rpt -pb audio_pipe_hw_wrapper_drc_opted.pb -rpx audio_pipe_hw_wrapper_drc_opted.rpx
Command: report_drc -file audio_pipe_hw_wrapper_drc_opted.rpt -pb audio_pipe_hw_wrapper_drc_opted.pb -rpx audio_pipe_hw_wrapper_drc_opted.rpx
INFO: [IP_Flow 19-1839] IP Catalog is up to date.
INFO: [DRC 23-27] Running DRC with 8 threads
INFO: [Vivado_Tcl 2-168] The results of DRC are in file /home/alen/git/AMD-FPGA-Practice/zybo-z7-audio/hw/audio-pipe-hw-v0/audio_pipe_hw.runs/impl_1/audio_pipe_hw_wrapper_drc_opted.rpt.
report_drc completed successfully
INFO: [Timing 38-480] Writing timing data to binary archive.
Wrote PlaceDB: Time (s): cpu = 00:00:00 ; elapsed = 00:00:00 . Memory (MB): peak = 3177.715 ; gain = 0.000 ; free physical = 660 ; free virtual = 1967
Wrote PulsedLatchDB: Time (s): cpu = 00:00:00 ; elapsed = 00:00:00 . Memory (MB): peak = 3177.715 ; gain = 0.000 ; free physical = 660 ; free virtual = 1967
Writing XDEF routing.
Write ShapeDB Complete: Time (s): cpu = 00:00:00.19 ; elapsed = 00:00:00.04 . Memory (MB): peak = 3177.715 ; gain = 0.000 ; free physical = 659 ; free virtual = 1967
Writing XDEF routing logical nets.
Writing XDEF routing special nets.
Wrote RouteStorage: Time (s): cpu = 00:00:00.29 ; elapsed = 00:00:00.06 . Memory (MB): peak = 3177.715 ; gain = 0.000 ; free physical = 659 ; free virtual = 1968
Wrote PlaceStorage: Time (s): cpu = 00:00:00.08 ; elapsed = 00:00:00.02 . Memory (MB): peak = 3177.715 ; gain = 0.000 ; free physical = 659 ; free virtual = 1967
Wrote Netlist Cache: Time (s): cpu = 00:00:00.01 ; elapsed = 00:00:00.01 . Memory (MB): peak = 3177.715 ; gain = 0.000 ; free physical = 659 ; free virtual = 1967
Wrote Device Cache: Time (s): cpu = 00:00:00.08 ; elapsed = 00:00:00.02 . Memory (MB): peak = 3177.715 ; gain = 0.000 ; free physical = 658 ; free virtual = 1967
Write Physdb Complete: Time (s): cpu = 00:00:00.5 ; elapsed = 00:00:00.12 . Memory (MB): peak = 3177.715 ; gain = 0.000 ; free physical = 658 ; free virtual = 1967
INFO: [Common 17-1381] The checkpoint '/home/alen/git/AMD-FPGA-Practice/zybo-z7-audio/hw/audio-pipe-hw-v0/audio_pipe_hw.runs/impl_1/audio_pipe_hw_wrapper_opt.dcp' has been generated.
INFO: [Chipscope 16-240] Debug cores have already been implemented
Command: place_design
Attempting to get a license for feature 'Implementation' and/or device 'xc7z010'
INFO: [Common 17-349] Got license for feature 'Implementation' and/or device 'xc7z010'
INFO: [Common 17-83] Releasing license: Implementation
INFO: [DRC 23-27] Running DRC with 8 threads
INFO: [Vivado_Tcl 4-198] DRC finished with 0 Errors
INFO: [Vivado_Tcl 4-199] Please refer to the DRC report (report_drc) for more information.
INFO: [Timing 38-35] Done setting XDC timing constraints.
Running DRC as a precondition to command place_design
INFO: [DRC 23-27] Running DRC with 8 threads
INFO: [Vivado_Tcl 4-198] DRC finished with 0 Errors
INFO: [Vivado_Tcl 4-199] Please refer to the DRC report (report_drc) for more information.
INFO: [Place 30-611] Multithreading enabled for place_design using a maximum of 8 CPUs

Starting Placer Task

Phase 1 Placer Initialization

Phase 1.1 Placer Initialization Netlist Sorting
Netlist sorting complete. Time (s): cpu = 00:00:00.01 ; elapsed = 00:00:00.01 . Memory (MB): peak = 3212.770 ; gain = 0.000 ; free physical = 482 ; free virtual = 1911
Phase 1.1 Placer Initialization Netlist Sorting | Checksum: 16f5fb602

Time (s): cpu = 00:00:00.01 ; elapsed = 00:00:00.02 . Memory (MB): peak = 3212.770 ; gain = 0.000 ; free physical = 482 ; free virtual = 1911
Netlist sorting complete. Time (s): cpu = 00:00:00.01 ; elapsed = 00:00:00 . Memory (MB): peak = 3212.770 ; gain = 0.000 ; free physical = 482 ; free virtual = 1911

Phase 1.2 IO Placement/ Clock Placement/ Build Placer Device
Phase 1.2 IO Placement/ Clock Placement/ Build Placer Device | Checksum: 1697010c8

Time (s): cpu = 00:00:03 ; elapsed = 00:00:02 . Memory (MB): peak = 3212.770 ; gain = 0.000 ; free physical = 478 ; free virtual = 1910

Phase 1.3 Build Placer Netlist Model
Phase 1.3 Build Placer Netlist Model | Checksum: 1cf4096d6

Time (s): cpu = 00:00:10 ; elapsed = 00:00:05 . Memory (MB): peak = 3212.770 ; gain = 0.000 ; free physical = 359 ; free virtual = 1840

Phase 1.4 Constrain Clocks/Macros
Phase 1.4 Constrain Clocks/Macros | Checksum: 1cf4096d6

Time (s): cpu = 00:00:10 ; elapsed = 00:00:05 . Memory (MB): peak = 3212.770 ; gain = 0.000 ; free physical = 359 ; free virtual = 1841
Phase 1 Placer Initialization | Checksum: 1cf4096d6

Time (s): cpu = 00:00:10 ; elapsed = 00:00:05 . Memory (MB): peak = 3212.770 ; gain = 0.000 ; free physical = 359 ; free virtual = 1841

Phase 2 Global Placement

Phase 2.1 Floorplanning
Phase 2.1 Floorplanning | Checksum: 21932ff03

Time (s): cpu = 00:00:14 ; elapsed = 00:00:06 . Memory (MB): peak = 3212.770 ; gain = 0.000 ; free physical = 295 ; free virtual = 1816

Phase 2.2 Update Timing before SLR Path Opt
Phase 2.2 Update Timing before SLR Path Opt | Checksum: 200f8f24c

Time (s): cpu = 00:00:16 ; elapsed = 00:00:06 . Memory (MB): peak = 3212.770 ; gain = 0.000 ; free physical = 275 ; free virtual = 1801

Phase 2.3 Post-Processing in Floorplanning
Phase 2.3 Post-Processing in Floorplanning | Checksum: 200f8f24c

Time (s): cpu = 00:00:16 ; elapsed = 00:00:06 . Memory (MB): peak = 3212.770 ; gain = 0.000 ; free physical = 273 ; free virtual = 1799

Phase 2.4 Global Place Phase1
Phase 2.4 Global Place Phase1 | Checksum: 25c44674c

Time (s): cpu = 00:00:44 ; elapsed = 00:00:14 . Memory (MB): peak = 3212.770 ; gain = 0.000 ; free physical = 213 ; free virtual = 1766

Phase 2.5 Global Place Phase2

Phase 2.5.1 UpdateTiming Before Physical Synthesis
Phase 2.5.1 UpdateTiming Before Physical Synthesis | Checksum: 25c44674c

Time (s): cpu = 00:00:47 ; elapsed = 00:00:15 . Memory (MB): peak = 3212.770 ; gain = 0.000 ; free physical = 211 ; free virtual = 1765

Phase 2.5.2 Physical Synthesis In Placer
INFO: [Physopt 32-1035] Found 0 LUTNM shape to break, 286 LUT instances to create LUTNM shape
INFO: [Physopt 32-1044] Break lutnm for timing: one critical 0, two critical 0, total 0, new lutff created 0
INFO: [Physopt 32-1138] End 1 Pass. Optimized 117 nets or LUTs. Breaked 0 LUT, combined 117 existing LUTs and moved 0 existing LUT
INFO: [Physopt 32-65] No nets found for high-fanout optimization.
INFO: [Physopt 32-232] Optimized 0 net. Created 0 new instance.
INFO: [Physopt 32-775] End 1 Pass. Optimized 0 net or cell. Created 0 new cell, deleted 0 existing cell and moved 0 existing cell
INFO: [Physopt 32-670] No setup violation found.  DSP Register Optimization was not performed.
INFO: [Physopt 32-670] No setup violation found.  Shift Register to Pipeline Optimization was not performed.
INFO: [Physopt 32-670] No setup violation found.  Shift Register Optimization was not performed.
INFO: [Physopt 32-670] No setup violation found.  BRAM Register Optimization was not performed.
INFO: [Physopt 32-670] No setup violation found.  URAM Register Optimization was not performed.
INFO: [Physopt 32-949] No candidate nets found for dynamic/static region interface net replication
INFO: [Physopt 32-775] End 1 Pass. Optimized 0 net or cell. Created 0 new cell, deleted 0 existing cell and moved 0 existing cell
Netlist sorting complete. Time (s): cpu = 00:00:00.01 ; elapsed = 00:00:00 . Memory (MB): peak = 3212.770 ; gain = 0.000 ; free physical = 177 ; free virtual = 1743

Summary of Physical Synthesis Optimizations
============================================


-----------------------------------------------------------------------------------------------------------------------------------------------------------
|  Optimization                                     |  Added Cells  |  Removed Cells  |  Optimized Cells/Nets  |  Dont Touch  |  Iterations  |  Elapsed   |
-----------------------------------------------------------------------------------------------------------------------------------------------------------
|  LUT Combining                                    |            0  |            117  |                   117  |           0  |           1  |  00:00:00  |
|  Retime                                           |            0  |              0  |                     0  |           0  |           1  |  00:00:00  |
|  Very High Fanout                                 |            0  |              0  |                     0  |           0  |           1  |  00:00:00  |
|  DSP Register                                     |            0  |              0  |                     0  |           0  |           0  |  00:00:00  |
|  Shift Register to Pipeline                       |            0  |              0  |                     0  |           0  |           0  |  00:00:00  |
|  Shift Register                                   |            0  |              0  |                     0  |           0  |           0  |  00:00:00  |
|  BRAM Register                                    |            0  |              0  |                     0  |           0  |           0  |  00:00:00  |
|  URAM Register                                    |            0  |              0  |                     0  |           0  |           0  |  00:00:00  |
|  Dynamic/Static Region Interface Net Replication  |            0  |              0  |                     0  |           0  |           1  |  00:00:00  |
|  Total                                            |            0  |            117  |                   117  |           0  |           4  |  00:00:01  |
-----------------------------------------------------------------------------------------------------------------------------------------------------------


Phase 2.5.2 Physical Synthesis In Placer | Checksum: 267f6bb10

Time (s): cpu = 00:00:51 ; elapsed = 00:00:17 . Memory (MB): peak = 3212.770 ; gain = 0.000 ; free physical = 176 ; free virtual = 1742
Phase 2.5 Global Place Phase2 | Checksum: 220eef878

Time (s): cpu = 00:00:53 ; elapsed = 00:00:18 . Memory (MB): peak = 3212.770 ; gain = 0.000 ; free physical = 175 ; free virtual = 1742
Phase 2 Global Placement | Checksum: 220eef878

Time (s): cpu = 00:00:53 ; elapsed = 00:00:18 . Memory (MB): peak = 3212.770 ; gain = 0.000 ; free physical = 176 ; free virtual = 1743

Phase 3 Detail Placement

Phase 3.1 Commit Multi Column Macros
Phase 3.1 Commit Multi Column Macros | Checksum: 2e3892231

Time (s): cpu = 00:00:55 ; elapsed = 00:00:18 . Memory (MB): peak = 3212.770 ; gain = 0.000 ; free physical = 175 ; free virtual = 1742

Phase 3.2 Commit Most Macros & LUTRAMs
Phase 3.2 Commit Most Macros & LUTRAMs | Checksum: 278caa3c9

Time (s): cpu = 00:01:00 ; elapsed = 00:00:19 . Memory (MB): peak = 3212.770 ; gain = 0.000 ; free physical = 174 ; free virtual = 1742

Phase 3.3 Area Swap Optimization
Phase 3.3 Area Swap Optimization | Checksum: 2a0d51e6b

Time (s): cpu = 00:01:00 ; elapsed = 00:00:20 . Memory (MB): peak = 3212.770 ; gain = 0.000 ; free physical = 176 ; free virtual = 1744

Phase 3.4 Pipeline Register Optimization
Phase 3.4 Pipeline Register Optimization | Checksum: 238652009

Time (s): cpu = 00:01:00 ; elapsed = 00:00:20 . Memory (MB): peak = 3212.770 ; gain = 0.000 ; free physical = 176 ; free virtual = 1744

Phase 3.5 Small Shape Detail Placement
Phase 3.5 Small Shape Detail Placement | Checksum: 1cfa5dcd2

Time (s): cpu = 00:01:07 ; elapsed = 00:00:26 . Memory (MB): peak = 3212.770 ; gain = 0.000 ; free physical = 254 ; free virtual = 1814

Phase 3.6 Re-assign LUT pins
Phase 3.6 Re-assign LUT pins | Checksum: 170e201f3

Time (s): cpu = 00:01:08 ; elapsed = 00:00:27 . Memory (MB): peak = 3212.770 ; gain = 0.000 ; free physical = 184 ; free virtual = 1748

Phase 3.7 Pipeline Register Optimization
Phase 3.7 Pipeline Register Optimization | Checksum: 1b2e5bf61

Time (s): cpu = 00:01:08 ; elapsed = 00:00:27 . Memory (MB): peak = 3212.770 ; gain = 0.000 ; free physical = 184 ; free virtual = 1748
Phase 3 Detail Placement | Checksum: 1b2e5bf61

Time (s): cpu = 00:01:08 ; elapsed = 00:00:27 . Memory (MB): peak = 3212.770 ; gain = 0.000 ; free physical = 184 ; free virtual = 1748

Phase 4 Post Placement Optimization and Clean-Up

Phase 4.1 Post Commit Optimization
INFO: [Timing 38-35] Done setting XDC timing constraints.

Phase 4.1.1 Post Placement Optimization
Post Placement Optimization Initialization | Checksum: f3c48fca

Phase 4.1.1.1 BUFG Insertion

Starting Physical Synthesis Task

Phase 1 Physical Synthesis Initialization
INFO: [Physopt 32-721] Multithreading enabled for phys_opt_design using a maximum of 8 CPUs
INFO: [Physopt 32-619] Estimated Timing Summary | WNS=12.358 | TNS=0.000 |
Phase 1 Physical Synthesis Initialization | Checksum: 13d7329a9

Time (s): cpu = 00:00:01 ; elapsed = 00:00:00.25 . Memory (MB): peak = 3212.770 ; gain = 0.000 ; free physical = 190 ; free virtual = 1755
INFO: [Place 46-56] BUFG insertion identified 0 candidate nets. Inserted BUFG: 0, Replicated BUFG Driver: 0, Skipped due to Placement/Routing Conflicts: 0, Skipped due to Timing Degradation: 0, Skipped due to netlist editing failed: 0.
Ending Physical Synthesis Task | Checksum: 1cf379c9f

Time (s): cpu = 00:00:01 ; elapsed = 00:00:00.33 . Memory (MB): peak = 3212.770 ; gain = 0.000 ; free physical = 192 ; free virtual = 1755
Phase 4.1.1.1 BUFG Insertion | Checksum: f3c48fca

Time (s): cpu = 00:01:18 ; elapsed = 00:00:30 . Memory (MB): peak = 3212.770 ; gain = 0.000 ; free physical = 195 ; free virtual = 1757

Phase 4.1.1.2 Post Placement Timing Optimization
INFO: [Place 30-746] Post Placement Timing Summary WNS=12.358. For the most accurate timing information please run report_timing.
Phase 4.1.1.2 Post Placement Timing Optimization | Checksum: 142af77de

Time (s): cpu = 00:01:19 ; elapsed = 00:00:30 . Memory (MB): peak = 3212.770 ; gain = 0.000 ; free physical = 196 ; free virtual = 1758

Time (s): cpu = 00:01:19 ; elapsed = 00:00:30 . Memory (MB): peak = 3212.770 ; gain = 0.000 ; free physical = 196 ; free virtual = 1758
Phase 4.1 Post Commit Optimization | Checksum: 142af77de

Time (s): cpu = 00:01:19 ; elapsed = 00:00:30 . Memory (MB): peak = 3212.770 ; gain = 0.000 ; free physical = 195 ; free virtual = 1758

Phase 4.2 Post Placement Cleanup
Phase 4.2 Post Placement Cleanup | Checksum: 142af77de

Time (s): cpu = 00:01:19 ; elapsed = 00:00:30 . Memory (MB): peak = 3212.770 ; gain = 0.000 ; free physical = 195 ; free virtual = 1758

Phase 4.3 Placer Reporting

Phase 4.3.1 Print Estimated Congestion
INFO: [Place 30-612] Post-Placement Estimated Congestion 
 ____________________________________________________
|           | Global Congestion | Short Congestion  |
| Direction | Region Size       | Region Size       |
|___________|___________________|___________________|
|      North|                1x1|                1x1|
|___________|___________________|___________________|
|      South|                1x1|                1x1|
|___________|___________________|___________________|
|       East|                1x1|                1x1|
|___________|___________________|___________________|
|       West|                1x1|                1x1|
|___________|___________________|___________________|

Phase 4.3.1 Print Estimated Congestion | Checksum: 142af77de

Time (s): cpu = 00:01:19 ; elapsed = 00:00:30 . Memory (MB): peak = 3212.770 ; gain = 0.000 ; free physical = 195 ; free virtual = 1758
Phase 4.3 Placer Reporting | Checksum: 142af77de

Time (s): cpu = 00:01:19 ; elapsed = 00:00:30 . Memory (MB): peak = 3212.770 ; gain = 0.000 ; free physical = 195 ; free virtual = 1758

Phase 4.4 Final Placement Cleanup
Netlist sorting complete. Time (s): cpu = 00:00:00 ; elapsed = 00:00:00.01 . Memory (MB): peak = 3212.770 ; gain = 0.000 ; free physical = 195 ; free virtual = 1758

Time (s): cpu = 00:01:19 ; elapsed = 00:00:30 . Memory (MB): peak = 3212.770 ; gain = 0.000 ; free physical = 195 ; free virtual = 1758
Phase 4 Post Placement Optimization and Clean-Up | Checksum: 1cdda3e12

Time (s): cpu = 00:01:19 ; elapsed = 00:00:30 . Memory (MB): peak = 3212.770 ; gain = 0.000 ; free physical = 195 ; free virtual = 1758
Ending Placer Task | Checksum: 16190fbca

Time (s): cpu = 00:01:19 ; elapsed = 00:00:30 . Memory (MB): peak = 3212.770 ; gain = 0.000 ; free physical = 195 ; free virtual = 1758
98 Infos, 9 Warnings, 0 Critical Warnings and 0 Errors encountered.
place_design completed successfully
place_design: Time (s): cpu = 00:01:34 ; elapsed = 00:00:38 . Memory (MB): peak = 3212.770 ; gain = 35.055 ; free physical = 195 ; free virtual = 1758
INFO: [Vivado 12-24838] Running report commands "report_control_sets, report_io, report_utilization" in parallel.
Running report generation with 3 threads.
INFO: [Vivado 12-24828] Executing command : report_control_sets -verbose -file audio_pipe_hw_wrapper_control_sets_placed.rpt
report_control_sets: Time (s): cpu = 00:00:00.66 ; elapsed = 00:00:00.39 . Memory (MB): peak = 3212.770 ; gain = 0.000 ; free physical = 181 ; free virtual = 1745
INFO: [Vivado 12-24828] Executing command : report_io -file audio_pipe_hw_wrapper_io_placed.rpt
report_io: Time (s): cpu = 00:00:00.84 ; elapsed = 00:00:00.54 . Memory (MB): peak = 3212.770 ; gain = 0.000 ; free physical = 189 ; free virtual = 1754
INFO: [Vivado 12-24828] Executing command : report_utilization -file audio_pipe_hw_wrapper_utilization_placed.rpt -pb audio_pipe_hw_wrapper_utilization_placed.pb
INFO: [Timing 38-480] Writing timing data to binary archive.
Wrote PlaceDB: Time (s): cpu = 00:00:00 ; elapsed = 00:00:00 . Memory (MB): peak = 3212.770 ; gain = 0.000 ; free physical = 194 ; free virtual = 1760
Wrote PulsedLatchDB: Time (s): cpu = 00:00:00 ; elapsed = 00:00:00 . Memory (MB): peak = 3212.770 ; gain = 0.000 ; free physical = 194 ; free virtual = 1760
Writing XDEF routing.
Writing XDEF routing logical nets.
Write ShapeDB Complete: Time (s): cpu = 00:00:00.31 ; elapsed = 00:00:00.07 . Memory (MB): peak = 3212.770 ; gain = 0.000 ; free physical = 195 ; free virtual = 1762
Writing XDEF routing special nets.
Wrote RouteStorage: Time (s): cpu = 00:00:00.33 ; elapsed = 00:00:00.08 . Memory (MB): peak = 3212.770 ; gain = 0.000 ; free physical = 195 ; free virtual = 1762
Wrote PlaceStorage: Time (s): cpu = 00:00:03 ; elapsed = 00:00:00.87 . Memory (MB): peak = 3212.770 ; gain = 0.000 ; free physical = 188 ; free virtual = 1763
Wrote Netlist Cache: Time (s): cpu = 00:00:00.07 ; elapsed = 00:00:00.02 . Memory (MB): peak = 3212.770 ; gain = 0.000 ; free physical = 187 ; free virtual = 1763
Wrote Device Cache: Time (s): cpu = 00:00:00.05 ; elapsed = 00:00:00.02 . Memory (MB): peak = 3212.770 ; gain = 0.000 ; free physical = 186 ; free virtual = 1763
Write Physdb Complete: Time (s): cpu = 00:00:03 ; elapsed = 00:00:01 . Memory (MB): peak = 3212.770 ; gain = 0.000 ; free physical = 186 ; free virtual = 1763
INFO: [Common 17-1381] The checkpoint '/home/alen/git/AMD-FPGA-Practice/zybo-z7-audio/hw/audio-pipe-hw-v0/audio_pipe_hw.runs/impl_1/audio_pipe_hw_wrapper_placed.dcp' has been generated.
Command: phys_opt_design
Attempting to get a license for feature 'Implementation' and/or device 'xc7z010'
INFO: [Common 17-349] Got license for feature 'Implementation' and/or device 'xc7z010'

Starting Initial Update Timing Task

Time (s): cpu = 00:00:07 ; elapsed = 00:00:02 . Memory (MB): peak = 3212.770 ; gain = 0.000 ; free physical = 182 ; free virtual = 1753
INFO: [Vivado_Tcl 4-2279] Estimated Timing Summary | WNS= 12.358 | TNS= 0.000 | 
INFO: [Vivado_Tcl 4-383] Design worst setup slack (WNS) is greater than or equal to 0.000 ns. All physical synthesis setup optimizations will be skipped.
INFO: [Vivado_Tcl 4-232] No setup violation found. The netlist was not modified.
INFO: [Common 17-83] Releasing license: Implementation
109 Infos, 9 Warnings, 0 Critical Warnings and 0 Errors encountered.
phys_opt_design completed successfully
INFO: [Timing 38-480] Writing timing data to binary archive.
Wrote PlaceDB: Time (s): cpu = 00:00:00 ; elapsed = 00:00:00 . Memory (MB): peak = 3212.770 ; gain = 0.000 ; free physical = 182 ; free virtual = 1753
Wrote PulsedLatchDB: Time (s): cpu = 00:00:00 ; elapsed = 00:00:00 . Memory (MB): peak = 3212.770 ; gain = 0.000 ; free physical = 182 ; free virtual = 1753
Writing XDEF routing.
Writing XDEF routing logical nets.
Write ShapeDB Complete: Time (s): cpu = 00:00:00.27 ; elapsed = 00:00:00.06 . Memory (MB): peak = 3212.770 ; gain = 0.000 ; free physical = 181 ; free virtual = 1754
Writing XDEF routing special nets.
Wrote RouteStorage: Time (s): cpu = 00:00:00.3 ; elapsed = 00:00:00.06 . Memory (MB): peak = 3212.770 ; gain = 0.000 ; free physical = 181 ; free virtual = 1754
Wrote PlaceStorage: Time (s): cpu = 00:00:03 ; elapsed = 00:00:00.88 . Memory (MB): peak = 3212.770 ; gain = 0.000 ; free physical = 175 ; free virtual = 1756
Wrote Netlist Cache: Time (s): cpu = 00:00:00.07 ; elapsed = 00:00:00.02 . Memory (MB): peak = 3212.770 ; gain = 0.000 ; free physical = 174 ; free virtual = 1756
Wrote Device Cache: Time (s): cpu = 00:00:00.06 ; elapsed = 00:00:00.03 . Memory (MB): peak = 3212.770 ; gain = 0.000 ; free physical = 173 ; free virtual = 1756
Write Physdb Complete: Time (s): cpu = 00:00:03 ; elapsed = 00:00:01 . Memory (MB): peak = 3212.770 ; gain = 0.000 ; free physical = 173 ; free virtual = 1756
INFO: [Common 17-1381] The checkpoint '/home/alen/git/AMD-FPGA-Practice/zybo-z7-audio/hw/audio-pipe-hw-v0/audio_pipe_hw.runs/impl_1/audio_pipe_hw_wrapper_physopt.dcp' has been generated.
Command: route_design
Attempting to get a license for feature 'Implementation' and/or device 'xc7z010'
INFO: [Common 17-349] Got license for feature 'Implementation' and/or device 'xc7z010'


Starting Routing Task
INFO: [Route 35-254] Multithreading enabled for route_design using a maximum of 8 CPUs

Phase 1 Build RT Design
Checksum: PlaceDB: b49095fd ConstDB: 0 ShapeSum: 43680ea2 RouteDB: 6998572b
Post Restoration Checksum: NetGraph: 9d3776ba | NumContArr: abf281b4 | Constraints: c2a8fa9d | Timing: c2a8fa9d
Phase 1 Build RT Design | Checksum: 2ce7beda8

Time (s): cpu = 00:00:37 ; elapsed = 00:00:28 . Memory (MB): peak = 3212.770 ; gain = 0.000 ; free physical = 214 ; free virtual = 1816

Phase 2 Router Initialization

Phase 2.1 Fix Topology Constraints
Phase 2.1 Fix Topology Constraints | Checksum: 2ce7beda8

Time (s): cpu = 00:00:37 ; elapsed = 00:00:28 . Memory (MB): peak = 3212.770 ; gain = 0.000 ; free physical = 213 ; free virtual = 1816

Phase 2.2 Pre Route Cleanup
Phase 2.2 Pre Route Cleanup | Checksum: 2ce7beda8

Time (s): cpu = 00:00:37 ; elapsed = 00:00:28 . Memory (MB): peak = 3212.770 ; gain = 0.000 ; free physical = 213 ; free virtual = 1815
 Number of Nodes with overlaps = 0

Phase 2.3 Update Timing
Phase 2.3 Update Timing | Checksum: 263a53907

Time (s): cpu = 00:00:49 ; elapsed = 00:00:31 . Memory (MB): peak = 3212.770 ; gain = 0.000 ; free physical = 135 ; free virtual = 1738
INFO: [Route 35-416] Intermediate Timing Summary | WNS=12.333 | TNS=0.000  | WHS=-0.354 | THS=-207.966|


Phase 2.4 Update Timing for Bus Skew

Phase 2.4.1 Update Timing
Phase 2.4.1 Update Timing | Checksum: 29ca46e13

Time (s): cpu = 00:00:57 ; elapsed = 00:00:33 . Memory (MB): peak = 3212.770 ; gain = 0.000 ; free physical = 130 ; free virtual = 1735
INFO: [Route 35-416] Intermediate Timing Summary | WNS=12.333 | TNS=0.000  | WHS=-0.099 | THS=-0.683 |

Phase 2.4 Update Timing for Bus Skew | Checksum: 1dd9ccd6c

Time (s): cpu = 00:00:57 ; elapsed = 00:00:34 . Memory (MB): peak = 3212.770 ; gain = 0.000 ; free physical = 147 ; free virtual = 1748

Phase 2.5 Soft Constraint Pins - Fast Budgeting
Phase 2.5 Soft Constraint Pins - Fast Budgeting | Checksum: 1dd9ccd6c

Time (s): cpu = 00:00:57 ; elapsed = 00:00:34 . Memory (MB): peak = 3212.770 ; gain = 0.000 ; free physical = 148 ; free virtual = 1749

Router Utilization Summary
  Global Vertical Routing Utilization    = 0 %
  Global Horizontal Routing Utilization  = 0 %
  Routable Net Status*
  *Does not include unroutable nets such as driverless and loadless.
  Run report_route_status for detailed report.
  Number of Failed Nets               = 8358
    (Failed Nets is the sum of unrouted and partially routed nets)
  Number of Unrouted Nets             = 8358
  Number of Partially Routed Nets     = 0
  Number of Node Overlaps             = 0

Phase 2 Router Initialization | Checksum: 24e14a36c

Time (s): cpu = 00:00:58 ; elapsed = 00:00:34 . Memory (MB): peak = 3212.770 ; gain = 0.000 ; free physical = 153 ; free virtual = 1754

Phase 3 Global Routing
Phase 3 Global Routing | Checksum: 24e14a36c

Time (s): cpu = 00:00:58 ; elapsed = 00:00:34 . Memory (MB): peak = 3212.770 ; gain = 0.000 ; free physical = 153 ; free virtual = 1754

Phase 4 Initial Routing

Phase 4.1 Initial Net Routing Pass
Phase 4.1 Initial Net Routing Pass | Checksum: 1d9c1e0d0

Time (s): cpu = 00:01:02 ; elapsed = 00:00:35 . Memory (MB): peak = 3212.770 ; gain = 0.000 ; free physical = 136 ; free virtual = 1737
Phase 4 Initial Routing | Checksum: 1d9c1e0d0

Time (s): cpu = 00:01:02 ; elapsed = 00:00:35 . Memory (MB): peak = 3212.770 ; gain = 0.000 ; free physical = 135 ; free virtual = 1736

Phase 5 Rip-up And Reroute

Phase 5.1 Global Iteration 0
 Number of Nodes with overlaps = 327
 Number of Nodes with overlaps = 3
 Number of Nodes with overlaps = 0
INFO: [Route 35-416] Intermediate Timing Summary | WNS=9.177  | TNS=0.000  | WHS=N/A    | THS=N/A    |

Phase 5.1 Global Iteration 0 | Checksum: 248d1f8dc

Time (s): cpu = 00:01:10 ; elapsed = 00:00:38 . Memory (MB): peak = 3212.770 ; gain = 0.000 ; free physical = 151 ; free virtual = 1758

Phase 5.2 Global Iteration 1
 Number of Nodes with overlaps = 0
INFO: [Route 35-416] Intermediate Timing Summary | WNS=9.177  | TNS=0.000  | WHS=N/A    | THS=N/A    |

Phase 5.2 Global Iteration 1 | Checksum: 1da1c5195

Time (s): cpu = 00:01:11 ; elapsed = 00:00:38 . Memory (MB): peak = 3212.770 ; gain = 0.000 ; free physical = 151 ; free virtual = 1757
Phase 5 Rip-up And Reroute | Checksum: 1da1c5195

Time (s): cpu = 00:01:11 ; elapsed = 00:00:38 . Memory (MB): peak = 3212.770 ; gain = 0.000 ; free physical = 151 ; free virtual = 1757

Phase 6 Delay and Skew Optimization

Phase 6.1 Delay CleanUp

Phase 6.1.1 Update Timing
Phase 6.1.1 Update Timing | Checksum: 17421b821

Time (s): cpu = 00:01:13 ; elapsed = 00:00:39 . Memory (MB): peak = 3212.770 ; gain = 0.000 ; free physical = 150 ; free virtual = 1756
INFO: [Route 35-416] Intermediate Timing Summary | WNS=9.191  | TNS=0.000  | WHS=N/A    | THS=N/A    |

Phase 6.1 Delay CleanUp | Checksum: 229fe1651

Time (s): cpu = 00:01:13 ; elapsed = 00:00:39 . Memory (MB): peak = 3212.770 ; gain = 0.000 ; free physical = 150 ; free virtual = 1756

Phase 6.2 Clock Skew Optimization
Phase 6.2 Clock Skew Optimization | Checksum: 229fe1651

Time (s): cpu = 00:01:13 ; elapsed = 00:00:39 . Memory (MB): peak = 3212.770 ; gain = 0.000 ; free physical = 150 ; free virtual = 1756
Phase 6 Delay and Skew Optimization | Checksum: 229fe1651

Time (s): cpu = 00:01:13 ; elapsed = 00:00:39 . Memory (MB): peak = 3212.770 ; gain = 0.000 ; free physical = 150 ; free virtual = 1756

Phase 7 Post Hold Fix

Phase 7.1 Hold Fix Iter
INFO: [Route 35-416] Intermediate Timing Summary | WNS=9.191  | TNS=0.000  | WHS=0.013  | THS=0.000  |

Phase 7.1 Hold Fix Iter | Checksum: 1f33f6200

Time (s): cpu = 00:01:15 ; elapsed = 00:00:39 . Memory (MB): peak = 3212.770 ; gain = 0.000 ; free physical = 149 ; free virtual = 1755
Phase 7 Post Hold Fix | Checksum: 1f33f6200

Time (s): cpu = 00:01:15 ; elapsed = 00:00:39 . Memory (MB): peak = 3212.770 ; gain = 0.000 ; free physical = 149 ; free virtual = 1755

Phase 8 Route finalize

Router Utilization Summary
  Global Vertical Routing Utilization    = 2.59389 %
  Global Horizontal Routing Utilization  = 3.80859 %
  Routable Net Status*
  *Does not include unroutable nets such as driverless and loadless.
  Run report_route_status for detailed report.
  Number of Failed Nets               = 0
    (Failed Nets is the sum of unrouted and partially routed nets)
  Number of Unrouted Nets             = 0
  Number of Partially Routed Nets     = 0
  Number of Node Overlaps             = 0

Phase 8 Route finalize | Checksum: 1f33f6200

Time (s): cpu = 00:01:15 ; elapsed = 00:00:39 . Memory (MB): peak = 3212.770 ; gain = 0.000 ; free physical = 149 ; free virtual = 1755

Phase 9 Verifying routed nets

 Verification completed successfully
Phase 9 Verifying routed nets | Checksum: 1f33f6200

Time (s): cpu = 00:01:15 ; elapsed = 00:00:39 . Memory (MB): peak = 3212.770 ; gain = 0.000 ; free physical = 149 ; free virtual = 1755

Phase 10 Depositing Routes
Phase 10 Depositing Routes | Checksum: 17acf8f01

Time (s): cpu = 00:01:17 ; elapsed = 00:00:41 . Memory (MB): peak = 3212.770 ; gain = 0.000 ; free physical = 142 ; free virtual = 1749

Phase 11 Post Process Routing
Phase 11 Post Process Routing | Checksum: 17acf8f01

Time (s): cpu = 00:01:17 ; elapsed = 00:00:41 . Memory (MB): peak = 3212.770 ; gain = 0.000 ; free physical = 142 ; free virtual = 1749

Phase 12 Post Router Timing
INFO: [Route 35-57] Estimated Timing Summary | WNS=9.191  | TNS=0.000  | WHS=0.013  | THS=0.000  |

INFO: [Route 35-327] The final timing numbers are based on the router estimated timing analysis. For a complete and accurate timing signoff, please run report_timing_summary.
Phase 12 Post Router Timing | Checksum: 17acf8f01

Time (s): cpu = 00:01:17 ; elapsed = 00:00:41 . Memory (MB): peak = 3212.770 ; gain = 0.000 ; free physical = 142 ; free virtual = 1749
Total Elapsed time in route_design: 40.58 secs

Phase 13 Post-Route Event Processing
Phase 13 Post-Route Event Processing | Checksum: 119c4914c

Time (s): cpu = 00:01:18 ; elapsed = 00:00:41 . Memory (MB): peak = 3212.770 ; gain = 0.000 ; free physical = 142 ; free virtual = 1749
INFO: [Route 35-16] Router Completed Successfully
Ending Routing Task | Checksum: 119c4914c

Time (s): cpu = 00:01:18 ; elapsed = 00:00:41 . Memory (MB): peak = 3212.770 ; gain = 0.000 ; free physical = 142 ; free virtual = 1749

Routing Is Done.
INFO: [Common 17-83] Releasing license: Implementation
123 Infos, 9 Warnings, 0 Critical Warnings and 0 Errors encountered.
route_design completed successfully
route_design: Time (s): cpu = 00:01:18 ; elapsed = 00:00:41 . Memory (MB): peak = 3212.770 ; gain = 0.000 ; free physical = 142 ; free virtual = 1749
INFO: [Vivado 12-24828] Executing command : report_drc -file audio_pipe_hw_wrapper_drc_routed.rpt -pb audio_pipe_hw_wrapper_drc_routed.pb -rpx audio_pipe_hw_wrapper_drc_routed.rpx
Command: report_drc -file audio_pipe_hw_wrapper_drc_routed.rpt -pb audio_pipe_hw_wrapper_drc_routed.pb -rpx audio_pipe_hw_wrapper_drc_routed.rpx
INFO: [IP_Flow 19-1839] IP Catalog is up to date.
INFO: [DRC 23-27] Running DRC with 8 threads
INFO: [Vivado_Tcl 2-168] The results of DRC are in file /home/alen/git/AMD-FPGA-Practice/zybo-z7-audio/hw/audio-pipe-hw-v0/audio_pipe_hw.runs/impl_1/audio_pipe_hw_wrapper_drc_routed.rpt.
report_drc completed successfully
INFO: [Vivado 12-24828] Executing command : report_methodology -file audio_pipe_hw_wrapper_methodology_drc_routed.rpt -pb audio_pipe_hw_wrapper_methodology_drc_routed.pb -rpx audio_pipe_hw_wrapper_methodology_drc_routed.rpx
Command: report_methodology -file audio_pipe_hw_wrapper_methodology_drc_routed.rpt -pb audio_pipe_hw_wrapper_methodology_drc_routed.pb -rpx audio_pipe_hw_wrapper_methodology_drc_routed.rpx
INFO: [Timing 38-35] Done setting XDC timing constraints.
INFO: [DRC 23-133] Running Methodology with 8 threads
INFO: [Vivado_Tcl 2-1520] The results of Report Methodology are in file /home/alen/git/AMD-FPGA-Practice/zybo-z7-audio/hw/audio-pipe-hw-v0/audio_pipe_hw.runs/impl_1/audio_pipe_hw_wrapper_methodology_drc_routed.rpt.
report_methodology completed successfully
report_methodology: Time (s): cpu = 00:00:26 ; elapsed = 00:00:06 . Memory (MB): peak = 3212.770 ; gain = 0.000 ; free physical = 149 ; free virtual = 1745
INFO: [Vivado 12-24828] Executing command : report_timing_summary -max_paths 10 -routable_nets -report_unconstrained -file audio_pipe_hw_wrapper_timing_summary_routed.rpt -pb audio_pipe_hw_wrapper_timing_summary_routed.pb -rpx audio_pipe_hw_wrapper_timing_summary_routed.rpx -warn_on_violation 
INFO: [Timing 38-35] Done setting XDC timing constraints.
INFO: [Timing 38-91] UpdateTimingParams: Speed grade: -1, Delay Type: min_max.
INFO: [Timing 38-191] Multithreading enabled for timing update using a maximum of 8 CPUs
WARNING: [Timing 38-436] There are set_bus_skew constraint(s) in this design. Please run report_bus_skew to ensure that bus skew requirements are met.
INFO: [Vivado 12-24838] Running report commands "report_bus_skew, report_incremental_reuse, report_route_status" in parallel.
Running report generation with 3 threads.
INFO: [Vivado 12-24828] Executing command : report_incremental_reuse -file audio_pipe_hw_wrapper_incremental_reuse_routed.rpt
INFO: [Vivado_Tcl 4-1062] Incremental flow is disabled. No incremental reuse Info to report.
INFO: [Vivado 12-24828] Executing command : report_route_status -file audio_pipe_hw_wrapper_route_status.rpt -pb audio_pipe_hw_wrapper_route_status.pb
INFO: [Vivado 12-24828] Executing command : report_bus_skew -warn_on_violation -file audio_pipe_hw_wrapper_bus_skew_routed.rpt -pb audio_pipe_hw_wrapper_bus_skew_routed.pb -rpx audio_pipe_hw_wrapper_bus_skew_routed.rpx
INFO: [Timing 38-91] UpdateTimingParams: Speed grade: -1, Delay Type: min_max.
INFO: [Timing 38-191] Multithreading enabled for timing update using a maximum of 8 CPUs
INFO: [Vivado 12-24828] Executing command : report_power -file audio_pipe_hw_wrapper_power_routed.rpt -pb audio_pipe_hw_wrapper_power_summary_routed.pb -rpx audio_pipe_hw_wrapper_power_routed.rpx
Command: report_power -file audio_pipe_hw_wrapper_power_routed.rpt -pb audio_pipe_hw_wrapper_power_summary_routed.pb -rpx audio_pipe_hw_wrapper_power_routed.rpx
Running Vector-less Activity Propagation...

Finished Running Vector-less Activity Propagation
WARNING: [Power 33-332] Found switching activity that implies high-fanout reset nets being asserted for excessive periods of time which may result in inaccurate power analysis.
Resolution: To review and fix problems, please run Power Constraints Advisor in the GUI from Tools > Power Constraints Advisor or run report_power with the -advisory option to generate a text report.
143 Infos, 11 Warnings, 0 Critical Warnings and 0 Errors encountered.
report_power completed successfully
INFO: [Vivado 12-24828] Executing command : report_clock_utilization -file audio_pipe_hw_wrapper_clock_utilization_routed.rpt
generate_parallel_reports: Time (s): cpu = 00:00:54 ; elapsed = 00:00:18 . Memory (MB): peak = 3212.770 ; gain = 0.000 ; free physical = 201 ; free virtual = 1789
INFO: [Timing 38-480] Writing timing data to binary archive.
Wrote PlaceDB: Time (s): cpu = 00:00:00 ; elapsed = 00:00:00 . Memory (MB): peak = 3212.770 ; gain = 0.000 ; free physical = 270 ; free virtual = 1859
Wrote PulsedLatchDB: Time (s): cpu = 00:00:00 ; elapsed = 00:00:00 . Memory (MB): peak = 3212.770 ; gain = 0.000 ; free physical = 270 ; free virtual = 1859
Writing XDEF routing.
Writing XDEF routing logical nets.
Write ShapeDB Complete: Time (s): cpu = 00:00:00.34 ; elapsed = 00:00:00.07 . Memory (MB): peak = 3212.770 ; gain = 0.000 ; free physical = 269 ; free virtual = 1859
Writing XDEF routing special nets.
Wrote RouteStorage: Time (s): cpu = 00:00:01 ; elapsed = 00:00:00.29 . Memory (MB): peak = 3212.770 ; gain = 0.000 ; free physical = 276 ; free virtual = 1868
Wrote PlaceStorage: Time (s): cpu = 00:00:02 ; elapsed = 00:00:00.81 . Memory (MB): peak = 3212.770 ; gain = 0.000 ; free physical = 270 ; free virtual = 1872
Wrote Netlist Cache: Time (s): cpu = 00:00:00.04 ; elapsed = 00:00:00.02 . Memory (MB): peak = 3212.770 ; gain = 0.000 ; free physical = 269 ; free virtual = 1872
Wrote Device Cache: Time (s): cpu = 00:00:00.05 ; elapsed = 00:00:00.02 . Memory (MB): peak = 3212.770 ; gain = 0.000 ; free physical = 268 ; free virtual = 1872
Write Physdb Complete: Time (s): cpu = 00:00:04 ; elapsed = 00:00:01 . Memory (MB): peak = 3212.770 ; gain = 0.000 ; free physical = 268 ; free virtual = 1872
INFO: [Common 17-1381] The checkpoint '/home/alen/git/AMD-FPGA-Practice/zybo-z7-audio/hw/audio-pipe-hw-v0/audio_pipe_hw.runs/impl_1/audio_pipe_hw_wrapper_routed.dcp' has been generated.
INFO: [Memdata 28-208] The XPM instance: <audio_pipe_hw_i/i2s_transmitter_0/inst/I2S_TX_V1_0_SYS_INST/AXIS_FIFO_INST/xpm_fifo_async_inst/gnuram_async_fifo.xpm_fifo_base_inst/gen_sdpram.xpm_memory_base_inst> is part of IP: <audio_pipe_hw_i/i2s_transmitter_0>. This XPM instance will be excluded from the .mmi because updatemem is prohibited from making changes to an XPM that is part of an IP.
INFO: [Memdata 28-208] The XPM instance: <audio_pipe_hw_i/i2s_receiver_0/inst/I2S_RX_V1_0_SYS_INST/AXIS_FIFO_INST/xpm_fifo_async_inst/gnuram_async_fifo.xpm_fifo_base_inst/gen_sdpram.xpm_memory_base_inst> is part of IP: <audio_pipe_hw_i/i2s_receiver_0>. This XPM instance will be excluded from the .mmi because updatemem is prohibited from making changes to an XPM that is part of an IP.
Command: write_bitstream -force audio_pipe_hw_wrapper.bit
Attempting to get a license for feature 'Implementation' and/or device 'xc7z010'
INFO: [Common 17-349] Got license for feature 'Implementation' and/or device 'xc7z010'
Running DRC as a precondition to command write_bitstream
INFO: [IP_Flow 19-1839] IP Catalog is up to date.
INFO: [DRC 23-27] Running DRC with 8 threads
INFO: [Vivado 12-3199] DRC finished with 0 Errors
INFO: [Vivado 12-3200] Please refer to the DRC report (report_drc) for more information.
Integrating Hard IP ELF/MEM with the PDI.
INFO: [Designutils 20-2272] Running write_bitstream with 8 threads.
Loading data files...
Loading site data...
Loading route data...
Processing options...
Creating bitmap...
Creating bitstream...
Writing bitstream ./audio_pipe_hw_wrapper.bit...
INFO: [Vivado 12-1842] Bitgen Completed Successfully.
INFO: [Common 17-83] Releasing license: Implementation
156 Infos, 11 Warnings, 0 Critical Warnings and 0 Errors encountered.
write_bitstream completed successfully
write_bitstream: Time (s): cpu = 00:00:56 ; elapsed = 00:00:26 . Memory (MB): peak = 3253.504 ; gain = 40.734 ; free physical = 207 ; free virtual = 1685
INFO: [Common 17-206] Exiting Vivado at Wed Jul  8 23:17:45 2026...
