
*** Running vivado
    with args -log audio_pipe_hw_i2s_receiver_0_0.vds -m64 -product Vivado -mode batch -messageDb vivado.pb -notrace -source audio_pipe_hw_i2s_receiver_0_0.tcl


****** Vivado v2025.2 (64-bit)
  **** SW Build 6299465 on Fri Nov 14 12:34:56 MST 2025
  **** IP Build 6300035 on Fri Nov 14 10:48:45 MST 2025
  **** SharedData Build 6298862 on Thu Nov 13 04:50:51 MST 2025
  **** Start of session at: Thu Jul  2 18:52:30 2026
    ** Copyright 1986-2022 Xilinx, Inc. All Rights Reserved.
    ** Copyright 2022-2025 Advanced Micro Devices, Inc. All Rights Reserved.

source audio_pipe_hw_i2s_receiver_0_0.tcl -notrace
create_project: Time (s): cpu = 00:00:40 ; elapsed = 00:00:06 . Memory (MB): peak = 1586.047 ; gain = 106.055 ; free physical = 1056 ; free virtual = 2766
Command: synth_design -top audio_pipe_hw_i2s_receiver_0_0 -part xc7z010clg400-1 -incremental_mode off -mode out_of_context
Starting synth_design
Attempting to get a license for feature 'Synthesis' and/or device 'xc7z010'
INFO: [Common 17-349] Got license for feature 'Synthesis' and/or device 'xc7z010'
INFO: [Device 21-403] Loading part xc7z010clg400-1
INFO: [Synth 8-7079] Multithreading enabled for synth_design using a maximum of 7 processes.
INFO: [Synth 8-7078] Launching helper process for spawning children vivado processes
INFO: [Synth 8-7075] Helper process launched with PID 179488
---------------------------------------------------------------------------------
Starting RTL Elaboration : Time (s): cpu = 00:00:11 ; elapsed = 00:00:12 . Memory (MB): peak = 2238.586 ; gain = 485.125 ; free physical = 1469 ; free virtual = 3179
---------------------------------------------------------------------------------
INFO: [Synth 8-6157] synthesizing module 'audio_pipe_hw_i2s_receiver_0_0' [/home/alen/git/AMD-FPGA-Practice/zybo-z7-audio/hw/audio-pipe-hw-v0/audio_pipe_hw.gen/sources_1/bd/audio_pipe_hw/ip/audio_pipe_hw_i2s_receiver_0_0/synth/audio_pipe_hw_i2s_receiver_0_0.sv:53]
INFO: [Synth 8-6157] synthesizing module 'xpm_cdc_array_single' [/home/alen/AMD-Xilinx/2025.2/data/ip/xpm/xpm_cdc/hdl/xpm_cdc.sv:903]
INFO: [Synth 8-6155] done synthesizing module 'xpm_cdc_array_single' (0#1) [/home/alen/AMD-Xilinx/2025.2/data/ip/xpm/xpm_cdc/hdl/xpm_cdc.sv:903]
INFO: [Synth 8-6157] synthesizing module 'xpm_cdc_array_single__parameterized0' [/home/alen/AMD-Xilinx/2025.2/data/ip/xpm/xpm_cdc/hdl/xpm_cdc.sv:903]
INFO: [Synth 8-6155] done synthesizing module 'xpm_cdc_array_single__parameterized0' (0#1) [/home/alen/AMD-Xilinx/2025.2/data/ip/xpm/xpm_cdc/hdl/xpm_cdc.sv:903]
INFO: [Synth 8-6157] synthesizing module 'xpm_cdc_single' [/home/alen/AMD-Xilinx/2025.2/data/ip/xpm/xpm_cdc/hdl/xpm_cdc.sv:152]
INFO: [Synth 8-6155] done synthesizing module 'xpm_cdc_single' (0#1) [/home/alen/AMD-Xilinx/2025.2/data/ip/xpm/xpm_cdc/hdl/xpm_cdc.sv:152]
INFO: [Synth 8-6157] synthesizing module 'xpm_cdc_array_single__parameterized1' [/home/alen/AMD-Xilinx/2025.2/data/ip/xpm/xpm_cdc/hdl/xpm_cdc.sv:903]
INFO: [Synth 8-6155] done synthesizing module 'xpm_cdc_array_single__parameterized1' (0#1) [/home/alen/AMD-Xilinx/2025.2/data/ip/xpm/xpm_cdc/hdl/xpm_cdc.sv:903]
INFO: [Synth 8-6157] synthesizing module 'xpm_cdc_pulse' [/home/alen/AMD-Xilinx/2025.2/data/ip/xpm/xpm_cdc/hdl/xpm_cdc.sv:714]
INFO: [Synth 8-6157] synthesizing module 'xpm_cdc_single__parameterized0' [/home/alen/AMD-Xilinx/2025.2/data/ip/xpm/xpm_cdc/hdl/xpm_cdc.sv:152]
INFO: [Synth 8-6155] done synthesizing module 'xpm_cdc_single__parameterized0' (0#1) [/home/alen/AMD-Xilinx/2025.2/data/ip/xpm/xpm_cdc/hdl/xpm_cdc.sv:152]
INFO: [Synth 8-6155] done synthesizing module 'xpm_cdc_pulse' (0#1) [/home/alen/AMD-Xilinx/2025.2/data/ip/xpm/xpm_cdc/hdl/xpm_cdc.sv:714]
INFO: [Synth 8-6157] synthesizing module 'xpm_cdc_pulse__parameterized0' [/home/alen/AMD-Xilinx/2025.2/data/ip/xpm/xpm_cdc/hdl/xpm_cdc.sv:714]
INFO: [Synth 8-6157] synthesizing module 'xpm_cdc_single__parameterized1' [/home/alen/AMD-Xilinx/2025.2/data/ip/xpm/xpm_cdc/hdl/xpm_cdc.sv:152]
INFO: [Synth 8-6155] done synthesizing module 'xpm_cdc_single__parameterized1' (0#1) [/home/alen/AMD-Xilinx/2025.2/data/ip/xpm/xpm_cdc/hdl/xpm_cdc.sv:152]
INFO: [Synth 8-6155] done synthesizing module 'xpm_cdc_pulse__parameterized0' (0#1) [/home/alen/AMD-Xilinx/2025.2/data/ip/xpm/xpm_cdc/hdl/xpm_cdc.sv:714]
INFO: [Synth 8-6157] synthesizing module 'xpm_fifo_async' [/home/alen/AMD-Xilinx/2025.2/data/ip/xpm/xpm_fifo/hdl/xpm_fifo.sv:2173]
INFO: [Synth 8-6157] synthesizing module 'xpm_fifo_base' [/home/alen/AMD-Xilinx/2025.2/data/ip/xpm/xpm_fifo/hdl/xpm_fifo.sv:53]
INFO: [Synth 8-6157] synthesizing module 'xpm_counter_updn' [/home/alen/AMD-Xilinx/2025.2/data/ip/xpm/xpm_fifo/hdl/xpm_fifo.sv:1879]
INFO: [Synth 8-6155] done synthesizing module 'xpm_counter_updn' (0#1) [/home/alen/AMD-Xilinx/2025.2/data/ip/xpm/xpm_fifo/hdl/xpm_fifo.sv:1879]
INFO: [Synth 8-6157] synthesizing module 'xpm_counter_updn__parameterized0' [/home/alen/AMD-Xilinx/2025.2/data/ip/xpm/xpm_fifo/hdl/xpm_fifo.sv:1879]
INFO: [Synth 8-6155] done synthesizing module 'xpm_counter_updn__parameterized0' (0#1) [/home/alen/AMD-Xilinx/2025.2/data/ip/xpm/xpm_fifo/hdl/xpm_fifo.sv:1879]
INFO: [Synth 8-6157] synthesizing module 'xpm_memory_base' [/home/alen/AMD-Xilinx/2025.2/data/ip/xpm/xpm_memory/hdl/xpm_memory.sv:54]
INFO: [Synth 8-6155] done synthesizing module 'xpm_memory_base' (0#1) [/home/alen/AMD-Xilinx/2025.2/data/ip/xpm/xpm_memory/hdl/xpm_memory.sv:54]
INFO: [Synth 8-6157] synthesizing module 'xpm_cdc_gray' [/home/alen/AMD-Xilinx/2025.2/data/ip/xpm/xpm_cdc/hdl/xpm_cdc.sv:283]
INFO: [Synth 8-6155] done synthesizing module 'xpm_cdc_gray' (0#1) [/home/alen/AMD-Xilinx/2025.2/data/ip/xpm/xpm_cdc/hdl/xpm_cdc.sv:283]
INFO: [Synth 8-6157] synthesizing module 'xpm_fifo_reg_vec' [/home/alen/AMD-Xilinx/2025.2/data/ip/xpm/xpm_fifo/hdl/xpm_fifo.sv:1905]
INFO: [Synth 8-6155] done synthesizing module 'xpm_fifo_reg_vec' (0#1) [/home/alen/AMD-Xilinx/2025.2/data/ip/xpm/xpm_fifo/hdl/xpm_fifo.sv:1905]
INFO: [Synth 8-6157] synthesizing module 'xpm_cdc_gray__parameterized0' [/home/alen/AMD-Xilinx/2025.2/data/ip/xpm/xpm_cdc/hdl/xpm_cdc.sv:283]
INFO: [Synth 8-6155] done synthesizing module 'xpm_cdc_gray__parameterized0' (0#1) [/home/alen/AMD-Xilinx/2025.2/data/ip/xpm/xpm_cdc/hdl/xpm_cdc.sv:283]
INFO: [Synth 8-6157] synthesizing module 'xpm_fifo_reg_vec__parameterized0' [/home/alen/AMD-Xilinx/2025.2/data/ip/xpm/xpm_fifo/hdl/xpm_fifo.sv:1905]
INFO: [Synth 8-6155] done synthesizing module 'xpm_fifo_reg_vec__parameterized0' (0#1) [/home/alen/AMD-Xilinx/2025.2/data/ip/xpm/xpm_fifo/hdl/xpm_fifo.sv:1905]
INFO: [Synth 8-6157] synthesizing module 'xpm_cdc_gray__parameterized1' [/home/alen/AMD-Xilinx/2025.2/data/ip/xpm/xpm_cdc/hdl/xpm_cdc.sv:283]
INFO: [Synth 8-6155] done synthesizing module 'xpm_cdc_gray__parameterized1' (0#1) [/home/alen/AMD-Xilinx/2025.2/data/ip/xpm/xpm_cdc/hdl/xpm_cdc.sv:283]
INFO: [Synth 8-226] default block is never used [/home/alen/AMD-Xilinx/2025.2/data/ip/xpm/xpm_fifo/hdl/xpm_fifo.sv:1220]
INFO: [Synth 8-226] default block is never used [/home/alen/AMD-Xilinx/2025.2/data/ip/xpm/xpm_fifo/hdl/xpm_fifo.sv:1287]
INFO: [Synth 8-226] default block is never used [/home/alen/AMD-Xilinx/2025.2/data/ip/xpm/xpm_fifo/hdl/xpm_fifo.sv:1309]
INFO: [Synth 8-6157] synthesizing module 'xpm_fifo_reg_bit' [/home/alen/AMD-Xilinx/2025.2/data/ip/xpm/xpm_fifo/hdl/xpm_fifo.sv:1927]
INFO: [Synth 8-6155] done synthesizing module 'xpm_fifo_reg_bit' (0#1) [/home/alen/AMD-Xilinx/2025.2/data/ip/xpm/xpm_fifo/hdl/xpm_fifo.sv:1927]
INFO: [Synth 8-6157] synthesizing module 'xpm_counter_updn__parameterized1' [/home/alen/AMD-Xilinx/2025.2/data/ip/xpm/xpm_fifo/hdl/xpm_fifo.sv:1879]
INFO: [Synth 8-6155] done synthesizing module 'xpm_counter_updn__parameterized1' (0#1) [/home/alen/AMD-Xilinx/2025.2/data/ip/xpm/xpm_fifo/hdl/xpm_fifo.sv:1879]
INFO: [Synth 8-6157] synthesizing module 'xpm_fifo_rst' [/home/alen/AMD-Xilinx/2025.2/data/ip/xpm/xpm_fifo/hdl/xpm_fifo.sv:1639]
INFO: [Synth 8-6157] synthesizing module 'xpm_cdc_sync_rst' [/home/alen/AMD-Xilinx/2025.2/data/ip/xpm/xpm_cdc/hdl/xpm_cdc.sv:1059]
INFO: [Synth 8-6155] done synthesizing module 'xpm_cdc_sync_rst' (0#1) [/home/alen/AMD-Xilinx/2025.2/data/ip/xpm/xpm_cdc/hdl/xpm_cdc.sv:1059]
INFO: [Synth 8-6155] done synthesizing module 'xpm_fifo_rst' (0#1) [/home/alen/AMD-Xilinx/2025.2/data/ip/xpm/xpm_fifo/hdl/xpm_fifo.sv:1639]
INFO: [Synth 8-6157] synthesizing module 'xpm_counter_updn__parameterized2' [/home/alen/AMD-Xilinx/2025.2/data/ip/xpm/xpm_fifo/hdl/xpm_fifo.sv:1879]
INFO: [Synth 8-6155] done synthesizing module 'xpm_counter_updn__parameterized2' (0#1) [/home/alen/AMD-Xilinx/2025.2/data/ip/xpm/xpm_fifo/hdl/xpm_fifo.sv:1879]
INFO: [Synth 8-6157] synthesizing module 'xpm_counter_updn__parameterized3' [/home/alen/AMD-Xilinx/2025.2/data/ip/xpm/xpm_fifo/hdl/xpm_fifo.sv:1879]
INFO: [Synth 8-6155] done synthesizing module 'xpm_counter_updn__parameterized3' (0#1) [/home/alen/AMD-Xilinx/2025.2/data/ip/xpm/xpm_fifo/hdl/xpm_fifo.sv:1879]
INFO: [Synth 8-6155] done synthesizing module 'xpm_fifo_base' (0#1) [/home/alen/AMD-Xilinx/2025.2/data/ip/xpm/xpm_fifo/hdl/xpm_fifo.sv:53]
INFO: [Synth 8-6155] done synthesizing module 'xpm_fifo_async' (0#1) [/home/alen/AMD-Xilinx/2025.2/data/ip/xpm/xpm_fifo/hdl/xpm_fifo.sv:2173]
INFO: [Synth 8-6155] done synthesizing module 'audio_pipe_hw_i2s_receiver_0_0' (0#1) [/home/alen/git/AMD-FPGA-Practice/zybo-z7-audio/hw/audio-pipe-hw-v0/audio_pipe_hw.gen/sources_1/bd/audio_pipe_hw/ip/audio_pipe_hw_i2s_receiver_0_0/synth/audio_pipe_hw_i2s_receiver_0_0.sv:53]
WARNING: [Synth 8-6014] Unused sequential element gen_rd_b.gen_doutb_pipe.enb_pipe_reg[0] was removed.  [/home/alen/AMD-Xilinx/2025.2/data/ip/xpm/xpm_memory/hdl/xpm_memory.sv:3087]
WARNING: [Synth 8-6014] Unused sequential element dest_out_bin_ff_reg was removed.  [/home/alen/AMD-Xilinx/2025.2/data/ip/xpm/xpm_cdc/hdl/xpm_cdc.sv:417]
WARNING: [Synth 8-6014] Unused sequential element dest_out_bin_ff_reg was removed.  [/home/alen/AMD-Xilinx/2025.2/data/ip/xpm/xpm_cdc/hdl/xpm_cdc.sv:417]
WARNING: [Synth 8-6014] Unused sequential element dest_out_bin_ff_reg was removed.  [/home/alen/AMD-Xilinx/2025.2/data/ip/xpm/xpm_cdc/hdl/xpm_cdc.sv:417]
WARNING: [Synth 8-6014] Unused sequential element gdvld.data_valid_std_reg was removed.  [/home/alen/AMD-Xilinx/2025.2/data/ip/xpm/xpm_fifo/hdl/xpm_fifo.sv:550]
WARNING: [Synth 8-6014] Unused sequential element gen_pf_ic_rc.gae_ic_std.ram_aempty_i_reg was removed.  [/home/alen/AMD-Xilinx/2025.2/data/ip/xpm/xpm_fifo/hdl/xpm_fifo.sv:771]
WARNING: [Synth 8-6014] Unused sequential element gen_fwft.empty_fwft_fb_reg was removed.  [/home/alen/AMD-Xilinx/2025.2/data/ip/xpm/xpm_fifo/hdl/xpm_fifo.sv:1404]
INFO: [Synth 8-7129] Port sleep in module xpm_memory_base is either unconnected or has no load
INFO: [Synth 8-7129] Port rsta in module xpm_memory_base is either unconnected or has no load
INFO: [Synth 8-7129] Port regcea in module xpm_memory_base is either unconnected or has no load
INFO: [Synth 8-7129] Port injectsbiterra in module xpm_memory_base is either unconnected or has no load
INFO: [Synth 8-7129] Port injectdbiterra in module xpm_memory_base is either unconnected or has no load
INFO: [Synth 8-7129] Port dinb[34] in module xpm_memory_base is either unconnected or has no load
INFO: [Synth 8-7129] Port dinb[33] in module xpm_memory_base is either unconnected or has no load
INFO: [Synth 8-7129] Port dinb[32] in module xpm_memory_base is either unconnected or has no load
INFO: [Synth 8-7129] Port dinb[31] in module xpm_memory_base is either unconnected or has no load
INFO: [Synth 8-7129] Port dinb[30] in module xpm_memory_base is either unconnected or has no load
INFO: [Synth 8-7129] Port dinb[29] in module xpm_memory_base is either unconnected or has no load
INFO: [Synth 8-7129] Port dinb[28] in module xpm_memory_base is either unconnected or has no load
INFO: [Synth 8-7129] Port dinb[27] in module xpm_memory_base is either unconnected or has no load
INFO: [Synth 8-7129] Port dinb[26] in module xpm_memory_base is either unconnected or has no load
INFO: [Synth 8-7129] Port dinb[25] in module xpm_memory_base is either unconnected or has no load
INFO: [Synth 8-7129] Port dinb[24] in module xpm_memory_base is either unconnected or has no load
INFO: [Synth 8-7129] Port dinb[23] in module xpm_memory_base is either unconnected or has no load
INFO: [Synth 8-7129] Port dinb[22] in module xpm_memory_base is either unconnected or has no load
INFO: [Synth 8-7129] Port dinb[21] in module xpm_memory_base is either unconnected or has no load
INFO: [Synth 8-7129] Port dinb[20] in module xpm_memory_base is either unconnected or has no load
INFO: [Synth 8-7129] Port dinb[19] in module xpm_memory_base is either unconnected or has no load
INFO: [Synth 8-7129] Port dinb[18] in module xpm_memory_base is either unconnected or has no load
INFO: [Synth 8-7129] Port dinb[17] in module xpm_memory_base is either unconnected or has no load
INFO: [Synth 8-7129] Port dinb[16] in module xpm_memory_base is either unconnected or has no load
INFO: [Synth 8-7129] Port dinb[15] in module xpm_memory_base is either unconnected or has no load
INFO: [Synth 8-7129] Port dinb[14] in module xpm_memory_base is either unconnected or has no load
INFO: [Synth 8-7129] Port dinb[13] in module xpm_memory_base is either unconnected or has no load
INFO: [Synth 8-7129] Port dinb[12] in module xpm_memory_base is either unconnected or has no load
INFO: [Synth 8-7129] Port dinb[11] in module xpm_memory_base is either unconnected or has no load
INFO: [Synth 8-7129] Port dinb[10] in module xpm_memory_base is either unconnected or has no load
INFO: [Synth 8-7129] Port dinb[9] in module xpm_memory_base is either unconnected or has no load
INFO: [Synth 8-7129] Port dinb[8] in module xpm_memory_base is either unconnected or has no load
INFO: [Synth 8-7129] Port dinb[7] in module xpm_memory_base is either unconnected or has no load
INFO: [Synth 8-7129] Port dinb[6] in module xpm_memory_base is either unconnected or has no load
INFO: [Synth 8-7129] Port dinb[5] in module xpm_memory_base is either unconnected or has no load
INFO: [Synth 8-7129] Port dinb[4] in module xpm_memory_base is either unconnected or has no load
INFO: [Synth 8-7129] Port dinb[3] in module xpm_memory_base is either unconnected or has no load
INFO: [Synth 8-7129] Port dinb[2] in module xpm_memory_base is either unconnected or has no load
INFO: [Synth 8-7129] Port dinb[1] in module xpm_memory_base is either unconnected or has no load
INFO: [Synth 8-7129] Port dinb[0] in module xpm_memory_base is either unconnected or has no load
INFO: [Synth 8-7129] Port injectsbiterrb in module xpm_memory_base is either unconnected or has no load
INFO: [Synth 8-7129] Port injectdbiterrb in module xpm_memory_base is either unconnected or has no load
INFO: [Synth 8-7129] Port src_clk in module xpm_cdc_single__parameterized1 is either unconnected or has no load
INFO: [Synth 8-7129] Port src_clk in module xpm_cdc_single__parameterized0 is either unconnected or has no load
INFO: [Synth 8-7129] Port iLRClk in module i2s_receiver_v1_0_10_sys is either unconnected or has no load
INFO: [Synth 8-7129] Port iSClk in module i2s_receiver_v1_0_10_sys is either unconnected or has no load
INFO: [Synth 8-7129] Port iSData_1 in module i2s_receiver_v1_0_10_sys is either unconnected or has no load
INFO: [Synth 8-7129] Port iSData_2 in module i2s_receiver_v1_0_10_sys is either unconnected or has no load
INFO: [Synth 8-7129] Port iSData_3 in module i2s_receiver_v1_0_10_sys is either unconnected or has no load
---------------------------------------------------------------------------------
Finished RTL Elaboration : Time (s): cpu = 00:00:18 ; elapsed = 00:00:18 . Memory (MB): peak = 2345.523 ; gain = 592.062 ; free physical = 1280 ; free virtual = 2995
---------------------------------------------------------------------------------
---------------------------------------------------------------------------------
Start Handling Custom Attributes
---------------------------------------------------------------------------------
---------------------------------------------------------------------------------
Finished Handling Custom Attributes : Time (s): cpu = 00:00:18 ; elapsed = 00:00:18 . Memory (MB): peak = 2357.398 ; gain = 603.938 ; free physical = 1606 ; free virtual = 3321
---------------------------------------------------------------------------------
---------------------------------------------------------------------------------
Finished RTL Optimization Phase 1 : Time (s): cpu = 00:00:18 ; elapsed = 00:00:18 . Memory (MB): peak = 2357.398 ; gain = 603.938 ; free physical = 1612 ; free virtual = 3327
---------------------------------------------------------------------------------
Netlist sorting complete. Time (s): cpu = 00:00:00.08 ; elapsed = 00:00:00.08 . Memory (MB): peak = 2357.398 ; gain = 0.000 ; free physical = 2786 ; free virtual = 4501
INFO: [Project 1-570] Preparing netlist for logic optimization

Processing XDC Constraints
Initializing timing engine
Parsing XDC File [/home/alen/git/AMD-FPGA-Practice/zybo-z7-audio/hw/audio-pipe-hw-v0/audio_pipe_hw.gen/sources_1/bd/audio_pipe_hw/ip/audio_pipe_hw_i2s_receiver_0_0/audio_pipe_hw_i2s_receiver_0_0_ooc.xdc] for cell 'inst'
Finished Parsing XDC File [/home/alen/git/AMD-FPGA-Practice/zybo-z7-audio/hw/audio-pipe-hw-v0/audio_pipe_hw.gen/sources_1/bd/audio_pipe_hw/ip/audio_pipe_hw_i2s_receiver_0_0/audio_pipe_hw_i2s_receiver_0_0_ooc.xdc] for cell 'inst'
Parsing XDC File [/home/alen/git/AMD-FPGA-Practice/zybo-z7-audio/hw/audio-pipe-hw-v0/audio_pipe_hw.gen/sources_1/bd/audio_pipe_hw/ip/audio_pipe_hw_i2s_receiver_0_0/audio_pipe_hw_i2s_receiver_0_0_board.xdc] for cell 'inst'
Finished Parsing XDC File [/home/alen/git/AMD-FPGA-Practice/zybo-z7-audio/hw/audio-pipe-hw-v0/audio_pipe_hw.gen/sources_1/bd/audio_pipe_hw/ip/audio_pipe_hw_i2s_receiver_0_0/audio_pipe_hw_i2s_receiver_0_0_board.xdc] for cell 'inst'
Parsing XDC File [/home/alen/git/AMD-FPGA-Practice/zybo-z7-audio/hw/audio-pipe-hw-v0/audio_pipe_hw.runs/audio_pipe_hw_i2s_receiver_0_0_synth_1/dont_touch.xdc]
Finished Parsing XDC File [/home/alen/git/AMD-FPGA-Practice/zybo-z7-audio/hw/audio-pipe-hw-v0/audio_pipe_hw.runs/audio_pipe_hw_i2s_receiver_0_0_synth_1/dont_touch.xdc]
INFO: [Project 1-236] Implementation specific constraints were found while reading constraint file [/home/alen/AMD-Xilinx/2025.2/data/ip/xpm/xpm_cdc/tcl/xpm_cdc_array_single.tcl]. These constraints will be ignored for synthesis but will be used in implementation. Impacted constraints are listed in the file [.Xil/audio_pipe_hw_i2s_receiver_0_0_propImpl.xdc].
Resolution: To avoid this warning, move constraints listed in [.Xil/audio_pipe_hw_i2s_receiver_0_0_propImpl.xdc] to another XDC file and exclude this new file from synthesis with the used_in_synthesis property (File Properties dialog in GUI) and re-run elaboration/synthesis.
INFO: [Project 1-236] Implementation specific constraints were found while reading constraint file [/home/alen/AMD-Xilinx/2025.2/data/ip/xpm/xpm_cdc/tcl/xpm_cdc_gray.tcl]. These constraints will be ignored for synthesis but will be used in implementation. Impacted constraints are listed in the file [.Xil/audio_pipe_hw_i2s_receiver_0_0_propImpl.xdc].
Resolution: To avoid this warning, move constraints listed in [.Xil/audio_pipe_hw_i2s_receiver_0_0_propImpl.xdc] to another XDC file and exclude this new file from synthesis with the used_in_synthesis property (File Properties dialog in GUI) and re-run elaboration/synthesis.
INFO: [Project 1-236] Implementation specific constraints were found while reading constraint file [/home/alen/AMD-Xilinx/2025.2/data/ip/xpm/xpm_cdc/tcl/xpm_cdc_single.tcl]. These constraints will be ignored for synthesis but will be used in implementation. Impacted constraints are listed in the file [.Xil/audio_pipe_hw_i2s_receiver_0_0_propImpl.xdc].
Resolution: To avoid this warning, move constraints listed in [.Xil/audio_pipe_hw_i2s_receiver_0_0_propImpl.xdc] to another XDC file and exclude this new file from synthesis with the used_in_synthesis property (File Properties dialog in GUI) and re-run elaboration/synthesis.
INFO: [Project 1-236] Implementation specific constraints were found while reading constraint file [/home/alen/AMD-Xilinx/2025.2/data/ip/xpm/xpm_fifo/tcl/xpm_fifo_rst.tcl]. These constraints will be ignored for synthesis but will be used in implementation. Impacted constraints are listed in the file [.Xil/audio_pipe_hw_i2s_receiver_0_0_propImpl.xdc].
Resolution: To avoid this warning, move constraints listed in [.Xil/audio_pipe_hw_i2s_receiver_0_0_propImpl.xdc] to another XDC file and exclude this new file from synthesis with the used_in_synthesis property (File Properties dialog in GUI) and re-run elaboration/synthesis.
INFO: [Project 1-1714] 20 XPM XDC files have been applied to the design.
Completed Processing XDC Constraints

Netlist sorting complete. Time (s): cpu = 00:00:00.01 ; elapsed = 00:00:00 . Memory (MB): peak = 2463.168 ; gain = 0.000 ; free physical = 2667 ; free virtual = 4383
INFO: [Project 1-111] Unisim Transformation Summary:
No Unisim elements were transformed.

Constraint Validation Runtime : Time (s): cpu = 00:00:00.08 ; elapsed = 00:00:00.07 . Memory (MB): peak = 2463.203 ; gain = 0.000 ; free physical = 2659 ; free virtual = 4375
INFO: [Designutils 20-5008] Incremental synthesis strategy off
---------------------------------------------------------------------------------
Finished Constraint Validation : Time (s): cpu = 00:00:36 ; elapsed = 00:00:37 . Memory (MB): peak = 2463.203 ; gain = 709.742 ; free physical = 1939 ; free virtual = 3664
---------------------------------------------------------------------------------
---------------------------------------------------------------------------------
Start Loading Part and Timing Information
---------------------------------------------------------------------------------
Loading part: xc7z010clg400-1
---------------------------------------------------------------------------------
Finished Loading Part and Timing Information : Time (s): cpu = 00:00:36 ; elapsed = 00:00:37 . Memory (MB): peak = 2471.172 ; gain = 717.711 ; free physical = 1938 ; free virtual = 3664
---------------------------------------------------------------------------------
---------------------------------------------------------------------------------
Start Applying 'set_property' XDC Constraints
---------------------------------------------------------------------------------
---------------------------------------------------------------------------------
Finished applying 'set_property' XDC Constraints : Time (s): cpu = 00:00:36 ; elapsed = 00:00:37 . Memory (MB): peak = 2471.172 ; gain = 717.711 ; free physical = 1932 ; free virtual = 3657
---------------------------------------------------------------------------------
INFO: [Synth 8-802] inferred FSM for state register 'stmWrite_reg' in module 'i2s_receiver_v1_0_10_axi'
INFO: [Synth 8-802] inferred FSM for state register 'stmRead_reg' in module 'i2s_receiver_v1_0_10_axi'
INFO: [Synth 8-802] inferred FSM for state register 'gen_rst_ic.curr_wrst_state_reg' in module 'xpm_fifo_rst'
INFO: [Synth 8-802] inferred FSM for state register 'gen_rst_ic.curr_rrst_state_reg' in module 'xpm_fifo_rst'
INFO: [Synth 8-802] inferred FSM for state register 'gen_fwft.curr_fwft_state_reg' in module 'xpm_fifo_base'
INFO: [Synth 8-802] inferred FSM for state register 'stmAesEncode_reg' in module 'i2s_receiver_v1_0_10_aes_enc'
INFO: [Synth 8-802] inferred FSM for state register 'stmFIFOWriteCtrl_reg' in module 'i2s_receiver_v1_0_10_sys'
---------------------------------------------------------------------------------------------------
                   State |                     New Encoding |                Previous Encoding 
---------------------------------------------------------------------------------------------------
             sWriteReset |                               00 | 00000000000000000000000000000000
              sWriteAddr |                               01 | 00000000000000000000000000000001
              sWriteData |                               10 | 00000000000000000000000000000010
              sWriteResp |                               11 | 00000000000000000000000000000011
---------------------------------------------------------------------------------------------------
INFO: [Synth 8-3354] encoded FSM with state register 'stmWrite_reg' using encoding 'sequential' in module 'i2s_receiver_v1_0_10_axi'
---------------------------------------------------------------------------------------------------
                   State |                     New Encoding |                Previous Encoding 
---------------------------------------------------------------------------------------------------
              sReadReset |                             0001 | 00000000000000000000000000000000
               sReadAddr |                             0010 | 00000000000000000000000000000001
             sDecodeAddr |                             0100 | 00000000000000000000000000000010
               sReadData |                             1000 | 00000000000000000000000000000011
---------------------------------------------------------------------------------------------------
INFO: [Synth 8-3354] encoded FSM with state register 'stmRead_reg' using encoding 'one-hot' in module 'i2s_receiver_v1_0_10_axi'
INFO: [Synth 8-5775] Found 'rw_addr_collision' attribute set to 'no' on SDP RAM gen_wr_a.gen_word_narrow.mem_reg. Setting write mode to NO_CHANGE 
INFO: [Synth 8-5552] Implemented safe state 'default_state' for state register 'gen_rst_ic.curr_wrst_state_reg' in module 'xpm_fifo_rst'
---------------------------------------------------------------------------------------------------
                   State |                     New Encoding |                Previous Encoding 
---------------------------------------------------------------------------------------------------
*
               WRST_IDLE |                            00001 |                              000
                 WRST_IN |                            00010 |                              010
                WRST_OUT |                            00100 |                              111
               WRST_EXIT |                            01000 |                              110
            WRST_GO2IDLE |                            10000 |                              100
---------------------------------------------------------------------------------------------------
INFO: [Synth 8-3354] encoded FSM with state register 'gen_rst_ic.curr_wrst_state_reg' using encoding 'one-hot' in module 'xpm_fifo_rst'
INFO: [Synth 8-5552] Implemented safe state 'default_state' for state register 'gen_rst_ic.curr_rrst_state_reg' in module 'xpm_fifo_rst'
---------------------------------------------------------------------------------------------------
                   State |                     New Encoding |                Previous Encoding 
---------------------------------------------------------------------------------------------------
*
               RRST_IDLE |                               00 |                               00
                 RRST_IN |                               01 |                               10
                RRST_OUT |                               10 |                               11
               RRST_EXIT |                               11 |                               01
---------------------------------------------------------------------------------------------------
INFO: [Synth 8-3354] encoded FSM with state register 'gen_rst_ic.curr_rrst_state_reg' using encoding 'sequential' in module 'xpm_fifo_rst'
---------------------------------------------------------------------------------------------------
                   State |                     New Encoding |                Previous Encoding 
---------------------------------------------------------------------------------------------------
                 invalid |                               00 |                               00
            stage1_valid |                               01 |                               10
       both_stages_valid |                               10 |                               11
            stage2_valid |                               11 |                               01
---------------------------------------------------------------------------------------------------
INFO: [Synth 8-3354] encoded FSM with state register 'gen_fwft.curr_fwft_state_reg' using encoding 'sequential' in module 'xpm_fifo_base'
---------------------------------------------------------------------------------------------------
                   State |                     New Encoding |                Previous Encoding 
---------------------------------------------------------------------------------------------------
                   sIdle |                              001 | 00000000000000000000000000000000
         sWaitForCh0Sync |                              010 | 00000000000000000000000000000001
                    sRun |                              100 | 00000000000000000000000000000010
---------------------------------------------------------------------------------------------------
INFO: [Synth 8-3354] encoded FSM with state register 'stmAesEncode_reg' using encoding 'one-hot' in module 'i2s_receiver_v1_0_10_aes_enc'
---------------------------------------------------------------------------------------------------
                   State |                     New Encoding |                Previous Encoding 
---------------------------------------------------------------------------------------------------
                   sIdle |                              001 | 00000000000000000000000000000000
         sWaitForI2sSync |                              010 | 00000000000000000000000000000001
            sWriteToFIFO |                              100 | 00000000000000000000000000000010
---------------------------------------------------------------------------------------------------
INFO: [Synth 8-3354] encoded FSM with state register 'stmFIFOWriteCtrl_reg' using encoding 'one-hot' in module 'i2s_receiver_v1_0_10_sys'
---------------------------------------------------------------------------------
Finished RTL Optimization Phase 2 : Time (s): cpu = 00:00:39 ; elapsed = 00:00:40 . Memory (MB): peak = 2471.172 ; gain = 717.711 ; free physical = 1867 ; free virtual = 3595
---------------------------------------------------------------------------------
---------------------------------------------------------------------------------
Start RTL Component Statistics 
---------------------------------------------------------------------------------
Detailed RTL Component Info : 
+---Adders : 
	   2 Input   32 Bit       Adders := 1     
	   2 Input    8 Bit       Adders := 3     
	   4 Input    8 Bit       Adders := 3     
	   3 Input    8 Bit       Adders := 2     
	   4 Input    7 Bit       Adders := 5     
	   3 Input    7 Bit       Adders := 1     
	   4 Input    2 Bit       Adders := 1     
	   2 Input    2 Bit       Adders := 1     
+---XORs : 
	   2 Input      8 Bit         XORs := 2     
	   2 Input      7 Bit         XORs := 2     
	   2 Input      1 Bit         XORs := 33    
+---Registers : 
	              195 Bit    Registers := 1     
	              192 Bit    Registers := 5     
	               48 Bit    Registers := 2     
	               35 Bit    Registers := 2     
	               32 Bit    Registers := 7     
	               31 Bit    Registers := 1     
	               28 Bit    Registers := 1     
	                8 Bit    Registers := 23    
	                7 Bit    Registers := 14    
	                4 Bit    Registers := 2     
	                3 Bit    Registers := 10    
	                2 Bit    Registers := 16    
	                1 Bit    Registers := 74    
+---RAMs : 
	               4K Bit	(128 X 35 bit)          RAMs := 1     
+---Muxes : 
	   5 Input   48 Bit        Muxes := 1     
	   2 Input   48 Bit        Muxes := 2     
	   7 Input   48 Bit        Muxes := 1     
	   2 Input   32 Bit        Muxes := 2     
	   4 Input   32 Bit        Muxes := 1     
	   2 Input   24 Bit        Muxes := 11    
	   4 Input   24 Bit        Muxes := 2     
	   3 Input   24 Bit        Muxes := 1     
	   4 Input    8 Bit        Muxes := 1     
	   2 Input    8 Bit        Muxes := 1     
	   3 Input    8 Bit        Muxes := 1     
	   6 Input    5 Bit        Muxes := 1     
	   2 Input    5 Bit        Muxes := 8     
	   2 Input    4 Bit        Muxes := 2     
	   2 Input    3 Bit        Muxes := 1     
	   3 Input    3 Bit        Muxes := 1     
	   6 Input    3 Bit        Muxes := 1     
	   4 Input    2 Bit        Muxes := 9     
	   2 Input    2 Bit        Muxes := 38    
	   5 Input    2 Bit        Muxes := 1     
	   2 Input    1 Bit        Muxes := 134   
	   4 Input    1 Bit        Muxes := 22    
	   6 Input    1 Bit        Muxes := 2     
	   5 Input    1 Bit        Muxes := 3     
	   3 Input    1 Bit        Muxes := 12    
	   7 Input    1 Bit        Muxes := 1     
---------------------------------------------------------------------------------
Finished RTL Component Statistics 
---------------------------------------------------------------------------------
---------------------------------------------------------------------------------
Start Part Resource Summary
---------------------------------------------------------------------------------
Part Resources:
DSPs: 80 (col length:40)
BRAMs: 120 (col length: RAMB18 40 RAMB36 20)
---------------------------------------------------------------------------------
Finished Part Resource Summary
---------------------------------------------------------------------------------
---------------------------------------------------------------------------------
Start Cross Boundary and Area Optimization
---------------------------------------------------------------------------------
INFO: [Synth 8-7129] Port iAxis_TData[31] in module i2s_receiver_v1_0_10_aes_enc is either unconnected or has no load
INFO: [Synth 8-7129] Port iAxis_TData[30] in module i2s_receiver_v1_0_10_aes_enc is either unconnected or has no load
INFO: [Synth 8-7129] Port iAxis_TData[29] in module i2s_receiver_v1_0_10_aes_enc is either unconnected or has no load
INFO: [Synth 8-7129] Port iAxis_TData[28] in module i2s_receiver_v1_0_10_aes_enc is either unconnected or has no load
INFO: [Synth 8-7129] Port rsta in module xpm_memory_base is either unconnected or has no load
INFO: [Synth 8-7129] Port regcea in module xpm_memory_base is either unconnected or has no load
INFO: [Synth 8-7129] Port injectsbiterra in module xpm_memory_base is either unconnected or has no load
INFO: [Synth 8-7129] Port injectdbiterra in module xpm_memory_base is either unconnected or has no load
INFO: [Synth 8-7129] Port dinb[34] in module xpm_memory_base is either unconnected or has no load
INFO: [Synth 8-7129] Port dinb[33] in module xpm_memory_base is either unconnected or has no load
INFO: [Synth 8-7129] Port dinb[32] in module xpm_memory_base is either unconnected or has no load
INFO: [Synth 8-7129] Port dinb[31] in module xpm_memory_base is either unconnected or has no load
INFO: [Synth 8-7129] Port dinb[30] in module xpm_memory_base is either unconnected or has no load
INFO: [Synth 8-7129] Port dinb[29] in module xpm_memory_base is either unconnected or has no load
INFO: [Synth 8-7129] Port dinb[28] in module xpm_memory_base is either unconnected or has no load
INFO: [Synth 8-7129] Port dinb[27] in module xpm_memory_base is either unconnected or has no load
INFO: [Synth 8-7129] Port dinb[26] in module xpm_memory_base is either unconnected or has no load
INFO: [Synth 8-7129] Port dinb[25] in module xpm_memory_base is either unconnected or has no load
INFO: [Synth 8-7129] Port dinb[24] in module xpm_memory_base is either unconnected or has no load
INFO: [Synth 8-7129] Port dinb[23] in module xpm_memory_base is either unconnected or has no load
INFO: [Synth 8-7129] Port dinb[22] in module xpm_memory_base is either unconnected or has no load
INFO: [Synth 8-7129] Port dinb[21] in module xpm_memory_base is either unconnected or has no load
INFO: [Synth 8-7129] Port dinb[20] in module xpm_memory_base is either unconnected or has no load
INFO: [Synth 8-7129] Port dinb[19] in module xpm_memory_base is either unconnected or has no load
INFO: [Synth 8-7129] Port dinb[18] in module xpm_memory_base is either unconnected or has no load
INFO: [Synth 8-7129] Port dinb[17] in module xpm_memory_base is either unconnected or has no load
INFO: [Synth 8-7129] Port dinb[16] in module xpm_memory_base is either unconnected or has no load
INFO: [Synth 8-7129] Port dinb[15] in module xpm_memory_base is either unconnected or has no load
INFO: [Synth 8-7129] Port dinb[14] in module xpm_memory_base is either unconnected or has no load
INFO: [Synth 8-7129] Port dinb[13] in module xpm_memory_base is either unconnected or has no load
INFO: [Synth 8-7129] Port dinb[12] in module xpm_memory_base is either unconnected or has no load
INFO: [Synth 8-7129] Port dinb[11] in module xpm_memory_base is either unconnected or has no load
INFO: [Synth 8-7129] Port dinb[10] in module xpm_memory_base is either unconnected or has no load
INFO: [Synth 8-7129] Port dinb[9] in module xpm_memory_base is either unconnected or has no load
INFO: [Synth 8-7129] Port dinb[8] in module xpm_memory_base is either unconnected or has no load
INFO: [Synth 8-7129] Port dinb[7] in module xpm_memory_base is either unconnected or has no load
INFO: [Synth 8-7129] Port dinb[6] in module xpm_memory_base is either unconnected or has no load
INFO: [Synth 8-7129] Port dinb[5] in module xpm_memory_base is either unconnected or has no load
INFO: [Synth 8-7129] Port dinb[4] in module xpm_memory_base is either unconnected or has no load
INFO: [Synth 8-7129] Port dinb[3] in module xpm_memory_base is either unconnected or has no load
INFO: [Synth 8-7129] Port dinb[2] in module xpm_memory_base is either unconnected or has no load
INFO: [Synth 8-7129] Port dinb[1] in module xpm_memory_base is either unconnected or has no load
INFO: [Synth 8-7129] Port dinb[0] in module xpm_memory_base is either unconnected or has no load
INFO: [Synth 8-7129] Port injectsbiterrb in module xpm_memory_base is either unconnected or has no load
INFO: [Synth 8-7129] Port injectdbiterrb in module xpm_memory_base is either unconnected or has no load
INFO: [Synth 8-7129] Port src_clk in module xpm_cdc_single__parameterized1 is either unconnected or has no load
INFO: [Synth 8-7129] Port src_clk in module xpm_cdc_single__parameterized0 is either unconnected or has no load
INFO: [Synth 8-7129] Port iLRClk in module i2s_receiver_v1_0_10_sys is either unconnected or has no load
INFO: [Synth 8-7129] Port iSClk in module i2s_receiver_v1_0_10_sys is either unconnected or has no load
INFO: [Synth 8-7129] Port iSData_1 in module i2s_receiver_v1_0_10_sys is either unconnected or has no load
INFO: [Synth 8-7129] Port iSData_2 in module i2s_receiver_v1_0_10_sys is either unconnected or has no load
INFO: [Common 17-14] Message 'Synth 8-7129' appears 100 times and further instances of the messages will be disabled. Use the Tcl command set_msg_config to change the current settings.
INFO: [Synth 8-5775] Found 'rw_addr_collision' attribute set to 'no' on SDP RAM gen_wr_a.gen_word_narrow.mem_reg. Setting write mode to NO_CHANGE 
INFO: [Synth 8-5775] Found 'rw_addr_collision' attribute set to 'no' on SDP RAM gen_wr_a.gen_word_narrow.mem_reg. Setting write mode to NO_CHANGE 
INFO: [Synth 8-5775] Found 'rw_addr_collision' attribute set to 'no' on SDP RAM gen_wr_a.gen_word_narrow.mem_reg. Setting write mode to NO_CHANGE 
INFO: [Synth 8-5775] Found 'rw_addr_collision' attribute set to 'no' on SDP RAM gen_wr_a.gen_word_narrow.mem_reg. Setting write mode to NO_CHANGE 
INFO: [Synth 8-5775] Found 'rw_addr_collision' attribute set to 'no' on SDP RAM gen_wr_a.gen_word_narrow.mem_reg. Setting write mode to NO_CHANGE 
INFO: [Synth 8-5775] Found 'rw_addr_collision' attribute set to 'no' on SDP RAM gen_wr_a.gen_word_narrow.mem_reg. Setting write mode to NO_CHANGE 
INFO: [Synth 8-5775] Found 'rw_addr_collision' attribute set to 'no' on SDP RAM gen_wr_a.gen_word_narrow.mem_reg. Setting write mode to NO_CHANGE 
INFO: [Synth 8-5775] Found 'rw_addr_collision' attribute set to 'no' on SDP RAM gen_wr_a.gen_word_narrow.mem_reg. Setting write mode to NO_CHANGE 
INFO: [Synth 8-5775] Found 'rw_addr_collision' attribute set to 'no' on SDP RAM gen_wr_a.gen_word_narrow.mem_reg. Setting write mode to NO_CHANGE 
---------------------------------------------------------------------------------
Finished Cross Boundary and Area Optimization : Time (s): cpu = 00:00:51 ; elapsed = 00:00:51 . Memory (MB): peak = 2471.172 ; gain = 717.711 ; free physical = 1824 ; free virtual = 3556
---------------------------------------------------------------------------------
INFO: [Synth 8-5775] Found 'rw_addr_collision' attribute set to 'no' on SDP RAM gen_wr_a.gen_word_narrow.mem_reg. Setting write mode to NO_CHANGE 
INFO: [Synth 8-5775] Found 'rw_addr_collision' attribute set to 'no' on SDP RAM gen_wr_a.gen_word_narrow.mem_reg. Setting write mode to NO_CHANGE 
INFO: [Synth 8-5775] Found 'rw_addr_collision' attribute set to 'no' on SDP RAM gen_wr_a.gen_word_narrow.mem_reg. Setting write mode to NO_CHANGE 
---------------------------------------------------------------------------------
Start ROM, RAM, DSP, Shift Register and Retiming Reporting
---------------------------------------------------------------------------------

Block RAM: Preliminary Mapping Report (see note below)
+----------------------------------------------------------------------------------------------------------------------------------------+----------------------------------+------------------------+---+---+------------------------+---+---+------------------+--------+--------+
|Module Name                                                                                                                             | RTL Object                       | PORT A (Depth x Width) | W | R | PORT B (Depth x Width) | W | R | Ports driving FF | RAMB18 | RAMB36 | 
+----------------------------------------------------------------------------------------------------------------------------------------+----------------------------------+------------------------+---+---+------------------------+---+---+------------------+--------+--------+
|inst/I2S_RX_V1_0_SYS_INST/\AXIS_FIFO_INST/xpm_fifo_async_inst /\gnuram_async_fifo.xpm_fifo_base_inst /\gen_sdpram.xpm_memory_base_inst  | gen_wr_a.gen_word_narrow.mem_reg | 128 x 35(NO_CHANGE)    | W |   | 128 x 35(NO_CHANGE)    |   | R | Port A and B     | 1      | 0      | 
+----------------------------------------------------------------------------------------------------------------------------------------+----------------------------------+------------------------+---+---+------------------------+---+---+------------------+--------+--------+

Note: The table above is a preliminary report that shows the Block RAMs at the current stage of the synthesis flow. Some Block RAMs may be reimplemented as non Block RAM primitives later in the synthesis flow. Multiple instantiated Block RAMs are reported only once. 
---------------------------------------------------------------------------------
Finished ROM, RAM, DSP, Shift Register and Retiming Reporting
---------------------------------------------------------------------------------
---------------------------------------------------------------------------------
Start Applying XDC Timing Constraints
---------------------------------------------------------------------------------
---------------------------------------------------------------------------------
Finished Applying XDC Timing Constraints : Time (s): cpu = 00:01:04 ; elapsed = 00:01:05 . Memory (MB): peak = 2528.172 ; gain = 774.711 ; free physical = 1726 ; free virtual = 3463
---------------------------------------------------------------------------------
---------------------------------------------------------------------------------
Start Timing Optimization
---------------------------------------------------------------------------------
INFO: [Synth 8-5775] Found 'rw_addr_collision' attribute set to 'no' on SDP RAM gen_wr_a.gen_word_narrow.mem_reg. Setting write mode to NO_CHANGE 
INFO: [Synth 8-5775] Found 'rw_addr_collision' attribute set to 'no' on SDP RAM gen_wr_a.gen_word_narrow.mem_reg. Setting write mode to NO_CHANGE 
INFO: [Synth 8-5775] Found 'rw_addr_collision' attribute set to 'no' on SDP RAM gen_wr_a.gen_word_narrow.mem_reg. Setting write mode to NO_CHANGE 
---------------------------------------------------------------------------------
Finished Timing Optimization : Time (s): cpu = 00:01:05 ; elapsed = 00:01:06 . Memory (MB): peak = 2532.172 ; gain = 778.711 ; free physical = 1721 ; free virtual = 3459
---------------------------------------------------------------------------------
---------------------------------------------------------------------------------
Start ROM, RAM, DSP, Shift Register and Retiming Reporting
---------------------------------------------------------------------------------

Block RAM: Final Mapping Report
+----------------------------------------------------------------------------------------------------------------------------------------+----------------------------------+------------------------+---+---+------------------------+---+---+------------------+--------+--------+
|Module Name                                                                                                                             | RTL Object                       | PORT A (Depth x Width) | W | R | PORT B (Depth x Width) | W | R | Ports driving FF | RAMB18 | RAMB36 | 
+----------------------------------------------------------------------------------------------------------------------------------------+----------------------------------+------------------------+---+---+------------------------+---+---+------------------+--------+--------+
|inst/I2S_RX_V1_0_SYS_INST/\AXIS_FIFO_INST/xpm_fifo_async_inst /\gnuram_async_fifo.xpm_fifo_base_inst /\gen_sdpram.xpm_memory_base_inst  | gen_wr_a.gen_word_narrow.mem_reg | 128 x 35(NO_CHANGE)    | W |   | 128 x 35(NO_CHANGE)    |   | R | Port A and B     | 1      | 0      | 
+----------------------------------------------------------------------------------------------------------------------------------------+----------------------------------+------------------------+---+---+------------------------+---+---+------------------+--------+--------+

---------------------------------------------------------------------------------
Finished ROM, RAM, DSP, Shift Register and Retiming Reporting
---------------------------------------------------------------------------------
---------------------------------------------------------------------------------
Start Technology Mapping
---------------------------------------------------------------------------------
---------------------------------------------------------------------------------
Finished Technology Mapping : Time (s): cpu = 00:01:07 ; elapsed = 00:01:07 . Memory (MB): peak = 2561.227 ; gain = 807.766 ; free physical = 1691 ; free virtual = 3429
---------------------------------------------------------------------------------
---------------------------------------------------------------------------------
Start IO Insertion
---------------------------------------------------------------------------------
---------------------------------------------------------------------------------
Start Flattening Before IO Insertion
---------------------------------------------------------------------------------
---------------------------------------------------------------------------------
Finished Flattening Before IO Insertion
---------------------------------------------------------------------------------
---------------------------------------------------------------------------------
Start Final Netlist Cleanup
---------------------------------------------------------------------------------
---------------------------------------------------------------------------------
Finished Final Netlist Cleanup
---------------------------------------------------------------------------------
---------------------------------------------------------------------------------
Finished IO Insertion : Time (s): cpu = 00:01:16 ; elapsed = 00:01:17 . Memory (MB): peak = 2727.039 ; gain = 973.578 ; free physical = 1409 ; free virtual = 3148
---------------------------------------------------------------------------------
---------------------------------------------------------------------------------
Start Renaming Generated Instances
---------------------------------------------------------------------------------
---------------------------------------------------------------------------------
Finished Renaming Generated Instances : Time (s): cpu = 00:01:16 ; elapsed = 00:01:17 . Memory (MB): peak = 2727.039 ; gain = 973.578 ; free physical = 1409 ; free virtual = 3148
---------------------------------------------------------------------------------
---------------------------------------------------------------------------------
Start Rebuilding User Hierarchy
---------------------------------------------------------------------------------
---------------------------------------------------------------------------------
Finished Rebuilding User Hierarchy : Time (s): cpu = 00:01:17 ; elapsed = 00:01:17 . Memory (MB): peak = 2727.039 ; gain = 973.578 ; free physical = 1393 ; free virtual = 3132
---------------------------------------------------------------------------------
---------------------------------------------------------------------------------
Start Renaming Generated Ports
---------------------------------------------------------------------------------
---------------------------------------------------------------------------------
Finished Renaming Generated Ports : Time (s): cpu = 00:01:17 ; elapsed = 00:01:18 . Memory (MB): peak = 2727.039 ; gain = 973.578 ; free physical = 1393 ; free virtual = 3132
---------------------------------------------------------------------------------
---------------------------------------------------------------------------------
Start Handling Custom Attributes
---------------------------------------------------------------------------------
---------------------------------------------------------------------------------
Finished Handling Custom Attributes : Time (s): cpu = 00:01:17 ; elapsed = 00:01:18 . Memory (MB): peak = 2730.008 ; gain = 976.547 ; free physical = 1390 ; free virtual = 3129
---------------------------------------------------------------------------------
---------------------------------------------------------------------------------
Start Renaming Generated Nets
---------------------------------------------------------------------------------
---------------------------------------------------------------------------------
Finished Renaming Generated Nets : Time (s): cpu = 00:01:17 ; elapsed = 00:01:18 . Memory (MB): peak = 2730.008 ; gain = 976.547 ; free physical = 1389 ; free virtual = 3128
---------------------------------------------------------------------------------
---------------------------------------------------------------------------------
Start Writing Synthesis Report
---------------------------------------------------------------------------------

Report BlackBoxes: 
+-+--------------+----------+
| |BlackBox name |Instances |
+-+--------------+----------+
+-+--------------+----------+

Report Cell Usage: 
+------+---------+------+
|      |Cell     |Count |
+------+---------+------+
|1     |CARRY4   |    24|
|2     |LUT1     |    10|
|3     |LUT2     |   106|
|4     |LUT3     |   101|
|5     |LUT4     |    66|
|6     |LUT5     |   226|
|7     |LUT6     |   198|
|8     |MUXF7    |    26|
|9     |MUXF8    |    13|
|10    |RAMB18E1 |     1|
|11    |FDRE     |  1837|
|12    |FDSE     |    23|
+------+---------+------+
---------------------------------------------------------------------------------
Finished Writing Synthesis Report : Time (s): cpu = 00:01:17 ; elapsed = 00:01:18 . Memory (MB): peak = 2730.008 ; gain = 976.547 ; free physical = 1388 ; free virtual = 3127
---------------------------------------------------------------------------------
Synthesis finished with 0 errors, 0 critical warnings and 0 warnings.
Synthesis Optimization Runtime : Time (s): cpu = 00:01:11 ; elapsed = 00:01:13 . Memory (MB): peak = 2730.008 ; gain = 870.742 ; free physical = 1383 ; free virtual = 3122
Synthesis Optimization Complete : Time (s): cpu = 00:01:17 ; elapsed = 00:01:18 . Memory (MB): peak = 2730.016 ; gain = 976.547 ; free physical = 1383 ; free virtual = 3122
INFO: [Project 1-571] Translating synthesized netlist
Netlist sorting complete. Time (s): cpu = 00:00:00.06 ; elapsed = 00:00:00.05 . Memory (MB): peak = 2730.016 ; gain = 0.000 ; free physical = 1541 ; free virtual = 3280
INFO: [Netlist 29-17] Analyzing 64 Unisim elements for replacement
INFO: [Netlist 29-28] Unisim Transformation completed in 0 CPU seconds
INFO: [Project 1-570] Preparing netlist for logic optimization
INFO: [Opt 31-138] Pushed 0 inverter(s) to 0 load pin(s).
Netlist sorting complete. Time (s): cpu = 00:00:00 ; elapsed = 00:00:00 . Memory (MB): peak = 2786.035 ; gain = 0.000 ; free physical = 1473 ; free virtual = 3212
INFO: [Project 1-111] Unisim Transformation Summary:
No Unisim elements were transformed.

Synth Design complete | Checksum: adab194f
INFO: [Common 17-83] Releasing license: Synthesis
206 Infos, 7 Warnings, 0 Critical Warnings and 0 Errors encountered.
synth_design completed successfully
synth_design: Time (s): cpu = 00:01:35 ; elapsed = 00:01:29 . Memory (MB): peak = 2786.070 ; gain = 1200.023 ; free physical = 1460 ; free virtual = 3199
INFO: [Common 17-2834] synth_design peak Physical Memory [PSS] (MB): overall = 1907.979; main = 1794.886; forked = 282.905
INFO: [Common 17-2834] synth_design peak Virtual Memory [VSS] (MB): overall = 3590.203; main = 2786.039; forked = 993.973
Write ShapeDB Complete: Time (s): cpu = 00:00:00.02 ; elapsed = 00:00:00.01 . Memory (MB): peak = 2810.047 ; gain = 0.000 ; free physical = 1455 ; free virtual = 3194
INFO: [Common 17-1381] The checkpoint '/home/alen/git/AMD-FPGA-Practice/zybo-z7-audio/hw/audio-pipe-hw-v0/audio_pipe_hw.runs/audio_pipe_hw_i2s_receiver_0_0_synth_1/audio_pipe_hw_i2s_receiver_0_0.dcp' has been generated.
INFO: [Coretcl 2-1648] Added synthesis output to IP cache for IP audio_pipe_hw_i2s_receiver_0_0, cache-ID = 15a43e7be534a0d5
INFO: [Coretcl 2-1174] Renamed 45 cell refs.
Write ShapeDB Complete: Time (s): cpu = 00:00:00.02 ; elapsed = 00:00:00.01 . Memory (MB): peak = 2810.047 ; gain = 0.000 ; free physical = 1613 ; free virtual = 3356
INFO: [Common 17-1381] The checkpoint '/home/alen/git/AMD-FPGA-Practice/zybo-z7-audio/hw/audio-pipe-hw-v0/audio_pipe_hw.runs/audio_pipe_hw_i2s_receiver_0_0_synth_1/audio_pipe_hw_i2s_receiver_0_0.dcp' has been generated.
INFO: [Vivado 12-24828] Executing command : report_utilization -file audio_pipe_hw_i2s_receiver_0_0_utilization_synth.rpt -pb audio_pipe_hw_i2s_receiver_0_0_utilization_synth.pb
INFO: [Common 17-206] Exiting Vivado at Thu Jul  2 18:54:16 2026...
