
*** Running vivado
    with args -log audio_pipe_hw_wrapper.vds -m64 -product Vivado -mode batch -messageDb vivado.pb -notrace -source audio_pipe_hw_wrapper.tcl


****** Vivado v2025.2 (64-bit)
  **** SW Build 6299465 on Fri Nov 14 12:34:56 MST 2025
  **** IP Build 6300035 on Fri Nov 14 10:48:45 MST 2025
  **** SharedData Build 6298862 on Thu Nov 13 04:50:51 MST 2025
  **** Start of session at: Mon Jul  6 17:00:35 2026
    ** Copyright 1986-2022 Xilinx, Inc. All Rights Reserved.
    ** Copyright 2022-2025 Advanced Micro Devices, Inc. All Rights Reserved.

source audio_pipe_hw_wrapper.tcl -notrace
create_project: Time (s): cpu = 00:00:34 ; elapsed = 00:00:06 . Memory (MB): peak = 1581.617 ; gain = 111.055 ; free physical = 536 ; free virtual = 1826
INFO: [IP_Flow 19-234] Refreshing IP repositories
INFO: [IP_Flow 19-1704] No user IP repositories specified
INFO: [IP_Flow 19-2313] Loaded Vivado IP repository '/home/alen/AMD-Xilinx/2025.2/data/ip'.
Command: read_checkpoint -auto_incremental -incremental /home/alen/git/AMD-FPGA-Practice/zybo-z7-audio/hw/audio-pipe-hw-v0/audio_pipe_hw.srcs/utils_1/imports/synth_1/audio_pipe_hw_wrapper.dcp
INFO: [Vivado 12-5825] Read reference checkpoint from /home/alen/git/AMD-FPGA-Practice/zybo-z7-audio/hw/audio-pipe-hw-v0/audio_pipe_hw.srcs/utils_1/imports/synth_1/audio_pipe_hw_wrapper.dcp for incremental synthesis
INFO: [Vivado 12-7989] Please ensure there are no constraint changes
Command: synth_design -top audio_pipe_hw_wrapper -part xc7z010clg400-1
Starting synth_design
Attempting to get a license for feature 'Synthesis' and/or device 'xc7z010'
INFO: [Common 17-349] Got license for feature 'Synthesis' and/or device 'xc7z010'
INFO: [Device 21-403] Loading part xc7z010clg400-1
INFO: [Designutils 20-5440] No compile time benefit to using incremental synthesis; A full resynthesis will be run
INFO: [Designutils 20-4379] Flow is switching to default flow due to incremental criteria not met. If you would like to alter this behaviour and have the flow terminate instead, please set the following parameter config_implementation {autoIncr.Synth.RejectBehavior Terminate}
INFO: [Synth 8-7079] Multithreading enabled for synth_design using a maximum of 7 processes.
INFO: [Synth 8-7078] Launching helper process for spawning children vivado processes
INFO: [Synth 8-7075] Helper process launched with PID 329906
---------------------------------------------------------------------------------
Starting RTL Elaboration : Time (s): cpu = 00:00:11 ; elapsed = 00:00:11 . Memory (MB): peak = 2245.719 ; gain = 482.875 ; free physical = 154 ; free virtual = 996
---------------------------------------------------------------------------------
INFO: [Synth 8-638] synthesizing module 'audio_pipe_hw_wrapper' [/home/alen/git/AMD-FPGA-Practice/zybo-z7-audio/hw/audio-pipe-hw-v0/audio_pipe_hw.gen/sources_1/bd/audio_pipe_hw/hdl/audio_pipe_hw_wrapper.vhd:41]
INFO: [Synth 8-3491] module 'audio_pipe_hw' declared at '/home/alen/git/AMD-FPGA-Practice/zybo-z7-audio/hw/audio-pipe-hw-v0/audio_pipe_hw.gen/sources_1/bd/audio_pipe_hw/synth/audio_pipe_hw.vhd:15' bound to instance 'audio_pipe_hw_i' of component 'audio_pipe_hw' [/home/alen/git/AMD-FPGA-Practice/zybo-z7-audio/hw/audio-pipe-hw-v0/audio_pipe_hw.gen/sources_1/bd/audio_pipe_hw/hdl/audio_pipe_hw_wrapper.vhd:68]
INFO: [Synth 8-638] synthesizing module 'audio_pipe_hw' [/home/alen/git/AMD-FPGA-Practice/zybo-z7-audio/hw/audio-pipe-hw-v0/audio_pipe_hw.gen/sources_1/bd/audio_pipe_hw/synth/audio_pipe_hw.vhd:45]
INFO: [Synth 8-3491] module 'audio_pipe_hw_processing_system7_0_1' declared at '/home/alen/git/AMD-FPGA-Practice/zybo-z7-audio/hw/audio-pipe-hw-v0/audio_pipe_hw.runs/synth_1/.Xil/Vivado-329553-hp-HP-Pavilion-Laptop-14-ec0xxx/realtime/audio_pipe_hw_processing_system7_0_1_stub.vhdl:6' bound to instance 'processing_system7_0' of component 'audio_pipe_hw_processing_system7_0_1' [/home/alen/git/AMD-FPGA-Practice/zybo-z7-audio/hw/audio-pipe-hw-v0/audio_pipe_hw.gen/sources_1/bd/audio_pipe_hw/synth/audio_pipe_hw.vhd:175]
INFO: [Synth 8-638] synthesizing module 'audio_pipe_hw_processing_system7_0_1' [/home/alen/git/AMD-FPGA-Practice/zybo-z7-audio/hw/audio-pipe-hw-v0/audio_pipe_hw.runs/synth_1/.Xil/Vivado-329553-hp-HP-Pavilion-Laptop-14-ec0xxx/realtime/audio_pipe_hw_processing_system7_0_1_stub.vhdl:83]
INFO: [Synth 8-256] done synthesizing module 'audio_pipe_hw' (0#1) [/home/alen/git/AMD-FPGA-Practice/zybo-z7-audio/hw/audio-pipe-hw-v0/audio_pipe_hw.gen/sources_1/bd/audio_pipe_hw/synth/audio_pipe_hw.vhd:45]
INFO: [Synth 8-256] done synthesizing module 'audio_pipe_hw_wrapper' (0#1) [/home/alen/git/AMD-FPGA-Practice/zybo-z7-audio/hw/audio-pipe-hw-v0/audio_pipe_hw.gen/sources_1/bd/audio_pipe_hw/hdl/audio_pipe_hw_wrapper.vhd:41]
---------------------------------------------------------------------------------
Finished RTL Elaboration : Time (s): cpu = 00:00:16 ; elapsed = 00:00:16 . Memory (MB): peak = 2331.688 ; gain = 568.844 ; free physical = 121 ; free virtual = 891
---------------------------------------------------------------------------------
---------------------------------------------------------------------------------
Start Handling Custom Attributes
---------------------------------------------------------------------------------
---------------------------------------------------------------------------------
Finished Handling Custom Attributes : Time (s): cpu = 00:00:16 ; elapsed = 00:00:16 . Memory (MB): peak = 2337.625 ; gain = 574.781 ; free physical = 121 ; free virtual = 891
---------------------------------------------------------------------------------
---------------------------------------------------------------------------------
Finished RTL Optimization Phase 1 : Time (s): cpu = 00:00:16 ; elapsed = 00:00:16 . Memory (MB): peak = 2337.625 ; gain = 574.781 ; free physical = 121 ; free virtual = 891
---------------------------------------------------------------------------------
Netlist sorting complete. Time (s): cpu = 00:00:00.01 ; elapsed = 00:00:00 . Memory (MB): peak = 2337.625 ; gain = 0.000 ; free physical = 129 ; free virtual = 892
INFO: [Project 1-570] Preparing netlist for logic optimization

Processing XDC Constraints
Initializing timing engine
Parsing XDC File [/home/alen/git/AMD-FPGA-Practice/zybo-z7-audio/hw/audio-pipe-hw-v0/audio_pipe_hw.gen/sources_1/bd/audio_pipe_hw/ip/audio_pipe_hw_processing_system7_0_1/audio_pipe_hw_processing_system7_0_1/audio_pipe_hw_processing_system7_0_1_in_context.xdc] for cell 'audio_pipe_hw_i/processing_system7_0'
Finished Parsing XDC File [/home/alen/git/AMD-FPGA-Practice/zybo-z7-audio/hw/audio-pipe-hw-v0/audio_pipe_hw.gen/sources_1/bd/audio_pipe_hw/ip/audio_pipe_hw_processing_system7_0_1/audio_pipe_hw_processing_system7_0_1/audio_pipe_hw_processing_system7_0_1_in_context.xdc] for cell 'audio_pipe_hw_i/processing_system7_0'
Parsing XDC File [/home/alen/git/AMD-FPGA-Practice/zybo-z7-audio/XDC/pinmap.xdc]
WARNING: [Vivado 12-584] No ports matched 'sclk_out_0'. [/home/alen/git/AMD-FPGA-Practice/zybo-z7-audio/XDC/pinmap.xdc:2]
WARNING: [Vivado 12-584] No ports matched 'sclk_out_0'. [/home/alen/git/AMD-FPGA-Practice/zybo-z7-audio/XDC/pinmap.xdc:3]
WARNING: [Vivado 12-584] No ports matched 'lrclk_out_pb_0'. [/home/alen/git/AMD-FPGA-Practice/zybo-z7-audio/XDC/pinmap.xdc:6]
WARNING: [Vivado 12-584] No ports matched 'lrclk_out_pb_0'. [/home/alen/git/AMD-FPGA-Practice/zybo-z7-audio/XDC/pinmap.xdc:7]
WARNING: [Vivado 12-584] No ports matched 'lrclk_out_rec_0'. [/home/alen/git/AMD-FPGA-Practice/zybo-z7-audio/XDC/pinmap.xdc:10]
WARNING: [Vivado 12-584] No ports matched 'lrclk_out_rec_0'. [/home/alen/git/AMD-FPGA-Practice/zybo-z7-audio/XDC/pinmap.xdc:11]
WARNING: [Vivado 12-584] No ports matched 'sdata_0_out_0'. [/home/alen/git/AMD-FPGA-Practice/zybo-z7-audio/XDC/pinmap.xdc:14]
WARNING: [Vivado 12-584] No ports matched 'sdata_0_out_0'. [/home/alen/git/AMD-FPGA-Practice/zybo-z7-audio/XDC/pinmap.xdc:15]
WARNING: [Vivado 12-584] No ports matched 'sdata_0_in_0'. [/home/alen/git/AMD-FPGA-Practice/zybo-z7-audio/XDC/pinmap.xdc:18]
WARNING: [Vivado 12-584] No ports matched 'sdata_0_in_0'. [/home/alen/git/AMD-FPGA-Practice/zybo-z7-audio/XDC/pinmap.xdc:19]
WARNING: [Vivado 12-584] No ports matched 'MCLK_OUT'. [/home/alen/git/AMD-FPGA-Practice/zybo-z7-audio/XDC/pinmap.xdc:22]
WARNING: [Vivado 12-584] No ports matched 'MCLK_OUT'. [/home/alen/git/AMD-FPGA-Practice/zybo-z7-audio/XDC/pinmap.xdc:23]
Finished Parsing XDC File [/home/alen/git/AMD-FPGA-Practice/zybo-z7-audio/XDC/pinmap.xdc]
WARNING: [Project 1-498] One or more constraints failed evaluation while reading constraint file [/home/alen/git/AMD-FPGA-Practice/zybo-z7-audio/XDC/pinmap.xdc] and the design contains unresolved black boxes. These constraints will be read post-synthesis (as long as their source constraint file is marked as used_in_implementation) and should be applied correctly then. You should review the constraints listed in the file [.Xil/audio_pipe_hw_wrapper_propImpl.xdc] and check the run log file to verify that these constraints were correctly applied.
Parsing XDC File [/home/alen/git/AMD-FPGA-Practice/zybo-z7-audio/hw/audio-pipe-hw-v0/audio_pipe_hw.runs/synth_1/dont_touch.xdc]
Finished Parsing XDC File [/home/alen/git/AMD-FPGA-Practice/zybo-z7-audio/hw/audio-pipe-hw-v0/audio_pipe_hw.runs/synth_1/dont_touch.xdc]
Completed Processing XDC Constraints

Netlist sorting complete. Time (s): cpu = 00:00:00 ; elapsed = 00:00:00 . Memory (MB): peak = 2385.277 ; gain = 0.000 ; free physical = 129 ; free virtual = 883
INFO: [Project 1-111] Unisim Transformation Summary:
No Unisim elements were transformed.

Constraint Validation Runtime : Time (s): cpu = 00:00:00 ; elapsed = 00:00:00.01 . Memory (MB): peak = 2385.312 ; gain = 0.000 ; free physical = 125 ; free virtual = 882
INFO: [Designutils 20-5440] No compile time benefit to using incremental synthesis; A full resynthesis will be run
INFO: [Designutils 20-4379] Flow is switching to default flow due to incremental criteria not met. If you would like to alter this behaviour and have the flow terminate instead, please set the following parameter config_implementation {autoIncr.Synth.RejectBehavior Terminate}
---------------------------------------------------------------------------------
Finished Constraint Validation : Time (s): cpu = 00:00:33 ; elapsed = 00:00:34 . Memory (MB): peak = 2385.312 ; gain = 622.469 ; free physical = 129 ; free virtual = 877
---------------------------------------------------------------------------------
---------------------------------------------------------------------------------
Start Loading Part and Timing Information
---------------------------------------------------------------------------------
Loading part: xc7z010clg400-1
---------------------------------------------------------------------------------
Finished Loading Part and Timing Information : Time (s): cpu = 00:00:33 ; elapsed = 00:00:34 . Memory (MB): peak = 2393.281 ; gain = 630.438 ; free physical = 129 ; free virtual = 877
---------------------------------------------------------------------------------
---------------------------------------------------------------------------------
Start Applying 'set_property' XDC Constraints
---------------------------------------------------------------------------------
---------------------------------------------------------------------------------
Finished applying 'set_property' XDC Constraints : Time (s): cpu = 00:00:34 ; elapsed = 00:00:34 . Memory (MB): peak = 2393.281 ; gain = 630.438 ; free physical = 128 ; free virtual = 878
---------------------------------------------------------------------------------
---------------------------------------------------------------------------------
Finished RTL Optimization Phase 2 : Time (s): cpu = 00:00:34 ; elapsed = 00:00:35 . Memory (MB): peak = 2393.281 ; gain = 630.438 ; free physical = 126 ; free virtual = 877
---------------------------------------------------------------------------------
---------------------------------------------------------------------------------
Start RTL Component Statistics 
---------------------------------------------------------------------------------
Detailed RTL Component Info : 
---------------------------------------------------------------------------------
Finished RTL Component Statistics 
---------------------------------------------------------------------------------
---------------------------------------------------------------------------------
Start Part Resource Summary
---------------------------------------------------------------------------------
Part Resources:
DSPs: 80 (col length:40)
BRAMs: 120 (col length: RAMB18 40 RAMB36 20)
---------------------------------------------------------------------------------
Finished Part Resource Summary
---------------------------------------------------------------------------------
---------------------------------------------------------------------------------
Start Cross Boundary and Area Optimization
---------------------------------------------------------------------------------
---------------------------------------------------------------------------------
Finished Cross Boundary and Area Optimization : Time (s): cpu = 00:00:38 ; elapsed = 00:00:39 . Memory (MB): peak = 2393.281 ; gain = 630.438 ; free physical = 118 ; free virtual = 879
---------------------------------------------------------------------------------
---------------------------------------------------------------------------------
Start Applying XDC Timing Constraints
---------------------------------------------------------------------------------
---------------------------------------------------------------------------------
Finished Applying XDC Timing Constraints : Time (s): cpu = 00:00:52 ; elapsed = 00:00:53 . Memory (MB): peak = 2501.281 ; gain = 738.438 ; free physical = 128 ; free virtual = 773
---------------------------------------------------------------------------------
---------------------------------------------------------------------------------
Start Timing Optimization
---------------------------------------------------------------------------------
---------------------------------------------------------------------------------
Finished Timing Optimization : Time (s): cpu = 00:00:52 ; elapsed = 00:00:53 . Memory (MB): peak = 2501.281 ; gain = 738.438 ; free physical = 128 ; free virtual = 772
---------------------------------------------------------------------------------
---------------------------------------------------------------------------------
Start Technology Mapping
---------------------------------------------------------------------------------
---------------------------------------------------------------------------------
Finished Technology Mapping : Time (s): cpu = 00:00:52 ; elapsed = 00:00:53 . Memory (MB): peak = 2511.297 ; gain = 748.453 ; free physical = 119 ; free virtual = 764
---------------------------------------------------------------------------------
---------------------------------------------------------------------------------
Start IO Insertion
---------------------------------------------------------------------------------
---------------------------------------------------------------------------------
Start Flattening Before IO Insertion
---------------------------------------------------------------------------------
---------------------------------------------------------------------------------
Finished Flattening Before IO Insertion
---------------------------------------------------------------------------------
---------------------------------------------------------------------------------
Start Final Netlist Cleanup
---------------------------------------------------------------------------------
---------------------------------------------------------------------------------
Finished Final Netlist Cleanup
---------------------------------------------------------------------------------
---------------------------------------------------------------------------------
Finished IO Insertion : Time (s): cpu = 00:01:01 ; elapsed = 00:01:02 . Memory (MB): peak = 2698.109 ; gain = 935.266 ; free physical = 123 ; free virtual = 598
---------------------------------------------------------------------------------
---------------------------------------------------------------------------------
Start Renaming Generated Instances
---------------------------------------------------------------------------------
---------------------------------------------------------------------------------
Finished Renaming Generated Instances : Time (s): cpu = 00:01:01 ; elapsed = 00:01:02 . Memory (MB): peak = 2698.109 ; gain = 935.266 ; free physical = 123 ; free virtual = 598
---------------------------------------------------------------------------------
---------------------------------------------------------------------------------
Start Rebuilding User Hierarchy
---------------------------------------------------------------------------------
---------------------------------------------------------------------------------
Finished Rebuilding User Hierarchy : Time (s): cpu = 00:01:01 ; elapsed = 00:01:02 . Memory (MB): peak = 2698.109 ; gain = 935.266 ; free physical = 123 ; free virtual = 598
---------------------------------------------------------------------------------
---------------------------------------------------------------------------------
Start Renaming Generated Ports
---------------------------------------------------------------------------------
---------------------------------------------------------------------------------
Finished Renaming Generated Ports : Time (s): cpu = 00:01:01 ; elapsed = 00:01:02 . Memory (MB): peak = 2698.109 ; gain = 935.266 ; free physical = 123 ; free virtual = 598
---------------------------------------------------------------------------------
---------------------------------------------------------------------------------
Start Handling Custom Attributes
---------------------------------------------------------------------------------
---------------------------------------------------------------------------------
Finished Handling Custom Attributes : Time (s): cpu = 00:01:01 ; elapsed = 00:01:02 . Memory (MB): peak = 2698.109 ; gain = 935.266 ; free physical = 123 ; free virtual = 598
---------------------------------------------------------------------------------
---------------------------------------------------------------------------------
Start Renaming Generated Nets
---------------------------------------------------------------------------------
---------------------------------------------------------------------------------
Finished Renaming Generated Nets : Time (s): cpu = 00:01:01 ; elapsed = 00:01:02 . Memory (MB): peak = 2698.109 ; gain = 935.266 ; free physical = 123 ; free virtual = 598
---------------------------------------------------------------------------------
---------------------------------------------------------------------------------
Start Writing Synthesis Report
---------------------------------------------------------------------------------

Report BlackBoxes: 
+------+-------------------------------------+----------+
|      |BlackBox name                        |Instances |
+------+-------------------------------------+----------+
|1     |audio_pipe_hw_processing_system7_0_1 |         1|
+------+-------------------------------------+----------+

Report Cell Usage: 
+------+------------------------------------------+------+
|      |Cell                                      |Count |
+------+------------------------------------------+------+
|1     |audio_pipe_hw_processing_system7_0_1_bbox |     1|
+------+------------------------------------------+------+
---------------------------------------------------------------------------------
Finished Writing Synthesis Report : Time (s): cpu = 00:01:01 ; elapsed = 00:01:02 . Memory (MB): peak = 2698.109 ; gain = 935.266 ; free physical = 122 ; free virtual = 598
---------------------------------------------------------------------------------
Synthesis finished with 0 errors, 0 critical warnings and 0 warnings.
Synthesis Optimization Runtime : Time (s): cpu = 00:00:57 ; elapsed = 00:00:58 . Memory (MB): peak = 2698.109 ; gain = 887.578 ; free physical = 122 ; free virtual = 598
Synthesis Optimization Complete : Time (s): cpu = 00:01:01 ; elapsed = 00:01:02 . Memory (MB): peak = 2698.117 ; gain = 935.266 ; free physical = 121 ; free virtual = 598
INFO: [Project 1-571] Translating synthesized netlist
Netlist sorting complete. Time (s): cpu = 00:00:00 ; elapsed = 00:00:00 . Memory (MB): peak = 2698.117 ; gain = 0.000 ; free physical = 117 ; free virtual = 599
INFO: [Project 1-570] Preparing netlist for logic optimization
INFO: [Opt 31-138] Pushed 0 inverter(s) to 0 load pin(s).
Netlist sorting complete. Time (s): cpu = 00:00:00 ; elapsed = 00:00:00 . Memory (MB): peak = 2698.117 ; gain = 0.000 ; free physical = 285 ; free virtual = 764
INFO: [Project 1-111] Unisim Transformation Summary:
No Unisim elements were transformed.

Synth Design complete | Checksum: 98c84b01
INFO: [Common 17-83] Releasing license: Synthesis
28 Infos, 13 Warnings, 0 Critical Warnings and 0 Errors encountered.
synth_design completed successfully
synth_design: Time (s): cpu = 00:01:29 ; elapsed = 00:01:24 . Memory (MB): peak = 2698.145 ; gain = 1116.527 ; free physical = 286 ; free virtual = 768
INFO: [Common 17-2834] synth_design peak Physical Memory [PSS] (MB): overall = 1855.015; main = 1632.144; forked = 320.345
INFO: [Common 17-2834] synth_design peak Virtual Memory [VSS] (MB): overall = 3647.273; main = 2698.113; forked = 993.973
INFO: [Common 17-1381] The checkpoint '/home/alen/git/AMD-FPGA-Practice/zybo-z7-audio/hw/audio-pipe-hw-v0/audio_pipe_hw.runs/synth_1/audio_pipe_hw_wrapper.dcp' has been generated.
INFO: [Vivado 12-24828] Executing command : report_utilization -file audio_pipe_hw_wrapper_utilization_synth.rpt -pb audio_pipe_hw_wrapper_utilization_synth.pb
INFO: [Common 17-206] Exiting Vivado at Mon Jul  6 17:02:13 2026...
